Built target ament_cmake_python_copy_dffw
running egg_info
writing dffw.egg-info/PKG-INFO
writing dependency_links to dffw.egg-info/dependency_links.txt
writing top-level names to dffw.egg-info/top_level.txt
reading manifest file 'dffw.egg-info/SOURCES.txt'
writing manifest file 'dffw.egg-info/SOURCES.txt'
Built target ament_cmake_python_build_dffw_egg
-- Install configuration: ""
-- Up-to-date: /workspace/ros2_ws/install/dffw/share/dffw/environment/pythonpath.sh
-- Up-to-date: /workspace/ros2_ws/install/dffw/share/dffw/environment/pythonpath.dsv
-- Up-to-date: /workspace/ros2_ws/install/dffw/local/lib/python3.10/dist-packages/dffw-0.0.0-py3.10.egg-info
-- Installing: /workspace/ros2_ws/install/dffw/local/lib/python3.10/dist-packages/dffw-0.0.0-py3.10.egg-info/dependency_links.txt
-- Installing: /workspace/ros2_ws/install/dffw/local/lib/python3.10/dist-packages/dffw-0.0.0-py3.10.egg-info/top_level.txt
-- Installing: /workspace/ros2_ws/install/dffw/local/lib/python3.10/dist-packages/dffw-0.0.0-py3.10.egg-info/SOURCES.txt
-- Installing: /workspace/ros2_ws/install/dffw/local/lib/python3.10/dist-packages/dffw-0.0.0-py3.10.egg-info/PKG-INFO
-- Up-to-date: /workspace/ros2_ws/install/dffw/local/lib/python3.10/dist-packages/dffw
-- Installing: /workspace/ros2_ws/install/dffw/local/lib/python3.10/dist-packages/dffw/ff.py
-- Up-to-date: /workspace/ros2_ws/install/dffw/local/lib/python3.10/dist-packages/dffw/__init__.py
-- Up-to-date: /workspace/ros2_ws/install/dffw/local/lib/python3.10/dist-packages/dffw/dataconvert.py
-- Up-to-date: /workspace/ros2_ws/install/dffw/local/lib/python3.10/dist-packages/dffw/common.py
Listing '/workspace/ros2_ws/install/dffw/local/lib/python3.10/dist-packages/dffw'...
Compiling '/workspace/ros2_ws/install/dffw/local/lib/python3.10/dist-packages/dffw/ff.py'...
-- Up-to-date: /workspace/ros2_ws/install/dffw/lib/dffw/service_node0.py
-- Up-to-date: /workspace/ros2_ws/install/dffw/lib/dffw/service_node1.py
-- Up-to-date: /workspace/ros2_ws/install/dffw/lib/dffw/master_node.py
-- Up-to-date: /workspace/ros2_ws/install/dffw/share/ament_index/resource_index/package_run_dependencies/dffw
-- Up-to-date: /workspace/ros2_ws/install/dffw/share/ament_index/resource_index/parent_prefix_path/dffw
-- Up-to-date: /workspace/ros2_ws/install/dffw/share/dffw/environment/ament_prefix_path.sh
-- Up-to-date: /workspace/ros2_ws/install/dffw/share/dffw/environment/ament_prefix_path.dsv
-- Up-to-date: /workspace/ros2_ws/install/dffw/share/dffw/environment/path.sh
-- Up-to-date: /workspace/ros2_ws/install/dffw/share/dffw/environment/path.dsv
-- Up-to-date: /workspace/ros2_ws/install/dffw/share/dffw/local_setup.bash
-- Up-to-date: /workspace/ros2_ws/install/dffw/share/dffw/local_setup.sh
-- Up-to-date: /workspace/ros2_ws/install/dffw/share/dffw/local_setup.zsh
-- Up-to-date: /workspace/ros2_ws/install/dffw/share/dffw/local_setup.dsv
-- Up-to-date: /workspace/ros2_ws/install/dffw/share/dffw/package.dsv
-- Up-to-date: /workspace/ros2_ws/install/dffw/share/ament_index/resource_index/packages/dffw
-- Up-to-date: /workspace/ros2_ws/install/dffw/share/dffw/cmake/dffwConfig.cmake
-- Up-to-date: /workspace/ros2_ws/install/dffw/share/dffw/cmake/dffwConfig-version.cmake
-- Up-to-date: /workspace/ros2_ws/install/dffw/share/dffw/package.xml
