[0.591s] DEBUG:colcon:Command line arguments: ['/usr/local/bin/colcon', 'build']
[0.591s] DEBUG:colcon:Parsed command line arguments: Namespace(log_base=None, log_level=None, verb_name='build', build_base='build', install_base='install', merge_install=False, symlink_install=False, test_result_base=None, continue_on_error=False, executor='parallel', parallel_workers=4, event_handlers=None, ignore_user_meta=False, metas=['./colcon.meta'], base_paths=['.'], packages_ignore=None, packages_ignore_regex=None, paths=None, packages_up_to=None, packages_up_to_regex=None, packages_above=None, packages_above_and_dependencies=None, packages_above_depth=None, packages_select_by_dep=None, packages_skip_by_dep=None, packages_skip_up_to=None, packages_select_build_failed=False, packages_skip_build_finished=False, packages_select_test_failures=False, packages_skip_test_passed=False, packages_select=None, packages_skip=None, packages_select_regex=None, packages_skip_regex=None, packages_start=None, packages_end=None, allow_overriding=[], cmake_args=None, cmake_target=None, cmake_target_skip_unavailable=False, cmake_clean_cache=False, cmake_clean_first=False, cmake_force_configure=False, ament_cmake_args=None, catkin_cmake_args=None, catkin_skip_building_tests=False, verb_parser=<colcon_defaults.argument_parser.defaults.DefaultArgumentsDecorator object at 0x7f37a5346980>, verb_extension=<colcon_core.verb.build.BuildVerb object at 0x7f37a5947c10>, main=<bound method BuildVerb.main of <colcon_core.verb.build.BuildVerb object at 0x7f37a5947c10>>)
[0.653s] Level 1:colcon.colcon_core.package_discovery:discover_packages(colcon_meta) check parameters
[0.653s] Level 1:colcon.colcon_core.package_discovery:discover_packages(recursive) check parameters
[0.653s] Level 1:colcon.colcon_core.package_discovery:discover_packages(ignore) check parameters
[0.653s] Level 1:colcon.colcon_core.package_discovery:discover_packages(path) check parameters
[0.653s] Level 1:colcon.colcon_core.package_discovery:discover_packages(colcon_meta) discover
[0.653s] Level 1:colcon.colcon_core.package_discovery:discover_packages(recursive) discover
[0.653s] INFO:colcon.colcon_core.package_discovery:Crawling recursively for packages in '/workspace/ros2_ws'
[0.654s] Level 1:colcon.colcon_core.package_identification:_identify(.) by extensions ['ignore', 'ignore_ament_install']
[0.654s] Level 1:colcon.colcon_core.package_identification:_identify(.) by extension 'ignore'
[0.654s] Level 1:colcon.colcon_core.package_identification:_identify(.) by extension 'ignore_ament_install'
[0.654s] Level 1:colcon.colcon_core.package_identification:_identify(.) by extensions ['colcon_pkg']
[0.654s] Level 1:colcon.colcon_core.package_identification:_identify(.) by extension 'colcon_pkg'
[0.654s] Level 1:colcon.colcon_core.package_identification:_identify(.) by extensions ['colcon_meta']
[0.654s] Level 1:colcon.colcon_core.package_identification:_identify(.) by extension 'colcon_meta'
[0.654s] Level 1:colcon.colcon_core.package_identification:_identify(.) by extensions ['ros']
[0.654s] Level 1:colcon.colcon_core.package_identification:_identify(.) by extension 'ros'
[0.672s] Level 1:colcon.colcon_core.package_identification:_identify(.) by extensions ['cmake', 'python']
[0.672s] Level 1:colcon.colcon_core.package_identification:_identify(.) by extension 'cmake'
[0.672s] Level 1:colcon.colcon_core.package_identification:_identify(.) by extension 'python'
[0.672s] Level 1:colcon.colcon_core.package_identification:_identify(.) by extensions ['python_setup_py']
[0.672s] Level 1:colcon.colcon_core.package_identification:_identify(.) by extension 'python_setup_py'
[0.672s] Level 1:colcon.colcon_core.package_identification:_identify(build) by extensions ['ignore', 'ignore_ament_install']
[0.672s] Level 1:colcon.colcon_core.package_identification:_identify(build) by extension 'ignore'
[0.672s] Level 1:colcon.colcon_core.package_identification:_identify(build) ignored
[0.673s] Level 1:colcon.colcon_core.package_identification:_identify(install) by extensions ['ignore', 'ignore_ament_install']
[0.673s] Level 1:colcon.colcon_core.package_identification:_identify(install) by extension 'ignore'
[0.673s] Level 1:colcon.colcon_core.package_identification:_identify(install) ignored
[0.673s] Level 1:colcon.colcon_core.package_identification:_identify(log) by extensions ['ignore', 'ignore_ament_install']
[0.673s] Level 1:colcon.colcon_core.package_identification:_identify(log) by extension 'ignore'
[0.673s] Level 1:colcon.colcon_core.package_identification:_identify(log) ignored
[0.673s] Level 1:colcon.colcon_core.package_identification:_identify(src) by extensions ['ignore', 'ignore_ament_install']
[0.673s] Level 1:colcon.colcon_core.package_identification:_identify(src) by extension 'ignore'
[0.673s] Level 1:colcon.colcon_core.package_identification:_identify(src) by extension 'ignore_ament_install'
[0.673s] Level 1:colcon.colcon_core.package_identification:_identify(src) by extensions ['colcon_pkg']
[0.673s] Level 1:colcon.colcon_core.package_identification:_identify(src) by extension 'colcon_pkg'
[0.673s] Level 1:colcon.colcon_core.package_identification:_identify(src) by extensions ['colcon_meta']
[0.673s] Level 1:colcon.colcon_core.package_identification:_identify(src) by extension 'colcon_meta'
[0.673s] Level 1:colcon.colcon_core.package_identification:_identify(src) by extensions ['ros']
[0.674s] Level 1:colcon.colcon_core.package_identification:_identify(src) by extension 'ros'
[0.674s] Level 1:colcon.colcon_core.package_identification:_identify(src) by extensions ['cmake', 'python']
[0.674s] Level 1:colcon.colcon_core.package_identification:_identify(src) by extension 'cmake'
[0.674s] Level 1:colcon.colcon_core.package_identification:_identify(src) by extension 'python'
[0.674s] Level 1:colcon.colcon_core.package_identification:_identify(src) by extensions ['python_setup_py']
[0.674s] Level 1:colcon.colcon_core.package_identification:_identify(src) by extension 'python_setup_py'
[0.674s] Level 1:colcon.colcon_core.package_identification:_identify(src/dffw) by extensions ['ignore', 'ignore_ament_install']
[0.674s] Level 1:colcon.colcon_core.package_identification:_identify(src/dffw) by extension 'ignore'
[0.674s] Level 1:colcon.colcon_core.package_identification:_identify(src/dffw) by extension 'ignore_ament_install'
[0.674s] Level 1:colcon.colcon_core.package_identification:_identify(src/dffw) by extensions ['colcon_pkg']
[0.674s] Level 1:colcon.colcon_core.package_identification:_identify(src/dffw) by extension 'colcon_pkg'
[0.674s] Level 1:colcon.colcon_core.package_identification:_identify(src/dffw) by extensions ['colcon_meta']
[0.674s] Level 1:colcon.colcon_core.package_identification:_identify(src/dffw) by extension 'colcon_meta'
[0.674s] Level 1:colcon.colcon_core.package_identification:_identify(src/dffw) by extensions ['ros']
[0.674s] Level 1:colcon.colcon_core.package_identification:_identify(src/dffw) by extension 'ros'
[0.677s] DEBUG:colcon.colcon_core.package_identification:Package 'src/dffw' with type 'ros.ament_cmake' and name 'dffw'
[0.677s] Level 1:colcon.colcon_core.package_identification:_identify(src/dffw_msgs) by extensions ['ignore', 'ignore_ament_install']
[0.677s] Level 1:colcon.colcon_core.package_identification:_identify(src/dffw_msgs) by extension 'ignore'
[0.678s] Level 1:colcon.colcon_core.package_identification:_identify(src/dffw_msgs) by extension 'ignore_ament_install'
[0.678s] Level 1:colcon.colcon_core.package_identification:_identify(src/dffw_msgs) by extensions ['colcon_pkg']
[0.678s] Level 1:colcon.colcon_core.package_identification:_identify(src/dffw_msgs) by extension 'colcon_pkg'
[0.678s] Level 1:colcon.colcon_core.package_identification:_identify(src/dffw_msgs) by extensions ['colcon_meta']
[0.678s] Level 1:colcon.colcon_core.package_identification:_identify(src/dffw_msgs) by extension 'colcon_meta'
[0.678s] Level 1:colcon.colcon_core.package_identification:_identify(src/dffw_msgs) by extensions ['ros']
[0.678s] Level 1:colcon.colcon_core.package_identification:_identify(src/dffw_msgs) by extension 'ros'
[0.678s] DEBUG:colcon.colcon_core.package_identification:Package 'src/dffw_msgs' with type 'ros.ament_cmake' and name 'dffw_msgs'
[0.678s] Level 1:colcon.colcon_core.package_discovery:discover_packages(recursive) using defaults
[0.679s] Level 1:colcon.colcon_core.package_discovery:discover_packages(ignore) discover
[0.679s] Level 1:colcon.colcon_core.package_discovery:discover_packages(ignore) using defaults
[0.679s] Level 1:colcon.colcon_core.package_discovery:discover_packages(path) discover
[0.679s] Level 1:colcon.colcon_core.package_discovery:discover_packages(path) using defaults
[0.725s] Level 1:colcon.colcon_core.package_discovery:discover_packages(prefix_path) check parameters
[0.725s] Level 1:colcon.colcon_core.package_discovery:discover_packages(prefix_path) discover
[0.732s] WARNING:colcon.colcon_ros.prefix_path.ament:The path '/workspace/ros2_ws/install/dffw_msgs' in the environment variable AMENT_PREFIX_PATH doesn't exist
[0.732s] WARNING:colcon.colcon_ros.prefix_path.ament:The path '/workspace/ros2_ws/install/dffw_data_sturcture' in the environment variable AMENT_PREFIX_PATH doesn't exist
[0.732s] WARNING:colcon.colcon_ros.prefix_path.ament:The path '/workspace/ros2_ws/install/dffw' in the environment variable AMENT_PREFIX_PATH doesn't exist
[0.732s] WARNING:colcon.colcon_ros.prefix_path.catkin:The path '/workspace/ros2_ws/install/dffw_msgs' in the environment variable CMAKE_PREFIX_PATH doesn't exist
[0.732s] WARNING:colcon.colcon_ros.prefix_path.catkin:The path '/workspace/ros2_ws/install/dffw_data_sturcture' in the environment variable CMAKE_PREFIX_PATH doesn't exist
[0.732s] WARNING:colcon.colcon_ros.prefix_path.catkin:The path '/workspace/ros2_ws/install/dffw' in the environment variable CMAKE_PREFIX_PATH doesn't exist
[0.738s] DEBUG:colcon.colcon_installed_package_information.package_discovery:Found 0 installed packages in /workspace/ros2_ws/install
[0.745s] DEBUG:colcon.colcon_installed_package_information.package_discovery:Found 270 installed packages in /opt/ros/humble
[0.762s] Level 1:colcon.colcon_core.package_discovery:discover_packages(prefix_path) using defaults
[0.836s] Level 5:colcon.colcon_core.verb:set package 'dffw_msgs' build argument 'cmake_args' from command line to 'None'
[0.836s] Level 5:colcon.colcon_core.verb:set package 'dffw_msgs' build argument 'cmake_target' from command line to 'None'
[0.837s] Level 5:colcon.colcon_core.verb:set package 'dffw_msgs' build argument 'cmake_target_skip_unavailable' from command line to 'False'
[0.837s] Level 5:colcon.colcon_core.verb:set package 'dffw_msgs' build argument 'cmake_clean_cache' from command line to 'False'
[0.837s] Level 5:colcon.colcon_core.verb:set package 'dffw_msgs' build argument 'cmake_clean_first' from command line to 'False'
[0.837s] Level 5:colcon.colcon_core.verb:set package 'dffw_msgs' build argument 'cmake_force_configure' from command line to 'False'
[0.837s] Level 5:colcon.colcon_core.verb:set package 'dffw_msgs' build argument 'ament_cmake_args' from command line to 'None'
[0.837s] Level 5:colcon.colcon_core.verb:set package 'dffw_msgs' build argument 'catkin_cmake_args' from command line to 'None'
[0.837s] Level 5:colcon.colcon_core.verb:set package 'dffw_msgs' build argument 'catkin_skip_building_tests' from command line to 'False'
[0.837s] DEBUG:colcon.colcon_core.verb:Building package 'dffw_msgs' with the following arguments: {'ament_cmake_args': None, 'build_base': '/workspace/ros2_ws/build/dffw_msgs', 'catkin_cmake_args': None, 'catkin_skip_building_tests': False, 'cmake_args': None, 'cmake_clean_cache': False, 'cmake_clean_first': False, 'cmake_force_configure': False, 'cmake_target': None, 'cmake_target_skip_unavailable': False, 'install_base': '/workspace/ros2_ws/install/dffw_msgs', 'merge_install': False, 'path': '/workspace/ros2_ws/src/dffw_msgs', 'symlink_install': False, 'test_result_base': None}
[0.850s] Level 5:colcon.colcon_core.verb:set package 'dffw' build argument 'cmake_args' from command line to 'None'
[0.850s] Level 5:colcon.colcon_core.verb:set package 'dffw' build argument 'cmake_target' from command line to 'None'
[0.850s] Level 5:colcon.colcon_core.verb:set package 'dffw' build argument 'cmake_target_skip_unavailable' from command line to 'False'
[0.850s] Level 5:colcon.colcon_core.verb:set package 'dffw' build argument 'cmake_clean_cache' from command line to 'False'
[0.850s] Level 5:colcon.colcon_core.verb:set package 'dffw' build argument 'cmake_clean_first' from command line to 'False'
[0.850s] Level 5:colcon.colcon_core.verb:set package 'dffw' build argument 'cmake_force_configure' from command line to 'False'
[0.850s] Level 5:colcon.colcon_core.verb:set package 'dffw' build argument 'ament_cmake_args' from command line to 'None'
[0.850s] Level 5:colcon.colcon_core.verb:set package 'dffw' build argument 'catkin_cmake_args' from command line to 'None'
[0.850s] Level 5:colcon.colcon_core.verb:set package 'dffw' build argument 'catkin_skip_building_tests' from command line to 'False'
[0.850s] DEBUG:colcon.colcon_core.verb:Building package 'dffw' with the following arguments: {'ament_cmake_args': None, 'build_base': '/workspace/ros2_ws/build/dffw', 'catkin_cmake_args': None, 'catkin_skip_building_tests': False, 'cmake_args': None, 'cmake_clean_cache': False, 'cmake_clean_first': False, 'cmake_force_configure': False, 'cmake_target': None, 'cmake_target_skip_unavailable': False, 'install_base': '/workspace/ros2_ws/install/dffw', 'merge_install': False, 'path': '/workspace/ros2_ws/src/dffw', 'symlink_install': False, 'test_result_base': None}
[0.853s] INFO:colcon.colcon_core.executor:Executing jobs using 'parallel' executor
[0.873s] DEBUG:colcon.colcon_parallel_executor.executor.parallel:run_until_complete
[0.873s] INFO:colcon.colcon_ros.task.ament_cmake.build:Building ROS package in '/workspace/ros2_ws/src/dffw_msgs' with build type 'ament_cmake'
[0.874s] INFO:colcon.colcon_cmake.task.cmake.build:Building CMake package in '/workspace/ros2_ws/src/dffw_msgs'
[0.885s] INFO:colcon.colcon_core.plugin_system:Skipping extension 'colcon_core.shell.bat': Not used on non-Windows systems
[0.885s] INFO:colcon.colcon_core.shell:Skip shell extension 'powershell' for command environment: Not usable outside of PowerShell
[0.885s] DEBUG:colcon.colcon_core.shell:Skip shell extension 'dsv' for command environment
[0.910s] DEBUG:colcon.colcon_core.event_handler.log_command:Invoking command in '/workspace/ros2_ws/build/dffw_msgs': CMAKE_PREFIX_PATH=${CMAKE_PREFIX_PATH}:/opt/ros/humble /usr/local/bin/cmake /workspace/ros2_ws/src/dffw_msgs -DCMAKE_INSTALL_PREFIX=/workspace/ros2_ws/install/dffw_msgs
[3.043s] DEBUG:colcon.colcon_core.event_handler.log_command:Invoked command in '/workspace/ros2_ws/build/dffw_msgs' returned '0': CMAKE_PREFIX_PATH=${CMAKE_PREFIX_PATH}:/opt/ros/humble /usr/local/bin/cmake /workspace/ros2_ws/src/dffw_msgs -DCMAKE_INSTALL_PREFIX=/workspace/ros2_ws/install/dffw_msgs
[3.043s] DEBUG:colcon.colcon_core.event_handler.log_command:Invoking command in '/workspace/ros2_ws/build/dffw_msgs': CMAKE_PREFIX_PATH=${CMAKE_PREFIX_PATH}:/opt/ros/humble /usr/local/bin/cmake --build /workspace/ros2_ws/build/dffw_msgs -- -j4 -l4
[7.010s] DEBUG:colcon.colcon_core.event_handler.log_command:Invoked command in '/workspace/ros2_ws/build/dffw_msgs' returned '0': CMAKE_PREFIX_PATH=${CMAKE_PREFIX_PATH}:/opt/ros/humble /usr/local/bin/cmake --build /workspace/ros2_ws/build/dffw_msgs -- -j4 -l4
[7.163s] DEBUG:colcon.colcon_core.event_handler.log_command:Invoking command in '/workspace/ros2_ws/build/dffw_msgs': CMAKE_PREFIX_PATH=${CMAKE_PREFIX_PATH}:/opt/ros/humble /usr/local/bin/cmake --install /workspace/ros2_ws/build/dffw_msgs
[7.283s] Level 1:colcon.colcon_core.environment:create_environment_scripts_only(dffw_msgs)
[7.284s] DEBUG:colcon.colcon_core.event_handler.log_command:Invoked command in '/workspace/ros2_ws/build/dffw_msgs' returned '0': CMAKE_PREFIX_PATH=${CMAKE_PREFIX_PATH}:/opt/ros/humble /usr/local/bin/cmake --install /workspace/ros2_ws/build/dffw_msgs
[7.298s] Level 1:colcon.colcon_core.environment:checking '/workspace/ros2_ws/install/dffw_msgs' for CMake module files
[7.299s] Level 1:colcon.colcon_core.environment:checking '/workspace/ros2_ws/install/dffw_msgs' for CMake config files
[7.299s] Level 1:colcon.colcon_core.shell:create_environment_hook('dffw_msgs', 'cmake_prefix_path')
[7.308s] INFO:colcon.colcon_core.shell:Creating environment hook '/workspace/ros2_ws/install/dffw_msgs/share/dffw_msgs/hook/cmake_prefix_path.ps1'
[7.308s] INFO:colcon.colcon_core.shell:Creating environment descriptor '/workspace/ros2_ws/install/dffw_msgs/share/dffw_msgs/hook/cmake_prefix_path.dsv'
[7.309s] INFO:colcon.colcon_core.shell:Creating environment hook '/workspace/ros2_ws/install/dffw_msgs/share/dffw_msgs/hook/cmake_prefix_path.sh'
[7.309s] Level 1:colcon.colcon_core.environment:checking '/workspace/ros2_ws/install/dffw_msgs/lib'
[7.310s] Level 1:colcon.colcon_core.shell:create_environment_hook('dffw_msgs', 'ld_library_path_lib')
[7.317s] INFO:colcon.colcon_core.shell:Creating environment hook '/workspace/ros2_ws/install/dffw_msgs/share/dffw_msgs/hook/ld_library_path_lib.ps1'
[7.318s] INFO:colcon.colcon_core.shell:Creating environment descriptor '/workspace/ros2_ws/install/dffw_msgs/share/dffw_msgs/hook/ld_library_path_lib.dsv'
[7.318s] INFO:colcon.colcon_core.shell:Creating environment hook '/workspace/ros2_ws/install/dffw_msgs/share/dffw_msgs/hook/ld_library_path_lib.sh'
[7.318s] Level 1:colcon.colcon_core.environment:checking '/workspace/ros2_ws/install/dffw_msgs/bin'
[7.319s] Level 1:colcon.colcon_core.environment:checking '/workspace/ros2_ws/install/dffw_msgs/lib/pkgconfig/dffw_msgs.pc'
[7.319s] Level 1:colcon.colcon_core.environment:checking '/workspace/ros2_ws/install/dffw_msgs/lib/python3.10/site-packages'
[7.319s] Level 1:colcon.colcon_core.environment:checking '/workspace/ros2_ws/install/dffw_msgs/bin'
[7.328s] INFO:colcon.colcon_core.shell:Creating package script '/workspace/ros2_ws/install/dffw_msgs/share/dffw_msgs/package.ps1'
[7.329s] INFO:colcon.colcon_core.shell:Creating package descriptor '/workspace/ros2_ws/install/dffw_msgs/share/dffw_msgs/package.dsv'
[7.330s] INFO:colcon.colcon_core.shell:Creating package script '/workspace/ros2_ws/install/dffw_msgs/share/dffw_msgs/package.sh'
[7.331s] INFO:colcon.colcon_core.shell:Creating package script '/workspace/ros2_ws/install/dffw_msgs/share/dffw_msgs/package.bash'
[7.332s] INFO:colcon.colcon_core.shell:Creating package script '/workspace/ros2_ws/install/dffw_msgs/share/dffw_msgs/package.zsh'
[7.332s] Level 1:colcon.colcon_core.environment:create_file_with_runtime_dependencies(/workspace/ros2_ws/install/dffw_msgs/share/colcon-core/packages/dffw_msgs)
[7.465s] Level 1:colcon.colcon_core.environment:create_environment_scripts_only(dffw_msgs)
[7.476s] Level 1:colcon.colcon_core.environment:checking '/workspace/ros2_ws/install/dffw_msgs' for CMake module files
[7.477s] Level 1:colcon.colcon_core.environment:checking '/workspace/ros2_ws/install/dffw_msgs' for CMake config files
[7.477s] Level 1:colcon.colcon_core.shell:create_environment_hook('dffw_msgs', 'cmake_prefix_path')
[7.486s] INFO:colcon.colcon_core.shell:Creating environment hook '/workspace/ros2_ws/install/dffw_msgs/share/dffw_msgs/hook/cmake_prefix_path.ps1'
[7.486s] INFO:colcon.colcon_core.shell:Creating environment descriptor '/workspace/ros2_ws/install/dffw_msgs/share/dffw_msgs/hook/cmake_prefix_path.dsv'
[7.486s] INFO:colcon.colcon_core.shell:Creating environment hook '/workspace/ros2_ws/install/dffw_msgs/share/dffw_msgs/hook/cmake_prefix_path.sh'
[7.487s] Level 1:colcon.colcon_core.environment:checking '/workspace/ros2_ws/install/dffw_msgs/lib'
[7.487s] Level 1:colcon.colcon_core.shell:create_environment_hook('dffw_msgs', 'ld_library_path_lib')
[7.495s] INFO:colcon.colcon_core.shell:Creating environment hook '/workspace/ros2_ws/install/dffw_msgs/share/dffw_msgs/hook/ld_library_path_lib.ps1'
[7.496s] INFO:colcon.colcon_core.shell:Creating environment descriptor '/workspace/ros2_ws/install/dffw_msgs/share/dffw_msgs/hook/ld_library_path_lib.dsv'
[7.497s] INFO:colcon.colcon_core.shell:Creating environment hook '/workspace/ros2_ws/install/dffw_msgs/share/dffw_msgs/hook/ld_library_path_lib.sh'
[7.497s] Level 1:colcon.colcon_core.environment:checking '/workspace/ros2_ws/install/dffw_msgs/bin'
[7.497s] Level 1:colcon.colcon_core.environment:checking '/workspace/ros2_ws/install/dffw_msgs/lib/pkgconfig/dffw_msgs.pc'
[7.497s] Level 1:colcon.colcon_core.environment:checking '/workspace/ros2_ws/install/dffw_msgs/lib/python3.10/site-packages'
[7.498s] Level 1:colcon.colcon_core.environment:checking '/workspace/ros2_ws/install/dffw_msgs/bin'
[7.507s] INFO:colcon.colcon_core.shell:Creating package script '/workspace/ros2_ws/install/dffw_msgs/share/dffw_msgs/package.ps1'
[7.507s] INFO:colcon.colcon_core.shell:Creating package descriptor '/workspace/ros2_ws/install/dffw_msgs/share/dffw_msgs/package.dsv'
[7.508s] INFO:colcon.colcon_core.shell:Creating package script '/workspace/ros2_ws/install/dffw_msgs/share/dffw_msgs/package.sh'
[7.508s] INFO:colcon.colcon_core.shell:Creating package script '/workspace/ros2_ws/install/dffw_msgs/share/dffw_msgs/package.bash'
[7.509s] INFO:colcon.colcon_core.shell:Creating package script '/workspace/ros2_ws/install/dffw_msgs/share/dffw_msgs/package.zsh'
[7.509s] Level 1:colcon.colcon_core.environment:create_file_with_runtime_dependencies(/workspace/ros2_ws/install/dffw_msgs/share/colcon-core/packages/dffw_msgs)
[7.510s] INFO:colcon.colcon_ros.task.ament_cmake.build:Building ROS package in '/workspace/ros2_ws/src/dffw' with build type 'ament_cmake'
[7.510s] INFO:colcon.colcon_cmake.task.cmake.build:Building CMake package in '/workspace/ros2_ws/src/dffw'
[7.518s] INFO:colcon.colcon_core.shell:Skip shell extension 'powershell' for command environment: Not usable outside of PowerShell
[7.518s] DEBUG:colcon.colcon_core.shell:Skip shell extension 'dsv' for command environment
[7.546s] DEBUG:colcon.colcon_core.event_handler.log_command:Invoking command in '/workspace/ros2_ws/build/dffw': CMAKE_PREFIX_PATH=${CMAKE_PREFIX_PATH}:/opt/ros/humble /usr/local/bin/cmake /workspace/ros2_ws/src/dffw -DCMAKE_INSTALL_PREFIX=/workspace/ros2_ws/install/dffw
[9.844s] DEBUG:colcon.colcon_core.event_handler.log_command:Invoked command in '/workspace/ros2_ws/build/dffw' returned '0': CMAKE_PREFIX_PATH=${CMAKE_PREFIX_PATH}:/opt/ros/humble /usr/local/bin/cmake /workspace/ros2_ws/src/dffw -DCMAKE_INSTALL_PREFIX=/workspace/ros2_ws/install/dffw
[9.845s] DEBUG:colcon.colcon_core.event_handler.log_command:Invoking command in '/workspace/ros2_ws/build/dffw': CMAKE_PREFIX_PATH=${CMAKE_PREFIX_PATH}:/opt/ros/humble /usr/local/bin/cmake --build /workspace/ros2_ws/build/dffw -- -j4 -l4
[10.225s] DEBUG:colcon.colcon_core.event_handler.log_command:Invoked command in '/workspace/ros2_ws/build/dffw' returned '0': CMAKE_PREFIX_PATH=${CMAKE_PREFIX_PATH}:/opt/ros/humble /usr/local/bin/cmake --build /workspace/ros2_ws/build/dffw -- -j4 -l4
[10.274s] DEBUG:colcon.colcon_core.event_handler.log_command:Invoking command in '/workspace/ros2_ws/build/dffw': CMAKE_PREFIX_PATH=${CMAKE_PREFIX_PATH}:/opt/ros/humble /usr/local/bin/cmake --install /workspace/ros2_ws/build/dffw
[10.365s] Level 1:colcon.colcon_core.environment:create_environment_scripts_only(dffw)
[10.376s] Level 1:colcon.colcon_core.environment:checking '/workspace/ros2_ws/install/dffw' for CMake module files
[10.376s] DEBUG:colcon.colcon_core.event_handler.log_command:Invoked command in '/workspace/ros2_ws/build/dffw' returned '0': CMAKE_PREFIX_PATH=${CMAKE_PREFIX_PATH}:/opt/ros/humble /usr/local/bin/cmake --install /workspace/ros2_ws/build/dffw
[10.377s] Level 1:colcon.colcon_core.environment:checking '/workspace/ros2_ws/install/dffw' for CMake config files
[10.377s] Level 1:colcon.colcon_core.shell:create_environment_hook('dffw', 'cmake_prefix_path')
[10.386s] INFO:colcon.colcon_core.shell:Creating environment hook '/workspace/ros2_ws/install/dffw/share/dffw/hook/cmake_prefix_path.ps1'
[10.387s] INFO:colcon.colcon_core.shell:Creating environment descriptor '/workspace/ros2_ws/install/dffw/share/dffw/hook/cmake_prefix_path.dsv'
[10.387s] INFO:colcon.colcon_core.shell:Creating environment hook '/workspace/ros2_ws/install/dffw/share/dffw/hook/cmake_prefix_path.sh'
[10.388s] Level 1:colcon.colcon_core.environment:checking '/workspace/ros2_ws/install/dffw/lib'
[10.388s] Level 1:colcon.colcon_core.environment:checking '/workspace/ros2_ws/install/dffw/bin'
[10.388s] Level 1:colcon.colcon_core.environment:checking '/workspace/ros2_ws/install/dffw/lib/pkgconfig/dffw.pc'
[10.388s] Level 1:colcon.colcon_core.environment:checking '/workspace/ros2_ws/install/dffw/lib/python3.10/site-packages'
[10.388s] Level 1:colcon.colcon_core.environment:checking '/workspace/ros2_ws/install/dffw/bin'
[10.397s] INFO:colcon.colcon_core.shell:Creating package script '/workspace/ros2_ws/install/dffw/share/dffw/package.ps1'
[10.397s] INFO:colcon.colcon_core.shell:Creating package descriptor '/workspace/ros2_ws/install/dffw/share/dffw/package.dsv'
[10.397s] INFO:colcon.colcon_core.shell:Creating package script '/workspace/ros2_ws/install/dffw/share/dffw/package.sh'
[10.398s] INFO:colcon.colcon_core.shell:Creating package script '/workspace/ros2_ws/install/dffw/share/dffw/package.bash'
[10.398s] INFO:colcon.colcon_core.shell:Creating package script '/workspace/ros2_ws/install/dffw/share/dffw/package.zsh'
[10.398s] Level 1:colcon.colcon_core.environment:create_file_with_runtime_dependencies(/workspace/ros2_ws/install/dffw/share/colcon-core/packages/dffw)
[10.458s] Level 1:colcon.colcon_core.environment:create_environment_scripts_only(dffw)
[10.468s] Level 1:colcon.colcon_core.environment:checking '/workspace/ros2_ws/install/dffw' for CMake module files
[10.469s] Level 1:colcon.colcon_core.environment:checking '/workspace/ros2_ws/install/dffw' for CMake config files
[10.470s] Level 1:colcon.colcon_core.shell:create_environment_hook('dffw', 'cmake_prefix_path')
[10.478s] INFO:colcon.colcon_core.shell:Creating environment hook '/workspace/ros2_ws/install/dffw/share/dffw/hook/cmake_prefix_path.ps1'
[10.478s] INFO:colcon.colcon_core.shell:Creating environment descriptor '/workspace/ros2_ws/install/dffw/share/dffw/hook/cmake_prefix_path.dsv'
[10.479s] INFO:colcon.colcon_core.shell:Creating environment hook '/workspace/ros2_ws/install/dffw/share/dffw/hook/cmake_prefix_path.sh'
[10.479s] Level 1:colcon.colcon_core.environment:checking '/workspace/ros2_ws/install/dffw/lib'
[10.479s] Level 1:colcon.colcon_core.environment:checking '/workspace/ros2_ws/install/dffw/bin'
[10.479s] Level 1:colcon.colcon_core.environment:checking '/workspace/ros2_ws/install/dffw/lib/pkgconfig/dffw.pc'
[10.480s] Level 1:colcon.colcon_core.environment:checking '/workspace/ros2_ws/install/dffw/lib/python3.10/site-packages'
[10.480s] Level 1:colcon.colcon_core.environment:checking '/workspace/ros2_ws/install/dffw/bin'
[10.488s] INFO:colcon.colcon_core.shell:Creating package script '/workspace/ros2_ws/install/dffw/share/dffw/package.ps1'
[10.489s] INFO:colcon.colcon_core.shell:Creating package descriptor '/workspace/ros2_ws/install/dffw/share/dffw/package.dsv'
[10.489s] INFO:colcon.colcon_core.shell:Creating package script '/workspace/ros2_ws/install/dffw/share/dffw/package.sh'
[10.489s] INFO:colcon.colcon_core.shell:Creating package script '/workspace/ros2_ws/install/dffw/share/dffw/package.bash'
[10.490s] INFO:colcon.colcon_core.shell:Creating package script '/workspace/ros2_ws/install/dffw/share/dffw/package.zsh'
[10.490s] Level 1:colcon.colcon_core.environment:create_file_with_runtime_dependencies(/workspace/ros2_ws/install/dffw/share/colcon-core/packages/dffw)
[10.491s] DEBUG:colcon.colcon_parallel_executor.executor.parallel:closing loop
[10.491s] DEBUG:colcon.colcon_parallel_executor.executor.parallel:loop closed
[10.491s] DEBUG:colcon.colcon_parallel_executor.executor.parallel:run_until_complete finished with '0'
[10.491s] DEBUG:colcon.colcon_core.event_reactor:joining thread
[10.503s] INFO:colcon.colcon_core.plugin_system:Skipping extension 'colcon_notification.desktop_notification.notify_send': Could not find 'notify-send'
[10.503s] INFO:colcon.colcon_core.plugin_system:Skipping extension 'colcon_notification.desktop_notification.terminal_notifier': Not used on non-Darwin systems
[10.503s] INFO:colcon.colcon_core.plugin_system:Skipping extension 'colcon_notification.desktop_notification.win32': Not used on non-Windows systems
[10.503s] INFO:colcon.colcon_notification.desktop_notification:Sending desktop notification using 'notify2'
[10.503s] DEBUG:colcon.colcon_notification.desktop_notification.notify2:Failed to initialize notify2: org.freedesktop.DBus.Error.NotSupported: Unable to autolaunch a dbus-daemon without a $DISPLAY for X11
[10.504s] DEBUG:colcon.colcon_core.event_reactor:joined thread
[10.512s] INFO:colcon.colcon_core.shell:Creating prefix script '/workspace/ros2_ws/install/local_setup.ps1'
[10.514s] INFO:colcon.colcon_core.shell:Creating prefix util module '/workspace/ros2_ws/install/_local_setup_util_ps1.py'
[10.515s] INFO:colcon.colcon_core.shell:Creating prefix chain script '/workspace/ros2_ws/install/setup.ps1'
[10.523s] INFO:colcon.colcon_core.shell:Creating prefix script '/workspace/ros2_ws/install/local_setup.sh'
[10.524s] INFO:colcon.colcon_core.shell:Creating prefix util module '/workspace/ros2_ws/install/_local_setup_util_sh.py'
[10.524s] INFO:colcon.colcon_core.shell:Creating prefix chain script '/workspace/ros2_ws/install/setup.sh'
[10.532s] INFO:colcon.colcon_core.shell:Creating prefix script '/workspace/ros2_ws/install/local_setup.bash'
[10.532s] INFO:colcon.colcon_core.shell:Creating prefix chain script '/workspace/ros2_ws/install/setup.bash'
[10.541s] INFO:colcon.colcon_core.shell:Creating prefix script '/workspace/ros2_ws/install/local_setup.zsh'
[10.541s] INFO:colcon.colcon_core.shell:Creating prefix chain script '/workspace/ros2_ws/install/setup.zsh'
