[0.599s] DEBUG:colcon:Command line arguments: ['/usr/local/bin/colcon', 'build']
[0.599s] DEBUG:colcon:Parsed command line arguments: Namespace(log_base=None, log_level=None, verb_name='build', build_base='build', install_base='install', merge_install=False, symlink_install=False, test_result_base=None, continue_on_error=False, executor='parallel', parallel_workers=4, event_handlers=None, ignore_user_meta=False, metas=['./colcon.meta'], base_paths=['.'], packages_ignore=None, packages_ignore_regex=None, paths=None, packages_up_to=None, packages_up_to_regex=None, packages_above=None, packages_above_and_dependencies=None, packages_above_depth=None, packages_select_by_dep=None, packages_skip_by_dep=None, packages_skip_up_to=None, packages_select_build_failed=False, packages_skip_build_finished=False, packages_select_test_failures=False, packages_skip_test_passed=False, packages_select=None, packages_skip=None, packages_select_regex=None, packages_skip_regex=None, packages_start=None, packages_end=None, allow_overriding=[], cmake_args=None, cmake_target=None, cmake_target_skip_unavailable=False, cmake_clean_cache=False, cmake_clean_first=False, cmake_force_configure=False, ament_cmake_args=None, catkin_cmake_args=None, catkin_skip_building_tests=False, verb_parser=<colcon_defaults.argument_parser.defaults.DefaultArgumentsDecorator object at 0x7f1b0e546a40>, verb_extension=<colcon_core.verb.build.BuildVerb object at 0x7f1b0e96e9b0>, main=<bound method BuildVerb.main of <colcon_core.verb.build.BuildVerb object at 0x7f1b0e96e9b0>>)
[0.657s] Level 1:colcon.colcon_core.package_discovery:discover_packages(colcon_meta) check parameters
[0.658s] Level 1:colcon.colcon_core.package_discovery:discover_packages(recursive) check parameters
[0.658s] Level 1:colcon.colcon_core.package_discovery:discover_packages(ignore) check parameters
[0.658s] Level 1:colcon.colcon_core.package_discovery:discover_packages(path) check parameters
[0.658s] Level 1:colcon.colcon_core.package_discovery:discover_packages(colcon_meta) discover
[0.658s] Level 1:colcon.colcon_core.package_discovery:discover_packages(recursive) discover
[0.658s] INFO:colcon.colcon_core.package_discovery:Crawling recursively for packages in '/workspace/ros2_ws'
[0.658s] Level 1:colcon.colcon_core.package_identification:_identify(.) by extensions ['ignore', 'ignore_ament_install']
[0.658s] Level 1:colcon.colcon_core.package_identification:_identify(.) by extension 'ignore'
[0.658s] Level 1:colcon.colcon_core.package_identification:_identify(.) by extension 'ignore_ament_install'
[0.658s] Level 1:colcon.colcon_core.package_identification:_identify(.) by extensions ['colcon_pkg']
[0.658s] Level 1:colcon.colcon_core.package_identification:_identify(.) by extension 'colcon_pkg'
[0.658s] Level 1:colcon.colcon_core.package_identification:_identify(.) by extensions ['colcon_meta']
[0.658s] Level 1:colcon.colcon_core.package_identification:_identify(.) by extension 'colcon_meta'
[0.658s] Level 1:colcon.colcon_core.package_identification:_identify(.) by extensions ['ros']
[0.658s] Level 1:colcon.colcon_core.package_identification:_identify(.) by extension 'ros'
[0.676s] Level 1:colcon.colcon_core.package_identification:_identify(.) by extensions ['cmake', 'python']
[0.676s] Level 1:colcon.colcon_core.package_identification:_identify(.) by extension 'cmake'
[0.676s] Level 1:colcon.colcon_core.package_identification:_identify(.) by extension 'python'
[0.676s] Level 1:colcon.colcon_core.package_identification:_identify(.) by extensions ['python_setup_py']
[0.676s] Level 1:colcon.colcon_core.package_identification:_identify(.) by extension 'python_setup_py'
[0.676s] Level 1:colcon.colcon_core.package_identification:_identify(build) by extensions ['ignore', 'ignore_ament_install']
[0.676s] Level 1:colcon.colcon_core.package_identification:_identify(build) by extension 'ignore'
[0.676s] Level 1:colcon.colcon_core.package_identification:_identify(build) ignored
[0.676s] Level 1:colcon.colcon_core.package_identification:_identify(install) by extensions ['ignore', 'ignore_ament_install']
[0.677s] Level 1:colcon.colcon_core.package_identification:_identify(install) by extension 'ignore'
[0.677s] Level 1:colcon.colcon_core.package_identification:_identify(install) ignored
[0.677s] Level 1:colcon.colcon_core.package_identification:_identify(log) by extensions ['ignore', 'ignore_ament_install']
[0.677s] Level 1:colcon.colcon_core.package_identification:_identify(log) by extension 'ignore'
[0.677s] Level 1:colcon.colcon_core.package_identification:_identify(log) ignored
[0.677s] Level 1:colcon.colcon_core.package_identification:_identify(src) by extensions ['ignore', 'ignore_ament_install']
[0.677s] Level 1:colcon.colcon_core.package_identification:_identify(src) by extension 'ignore'
[0.677s] Level 1:colcon.colcon_core.package_identification:_identify(src) by extension 'ignore_ament_install'
[0.677s] Level 1:colcon.colcon_core.package_identification:_identify(src) by extensions ['colcon_pkg']
[0.677s] Level 1:colcon.colcon_core.package_identification:_identify(src) by extension 'colcon_pkg'
[0.677s] Level 1:colcon.colcon_core.package_identification:_identify(src) by extensions ['colcon_meta']
[0.677s] Level 1:colcon.colcon_core.package_identification:_identify(src) by extension 'colcon_meta'
[0.677s] Level 1:colcon.colcon_core.package_identification:_identify(src) by extensions ['ros']
[0.677s] Level 1:colcon.colcon_core.package_identification:_identify(src) by extension 'ros'
[0.678s] Level 1:colcon.colcon_core.package_identification:_identify(src) by extensions ['cmake', 'python']
[0.678s] Level 1:colcon.colcon_core.package_identification:_identify(src) by extension 'cmake'
[0.678s] Level 1:colcon.colcon_core.package_identification:_identify(src) by extension 'python'
[0.678s] Level 1:colcon.colcon_core.package_identification:_identify(src) by extensions ['python_setup_py']
[0.678s] Level 1:colcon.colcon_core.package_identification:_identify(src) by extension 'python_setup_py'
[0.678s] Level 1:colcon.colcon_core.package_identification:_identify(src/dffw) by extensions ['ignore', 'ignore_ament_install']
[0.678s] Level 1:colcon.colcon_core.package_identification:_identify(src/dffw) by extension 'ignore'
[0.678s] Level 1:colcon.colcon_core.package_identification:_identify(src/dffw) by extension 'ignore_ament_install'
[0.678s] Level 1:colcon.colcon_core.package_identification:_identify(src/dffw) by extensions ['colcon_pkg']
[0.678s] Level 1:colcon.colcon_core.package_identification:_identify(src/dffw) by extension 'colcon_pkg'
[0.678s] Level 1:colcon.colcon_core.package_identification:_identify(src/dffw) by extensions ['colcon_meta']
[0.678s] Level 1:colcon.colcon_core.package_identification:_identify(src/dffw) by extension 'colcon_meta'
[0.678s] Level 1:colcon.colcon_core.package_identification:_identify(src/dffw) by extensions ['ros']
[0.678s] Level 1:colcon.colcon_core.package_identification:_identify(src/dffw) by extension 'ros'
[0.681s] DEBUG:colcon.colcon_core.package_identification:Package 'src/dffw' with type 'ros.ament_cmake' and name 'dffw'
[0.682s] Level 1:colcon.colcon_core.package_identification:_identify(src/dffw_msgs) by extensions ['ignore', 'ignore_ament_install']
[0.682s] Level 1:colcon.colcon_core.package_identification:_identify(src/dffw_msgs) by extension 'ignore'
[0.682s] Level 1:colcon.colcon_core.package_identification:_identify(src/dffw_msgs) by extension 'ignore_ament_install'
[0.682s] Level 1:colcon.colcon_core.package_identification:_identify(src/dffw_msgs) by extensions ['colcon_pkg']
[0.682s] Level 1:colcon.colcon_core.package_identification:_identify(src/dffw_msgs) by extension 'colcon_pkg'
[0.682s] Level 1:colcon.colcon_core.package_identification:_identify(src/dffw_msgs) by extensions ['colcon_meta']
[0.682s] Level 1:colcon.colcon_core.package_identification:_identify(src/dffw_msgs) by extension 'colcon_meta'
[0.682s] Level 1:colcon.colcon_core.package_identification:_identify(src/dffw_msgs) by extensions ['ros']
[0.682s] Level 1:colcon.colcon_core.package_identification:_identify(src/dffw_msgs) by extension 'ros'
[0.683s] DEBUG:colcon.colcon_core.package_identification:Package 'src/dffw_msgs' with type 'ros.ament_cmake' and name 'dffw_msgs'
[0.683s] Level 1:colcon.colcon_core.package_discovery:discover_packages(recursive) using defaults
[0.683s] Level 1:colcon.colcon_core.package_discovery:discover_packages(ignore) discover
[0.683s] Level 1:colcon.colcon_core.package_discovery:discover_packages(ignore) using defaults
[0.683s] Level 1:colcon.colcon_core.package_discovery:discover_packages(path) discover
[0.683s] Level 1:colcon.colcon_core.package_discovery:discover_packages(path) using defaults
[0.729s] Level 1:colcon.colcon_core.package_discovery:discover_packages(prefix_path) check parameters
[0.729s] Level 1:colcon.colcon_core.package_discovery:discover_packages(prefix_path) discover
[0.736s] WARNING:colcon.colcon_ros.prefix_path.ament:The path '/workspace/ros2_ws/install/dffw_data_sturcture' in the environment variable AMENT_PREFIX_PATH doesn't exist
[0.736s] WARNING:colcon.colcon_ros.prefix_path.catkin:The path '/workspace/ros2_ws/install/dffw_data_sturcture' in the environment variable CMAKE_PREFIX_PATH doesn't exist
[0.742s] DEBUG:colcon.colcon_installed_package_information.package_discovery:Found 2 installed packages in /workspace/ros2_ws/install
[0.749s] DEBUG:colcon.colcon_installed_package_information.package_discovery:Found 270 installed packages in /opt/ros/humble
[0.764s] Level 1:colcon.colcon_core.package_discovery:discover_packages(prefix_path) using defaults
[0.841s] Level 5:colcon.colcon_core.verb:set package 'dffw_msgs' build argument 'cmake_args' from command line to 'None'
[0.841s] Level 5:colcon.colcon_core.verb:set package 'dffw_msgs' build argument 'cmake_target' from command line to 'None'
[0.841s] Level 5:colcon.colcon_core.verb:set package 'dffw_msgs' build argument 'cmake_target_skip_unavailable' from command line to 'False'
[0.841s] Level 5:colcon.colcon_core.verb:set package 'dffw_msgs' build argument 'cmake_clean_cache' from command line to 'False'
[0.841s] Level 5:colcon.colcon_core.verb:set package 'dffw_msgs' build argument 'cmake_clean_first' from command line to 'False'
[0.841s] Level 5:colcon.colcon_core.verb:set package 'dffw_msgs' build argument 'cmake_force_configure' from command line to 'False'
[0.841s] Level 5:colcon.colcon_core.verb:set package 'dffw_msgs' build argument 'ament_cmake_args' from command line to 'None'
[0.841s] Level 5:colcon.colcon_core.verb:set package 'dffw_msgs' build argument 'catkin_cmake_args' from command line to 'None'
[0.841s] Level 5:colcon.colcon_core.verb:set package 'dffw_msgs' build argument 'catkin_skip_building_tests' from command line to 'False'
[0.841s] DEBUG:colcon.colcon_core.verb:Building package 'dffw_msgs' with the following arguments: {'ament_cmake_args': None, 'build_base': '/workspace/ros2_ws/build/dffw_msgs', 'catkin_cmake_args': None, 'catkin_skip_building_tests': False, 'cmake_args': None, 'cmake_clean_cache': False, 'cmake_clean_first': False, 'cmake_force_configure': False, 'cmake_target': None, 'cmake_target_skip_unavailable': False, 'install_base': '/workspace/ros2_ws/install/dffw_msgs', 'merge_install': False, 'path': '/workspace/ros2_ws/src/dffw_msgs', 'symlink_install': False, 'test_result_base': None}
[0.854s] Level 5:colcon.colcon_core.verb:set package 'dffw' build argument 'cmake_args' from command line to 'None'
[0.854s] Level 5:colcon.colcon_core.verb:set package 'dffw' build argument 'cmake_target' from command line to 'None'
[0.854s] Level 5:colcon.colcon_core.verb:set package 'dffw' build argument 'cmake_target_skip_unavailable' from command line to 'False'
[0.854s] Level 5:colcon.colcon_core.verb:set package 'dffw' build argument 'cmake_clean_cache' from command line to 'False'
[0.854s] Level 5:colcon.colcon_core.verb:set package 'dffw' build argument 'cmake_clean_first' from command line to 'False'
[0.854s] Level 5:colcon.colcon_core.verb:set package 'dffw' build argument 'cmake_force_configure' from command line to 'False'
[0.854s] Level 5:colcon.colcon_core.verb:set package 'dffw' build argument 'ament_cmake_args' from command line to 'None'
[0.854s] Level 5:colcon.colcon_core.verb:set package 'dffw' build argument 'catkin_cmake_args' from command line to 'None'
[0.854s] Level 5:colcon.colcon_core.verb:set package 'dffw' build argument 'catkin_skip_building_tests' from command line to 'False'
[0.854s] DEBUG:colcon.colcon_core.verb:Building package 'dffw' with the following arguments: {'ament_cmake_args': None, 'build_base': '/workspace/ros2_ws/build/dffw', 'catkin_cmake_args': None, 'catkin_skip_building_tests': False, 'cmake_args': None, 'cmake_clean_cache': False, 'cmake_clean_first': False, 'cmake_force_configure': False, 'cmake_target': None, 'cmake_target_skip_unavailable': False, 'install_base': '/workspace/ros2_ws/install/dffw', 'merge_install': False, 'path': '/workspace/ros2_ws/src/dffw', 'symlink_install': False, 'test_result_base': None}
[0.857s] INFO:colcon.colcon_core.executor:Executing jobs using 'parallel' executor
[0.877s] DEBUG:colcon.colcon_parallel_executor.executor.parallel:run_until_complete
[0.877s] INFO:colcon.colcon_ros.task.ament_cmake.build:Building ROS package in '/workspace/ros2_ws/src/dffw_msgs' with build type 'ament_cmake'
[0.878s] INFO:colcon.colcon_cmake.task.cmake.build:Building CMake package in '/workspace/ros2_ws/src/dffw_msgs'
[0.889s] INFO:colcon.colcon_core.plugin_system:Skipping extension 'colcon_core.shell.bat': Not used on non-Windows systems
[0.889s] INFO:colcon.colcon_core.shell:Skip shell extension 'powershell' for command environment: Not usable outside of PowerShell
[0.889s] DEBUG:colcon.colcon_core.shell:Skip shell extension 'dsv' for command environment
[0.915s] DEBUG:colcon.colcon_core.event_handler.log_command:Invoking command in '/workspace/ros2_ws/build/dffw_msgs': CMAKE_PREFIX_PATH=${CMAKE_PREFIX_PATH}:/opt/ros/humble /usr/local/bin/cmake --build /workspace/ros2_ws/build/dffw_msgs -- -j4 -l4
[1.353s] DEBUG:colcon.colcon_core.event_handler.log_command:Invoked command in '/workspace/ros2_ws/build/dffw_msgs' returned '0': CMAKE_PREFIX_PATH=${CMAKE_PREFIX_PATH}:/opt/ros/humble /usr/local/bin/cmake --build /workspace/ros2_ws/build/dffw_msgs -- -j4 -l4
[1.525s] DEBUG:colcon.colcon_core.event_handler.log_command:Invoking command in '/workspace/ros2_ws/build/dffw_msgs': CMAKE_PREFIX_PATH=${CMAKE_PREFIX_PATH}:/opt/ros/humble /usr/local/bin/cmake --install /workspace/ros2_ws/build/dffw_msgs
[1.615s] Level 1:colcon.colcon_core.environment:create_environment_scripts_only(dffw_msgs)
[1.617s] DEBUG:colcon.colcon_core.event_handler.log_command:Invoked command in '/workspace/ros2_ws/build/dffw_msgs' returned '0': CMAKE_PREFIX_PATH=${CMAKE_PREFIX_PATH}:/opt/ros/humble /usr/local/bin/cmake --install /workspace/ros2_ws/build/dffw_msgs
[1.628s] Level 1:colcon.colcon_core.environment:checking '/workspace/ros2_ws/install/dffw_msgs' for CMake module files
[1.629s] Level 1:colcon.colcon_core.environment:checking '/workspace/ros2_ws/install/dffw_msgs' for CMake config files
[1.630s] Level 1:colcon.colcon_core.shell:create_environment_hook('dffw_msgs', 'cmake_prefix_path')
[1.638s] INFO:colcon.colcon_core.shell:Creating environment hook '/workspace/ros2_ws/install/dffw_msgs/share/dffw_msgs/hook/cmake_prefix_path.ps1'
[1.639s] INFO:colcon.colcon_core.shell:Creating environment descriptor '/workspace/ros2_ws/install/dffw_msgs/share/dffw_msgs/hook/cmake_prefix_path.dsv'
[1.640s] INFO:colcon.colcon_core.shell:Creating environment hook '/workspace/ros2_ws/install/dffw_msgs/share/dffw_msgs/hook/cmake_prefix_path.sh'
[1.640s] Level 1:colcon.colcon_core.environment:checking '/workspace/ros2_ws/install/dffw_msgs/lib'
[1.641s] Level 1:colcon.colcon_core.shell:create_environment_hook('dffw_msgs', 'ld_library_path_lib')
[1.650s] INFO:colcon.colcon_core.shell:Creating environment hook '/workspace/ros2_ws/install/dffw_msgs/share/dffw_msgs/hook/ld_library_path_lib.ps1'
[1.650s] INFO:colcon.colcon_core.shell:Creating environment descriptor '/workspace/ros2_ws/install/dffw_msgs/share/dffw_msgs/hook/ld_library_path_lib.dsv'
[1.650s] INFO:colcon.colcon_core.shell:Creating environment hook '/workspace/ros2_ws/install/dffw_msgs/share/dffw_msgs/hook/ld_library_path_lib.sh'
[1.651s] Level 1:colcon.colcon_core.environment:checking '/workspace/ros2_ws/install/dffw_msgs/bin'
[1.651s] Level 1:colcon.colcon_core.environment:checking '/workspace/ros2_ws/install/dffw_msgs/lib/pkgconfig/dffw_msgs.pc'
[1.651s] Level 1:colcon.colcon_core.environment:checking '/workspace/ros2_ws/install/dffw_msgs/lib/python3.10/site-packages'
[1.651s] Level 1:colcon.colcon_core.environment:checking '/workspace/ros2_ws/install/dffw_msgs/bin'
[1.660s] INFO:colcon.colcon_core.shell:Creating package script '/workspace/ros2_ws/install/dffw_msgs/share/dffw_msgs/package.ps1'
[1.661s] INFO:colcon.colcon_core.shell:Creating package descriptor '/workspace/ros2_ws/install/dffw_msgs/share/dffw_msgs/package.dsv'
[1.661s] INFO:colcon.colcon_core.shell:Creating package script '/workspace/ros2_ws/install/dffw_msgs/share/dffw_msgs/package.sh'
[1.662s] INFO:colcon.colcon_core.shell:Creating package script '/workspace/ros2_ws/install/dffw_msgs/share/dffw_msgs/package.bash'
[1.663s] INFO:colcon.colcon_core.shell:Creating package script '/workspace/ros2_ws/install/dffw_msgs/share/dffw_msgs/package.zsh'
[1.664s] Level 1:colcon.colcon_core.environment:create_file_with_runtime_dependencies(/workspace/ros2_ws/install/dffw_msgs/share/colcon-core/packages/dffw_msgs)
[1.803s] Level 1:colcon.colcon_core.environment:create_environment_scripts_only(dffw_msgs)
[1.813s] Level 1:colcon.colcon_core.environment:checking '/workspace/ros2_ws/install/dffw_msgs' for CMake module files
[1.814s] Level 1:colcon.colcon_core.environment:checking '/workspace/ros2_ws/install/dffw_msgs' for CMake config files
[1.815s] Level 1:colcon.colcon_core.shell:create_environment_hook('dffw_msgs', 'cmake_prefix_path')
[1.824s] INFO:colcon.colcon_core.shell:Creating environment hook '/workspace/ros2_ws/install/dffw_msgs/share/dffw_msgs/hook/cmake_prefix_path.ps1'
[1.824s] INFO:colcon.colcon_core.shell:Creating environment descriptor '/workspace/ros2_ws/install/dffw_msgs/share/dffw_msgs/hook/cmake_prefix_path.dsv'
[1.825s] INFO:colcon.colcon_core.shell:Creating environment hook '/workspace/ros2_ws/install/dffw_msgs/share/dffw_msgs/hook/cmake_prefix_path.sh'
[1.826s] Level 1:colcon.colcon_core.environment:checking '/workspace/ros2_ws/install/dffw_msgs/lib'
[1.826s] Level 1:colcon.colcon_core.shell:create_environment_hook('dffw_msgs', 'ld_library_path_lib')
[1.834s] INFO:colcon.colcon_core.shell:Creating environment hook '/workspace/ros2_ws/install/dffw_msgs/share/dffw_msgs/hook/ld_library_path_lib.ps1'
[1.834s] INFO:colcon.colcon_core.shell:Creating environment descriptor '/workspace/ros2_ws/install/dffw_msgs/share/dffw_msgs/hook/ld_library_path_lib.dsv'
[1.835s] INFO:colcon.colcon_core.shell:Creating environment hook '/workspace/ros2_ws/install/dffw_msgs/share/dffw_msgs/hook/ld_library_path_lib.sh'
[1.835s] Level 1:colcon.colcon_core.environment:checking '/workspace/ros2_ws/install/dffw_msgs/bin'
[1.836s] Level 1:colcon.colcon_core.environment:checking '/workspace/ros2_ws/install/dffw_msgs/lib/pkgconfig/dffw_msgs.pc'
[1.836s] Level 1:colcon.colcon_core.environment:checking '/workspace/ros2_ws/install/dffw_msgs/lib/python3.10/site-packages'
[1.836s] Level 1:colcon.colcon_core.environment:checking '/workspace/ros2_ws/install/dffw_msgs/bin'
[1.845s] INFO:colcon.colcon_core.shell:Creating package script '/workspace/ros2_ws/install/dffw_msgs/share/dffw_msgs/package.ps1'
[1.846s] INFO:colcon.colcon_core.shell:Creating package descriptor '/workspace/ros2_ws/install/dffw_msgs/share/dffw_msgs/package.dsv'
[1.847s] INFO:colcon.colcon_core.shell:Creating package script '/workspace/ros2_ws/install/dffw_msgs/share/dffw_msgs/package.sh'
[1.848s] INFO:colcon.colcon_core.shell:Creating package script '/workspace/ros2_ws/install/dffw_msgs/share/dffw_msgs/package.bash'
[1.848s] INFO:colcon.colcon_core.shell:Creating package script '/workspace/ros2_ws/install/dffw_msgs/share/dffw_msgs/package.zsh'
[1.848s] Level 1:colcon.colcon_core.environment:create_file_with_runtime_dependencies(/workspace/ros2_ws/install/dffw_msgs/share/colcon-core/packages/dffw_msgs)
[1.849s] INFO:colcon.colcon_ros.task.ament_cmake.build:Building ROS package in '/workspace/ros2_ws/src/dffw' with build type 'ament_cmake'
[1.849s] INFO:colcon.colcon_cmake.task.cmake.build:Building CMake package in '/workspace/ros2_ws/src/dffw'
[1.858s] INFO:colcon.colcon_core.shell:Skip shell extension 'powershell' for command environment: Not usable outside of PowerShell
[1.858s] DEBUG:colcon.colcon_core.shell:Skip shell extension 'dsv' for command environment
[1.889s] DEBUG:colcon.colcon_core.event_handler.log_command:Invoking command in '/workspace/ros2_ws/build/dffw': CMAKE_PREFIX_PATH=${CMAKE_PREFIX_PATH}:/opt/ros/humble /usr/local/bin/cmake --build /workspace/ros2_ws/build/dffw -- -j4 -l4
[2.272s] DEBUG:colcon.colcon_core.event_handler.log_command:Invoked command in '/workspace/ros2_ws/build/dffw' returned '0': CMAKE_PREFIX_PATH=${CMAKE_PREFIX_PATH}:/opt/ros/humble /usr/local/bin/cmake --build /workspace/ros2_ws/build/dffw -- -j4 -l4
[2.330s] DEBUG:colcon.colcon_core.event_handler.log_command:Invoking command in '/workspace/ros2_ws/build/dffw': CMAKE_PREFIX_PATH=${CMAKE_PREFIX_PATH}:/opt/ros/humble /usr/local/bin/cmake --install /workspace/ros2_ws/build/dffw
[2.415s] Level 1:colcon.colcon_core.environment:create_environment_scripts_only(dffw)
[2.426s] Level 1:colcon.colcon_core.environment:checking '/workspace/ros2_ws/install/dffw' for CMake module files
[2.426s] DEBUG:colcon.colcon_core.event_handler.log_command:Invoked command in '/workspace/ros2_ws/build/dffw' returned '0': CMAKE_PREFIX_PATH=${CMAKE_PREFIX_PATH}:/opt/ros/humble /usr/local/bin/cmake --install /workspace/ros2_ws/build/dffw
[2.427s] Level 1:colcon.colcon_core.environment:checking '/workspace/ros2_ws/install/dffw' for CMake config files
[2.427s] Level 1:colcon.colcon_core.shell:create_environment_hook('dffw', 'cmake_prefix_path')
[2.435s] INFO:colcon.colcon_core.shell:Creating environment hook '/workspace/ros2_ws/install/dffw/share/dffw/hook/cmake_prefix_path.ps1'
[2.436s] INFO:colcon.colcon_core.shell:Creating environment descriptor '/workspace/ros2_ws/install/dffw/share/dffw/hook/cmake_prefix_path.dsv'
[2.437s] INFO:colcon.colcon_core.shell:Creating environment hook '/workspace/ros2_ws/install/dffw/share/dffw/hook/cmake_prefix_path.sh'
[2.437s] Level 1:colcon.colcon_core.environment:checking '/workspace/ros2_ws/install/dffw/lib'
[2.437s] Level 1:colcon.colcon_core.environment:checking '/workspace/ros2_ws/install/dffw/bin'
[2.437s] Level 1:colcon.colcon_core.environment:checking '/workspace/ros2_ws/install/dffw/lib/pkgconfig/dffw.pc'
[2.438s] Level 1:colcon.colcon_core.environment:checking '/workspace/ros2_ws/install/dffw/lib/python3.10/site-packages'
[2.438s] Level 1:colcon.colcon_core.environment:checking '/workspace/ros2_ws/install/dffw/bin'
[2.447s] INFO:colcon.colcon_core.shell:Creating package script '/workspace/ros2_ws/install/dffw/share/dffw/package.ps1'
[2.447s] INFO:colcon.colcon_core.shell:Creating package descriptor '/workspace/ros2_ws/install/dffw/share/dffw/package.dsv'
[2.448s] INFO:colcon.colcon_core.shell:Creating package script '/workspace/ros2_ws/install/dffw/share/dffw/package.sh'
[2.448s] INFO:colcon.colcon_core.shell:Creating package script '/workspace/ros2_ws/install/dffw/share/dffw/package.bash'
[2.449s] INFO:colcon.colcon_core.shell:Creating package script '/workspace/ros2_ws/install/dffw/share/dffw/package.zsh'
[2.449s] Level 1:colcon.colcon_core.environment:create_file_with_runtime_dependencies(/workspace/ros2_ws/install/dffw/share/colcon-core/packages/dffw)
[2.509s] Level 1:colcon.colcon_core.environment:create_environment_scripts_only(dffw)
[2.519s] Level 1:colcon.colcon_core.environment:checking '/workspace/ros2_ws/install/dffw' for CMake module files
[2.520s] Level 1:colcon.colcon_core.environment:checking '/workspace/ros2_ws/install/dffw' for CMake config files
[2.520s] Level 1:colcon.colcon_core.shell:create_environment_hook('dffw', 'cmake_prefix_path')
[2.529s] INFO:colcon.colcon_core.shell:Creating environment hook '/workspace/ros2_ws/install/dffw/share/dffw/hook/cmake_prefix_path.ps1'
[2.529s] INFO:colcon.colcon_core.shell:Creating environment descriptor '/workspace/ros2_ws/install/dffw/share/dffw/hook/cmake_prefix_path.dsv'
[2.529s] INFO:colcon.colcon_core.shell:Creating environment hook '/workspace/ros2_ws/install/dffw/share/dffw/hook/cmake_prefix_path.sh'
[2.530s] Level 1:colcon.colcon_core.environment:checking '/workspace/ros2_ws/install/dffw/lib'
[2.530s] Level 1:colcon.colcon_core.environment:checking '/workspace/ros2_ws/install/dffw/bin'
[2.530s] Level 1:colcon.colcon_core.environment:checking '/workspace/ros2_ws/install/dffw/lib/pkgconfig/dffw.pc'
[2.530s] Level 1:colcon.colcon_core.environment:checking '/workspace/ros2_ws/install/dffw/lib/python3.10/site-packages'
[2.531s] Level 1:colcon.colcon_core.environment:checking '/workspace/ros2_ws/install/dffw/bin'
[2.539s] INFO:colcon.colcon_core.shell:Creating package script '/workspace/ros2_ws/install/dffw/share/dffw/package.ps1'
[2.539s] INFO:colcon.colcon_core.shell:Creating package descriptor '/workspace/ros2_ws/install/dffw/share/dffw/package.dsv'
[2.540s] INFO:colcon.colcon_core.shell:Creating package script '/workspace/ros2_ws/install/dffw/share/dffw/package.sh'
[2.541s] INFO:colcon.colcon_core.shell:Creating package script '/workspace/ros2_ws/install/dffw/share/dffw/package.bash'
[2.541s] INFO:colcon.colcon_core.shell:Creating package script '/workspace/ros2_ws/install/dffw/share/dffw/package.zsh'
[2.541s] Level 1:colcon.colcon_core.environment:create_file_with_runtime_dependencies(/workspace/ros2_ws/install/dffw/share/colcon-core/packages/dffw)
[2.542s] DEBUG:colcon.colcon_parallel_executor.executor.parallel:closing loop
[2.542s] DEBUG:colcon.colcon_parallel_executor.executor.parallel:loop closed
[2.542s] DEBUG:colcon.colcon_parallel_executor.executor.parallel:run_until_complete finished with '0'
[2.543s] DEBUG:colcon.colcon_core.event_reactor:joining thread
[2.556s] INFO:colcon.colcon_core.plugin_system:Skipping extension 'colcon_notification.desktop_notification.notify_send': Could not find 'notify-send'
[2.556s] INFO:colcon.colcon_core.plugin_system:Skipping extension 'colcon_notification.desktop_notification.terminal_notifier': Not used on non-Darwin systems
[2.556s] INFO:colcon.colcon_core.plugin_system:Skipping extension 'colcon_notification.desktop_notification.win32': Not used on non-Windows systems
[2.556s] INFO:colcon.colcon_notification.desktop_notification:Sending desktop notification using 'notify2'
[2.556s] DEBUG:colcon.colcon_notification.desktop_notification.notify2:Failed to initialize notify2: org.freedesktop.DBus.Error.NotSupported: Unable to autolaunch a dbus-daemon without a $DISPLAY for X11
[2.556s] DEBUG:colcon.colcon_core.event_reactor:joined thread
[2.565s] INFO:colcon.colcon_core.shell:Creating prefix script '/workspace/ros2_ws/install/local_setup.ps1'
[2.566s] INFO:colcon.colcon_core.shell:Creating prefix util module '/workspace/ros2_ws/install/_local_setup_util_ps1.py'
[2.567s] INFO:colcon.colcon_core.shell:Creating prefix chain script '/workspace/ros2_ws/install/setup.ps1'
[2.575s] INFO:colcon.colcon_core.shell:Creating prefix script '/workspace/ros2_ws/install/local_setup.sh'
[2.576s] INFO:colcon.colcon_core.shell:Creating prefix util module '/workspace/ros2_ws/install/_local_setup_util_sh.py'
[2.577s] INFO:colcon.colcon_core.shell:Creating prefix chain script '/workspace/ros2_ws/install/setup.sh'
[2.586s] INFO:colcon.colcon_core.shell:Creating prefix script '/workspace/ros2_ws/install/local_setup.bash'
[2.586s] INFO:colcon.colcon_core.shell:Creating prefix chain script '/workspace/ros2_ws/install/setup.bash'
[2.594s] INFO:colcon.colcon_core.shell:Creating prefix script '/workspace/ros2_ws/install/local_setup.zsh'
[2.594s] INFO:colcon.colcon_core.shell:Creating prefix chain script '/workspace/ros2_ws/install/setup.zsh'
