[0.589s] DEBUG:colcon:Command line arguments: ['/usr/local/bin/colcon', 'build']
[0.589s] DEBUG:colcon:Parsed command line arguments: Namespace(log_base=None, log_level=None, verb_name='build', build_base='build', install_base='install', merge_install=False, symlink_install=False, test_result_base=None, continue_on_error=False, executor='parallel', parallel_workers=4, event_handlers=None, ignore_user_meta=False, metas=['./colcon.meta'], base_paths=['.'], packages_ignore=None, packages_ignore_regex=None, paths=None, packages_up_to=None, packages_up_to_regex=None, packages_above=None, packages_above_and_dependencies=None, packages_above_depth=None, packages_select_by_dep=None, packages_skip_by_dep=None, packages_skip_up_to=None, packages_select_build_failed=False, packages_skip_build_finished=False, packages_select_test_failures=False, packages_skip_test_passed=False, packages_select=None, packages_skip=None, packages_select_regex=None, packages_skip_regex=None, packages_start=None, packages_end=None, allow_overriding=[], cmake_args=None, cmake_target=None, cmake_target_skip_unavailable=False, cmake_clean_cache=False, cmake_clean_first=False, cmake_force_configure=False, ament_cmake_args=None, catkin_cmake_args=None, catkin_skip_building_tests=False, verb_parser=<colcon_defaults.argument_parser.defaults.DefaultArgumentsDecorator object at 0x7f88b394e980>, verb_extension=<colcon_core.verb.build.BuildVerb object at 0x7f88b3da2e00>, main=<bound method BuildVerb.main of <colcon_core.verb.build.BuildVerb object at 0x7f88b3da2e00>>)
[0.652s] Level 1:colcon.colcon_core.package_discovery:discover_packages(colcon_meta) check parameters
[0.652s] Level 1:colcon.colcon_core.package_discovery:discover_packages(recursive) check parameters
[0.652s] Level 1:colcon.colcon_core.package_discovery:discover_packages(ignore) check parameters
[0.652s] Level 1:colcon.colcon_core.package_discovery:discover_packages(path) check parameters
[0.652s] Level 1:colcon.colcon_core.package_discovery:discover_packages(colcon_meta) discover
[0.652s] Level 1:colcon.colcon_core.package_discovery:discover_packages(recursive) discover
[0.652s] INFO:colcon.colcon_core.package_discovery:Crawling recursively for packages in '/workspace/ros2_ws'
[0.652s] Level 1:colcon.colcon_core.package_identification:_identify(.) by extensions ['ignore', 'ignore_ament_install']
[0.652s] Level 1:colcon.colcon_core.package_identification:_identify(.) by extension 'ignore'
[0.652s] Level 1:colcon.colcon_core.package_identification:_identify(.) by extension 'ignore_ament_install'
[0.652s] Level 1:colcon.colcon_core.package_identification:_identify(.) by extensions ['colcon_pkg']
[0.652s] Level 1:colcon.colcon_core.package_identification:_identify(.) by extension 'colcon_pkg'
[0.653s] Level 1:colcon.colcon_core.package_identification:_identify(.) by extensions ['colcon_meta']
[0.653s] Level 1:colcon.colcon_core.package_identification:_identify(.) by extension 'colcon_meta'
[0.653s] Level 1:colcon.colcon_core.package_identification:_identify(.) by extensions ['ros']
[0.653s] Level 1:colcon.colcon_core.package_identification:_identify(.) by extension 'ros'
[0.670s] Level 1:colcon.colcon_core.package_identification:_identify(.) by extensions ['cmake', 'python']
[0.670s] Level 1:colcon.colcon_core.package_identification:_identify(.) by extension 'cmake'
[0.670s] Level 1:colcon.colcon_core.package_identification:_identify(.) by extension 'python'
[0.670s] Level 1:colcon.colcon_core.package_identification:_identify(.) by extensions ['python_setup_py']
[0.670s] Level 1:colcon.colcon_core.package_identification:_identify(.) by extension 'python_setup_py'
[0.670s] Level 1:colcon.colcon_core.package_identification:_identify(build) by extensions ['ignore', 'ignore_ament_install']
[0.670s] Level 1:colcon.colcon_core.package_identification:_identify(build) by extension 'ignore'
[0.670s] Level 1:colcon.colcon_core.package_identification:_identify(build) ignored
[0.671s] Level 1:colcon.colcon_core.package_identification:_identify(install) by extensions ['ignore', 'ignore_ament_install']
[0.671s] Level 1:colcon.colcon_core.package_identification:_identify(install) by extension 'ignore'
[0.671s] Level 1:colcon.colcon_core.package_identification:_identify(install) ignored
[0.671s] Level 1:colcon.colcon_core.package_identification:_identify(log) by extensions ['ignore', 'ignore_ament_install']
[0.671s] Level 1:colcon.colcon_core.package_identification:_identify(log) by extension 'ignore'
[0.671s] Level 1:colcon.colcon_core.package_identification:_identify(log) ignored
[0.671s] Level 1:colcon.colcon_core.package_identification:_identify(src) by extensions ['ignore', 'ignore_ament_install']
[0.671s] Level 1:colcon.colcon_core.package_identification:_identify(src) by extension 'ignore'
[0.671s] Level 1:colcon.colcon_core.package_identification:_identify(src) by extension 'ignore_ament_install'
[0.671s] Level 1:colcon.colcon_core.package_identification:_identify(src) by extensions ['colcon_pkg']
[0.671s] Level 1:colcon.colcon_core.package_identification:_identify(src) by extension 'colcon_pkg'
[0.672s] Level 1:colcon.colcon_core.package_identification:_identify(src) by extensions ['colcon_meta']
[0.672s] Level 1:colcon.colcon_core.package_identification:_identify(src) by extension 'colcon_meta'
[0.672s] Level 1:colcon.colcon_core.package_identification:_identify(src) by extensions ['ros']
[0.672s] Level 1:colcon.colcon_core.package_identification:_identify(src) by extension 'ros'
[0.672s] Level 1:colcon.colcon_core.package_identification:_identify(src) by extensions ['cmake', 'python']
[0.672s] Level 1:colcon.colcon_core.package_identification:_identify(src) by extension 'cmake'
[0.672s] Level 1:colcon.colcon_core.package_identification:_identify(src) by extension 'python'
[0.672s] Level 1:colcon.colcon_core.package_identification:_identify(src) by extensions ['python_setup_py']
[0.672s] Level 1:colcon.colcon_core.package_identification:_identify(src) by extension 'python_setup_py'
[0.672s] Level 1:colcon.colcon_core.package_identification:_identify(src/dffw) by extensions ['ignore', 'ignore_ament_install']
[0.672s] Level 1:colcon.colcon_core.package_identification:_identify(src/dffw) by extension 'ignore'
[0.672s] Level 1:colcon.colcon_core.package_identification:_identify(src/dffw) by extension 'ignore_ament_install'
[0.672s] Level 1:colcon.colcon_core.package_identification:_identify(src/dffw) by extensions ['colcon_pkg']
[0.672s] Level 1:colcon.colcon_core.package_identification:_identify(src/dffw) by extension 'colcon_pkg'
[0.672s] Level 1:colcon.colcon_core.package_identification:_identify(src/dffw) by extensions ['colcon_meta']
[0.672s] Level 1:colcon.colcon_core.package_identification:_identify(src/dffw) by extension 'colcon_meta'
[0.673s] Level 1:colcon.colcon_core.package_identification:_identify(src/dffw) by extensions ['ros']
[0.673s] Level 1:colcon.colcon_core.package_identification:_identify(src/dffw) by extension 'ros'
[0.676s] DEBUG:colcon.colcon_core.package_identification:Package 'src/dffw' with type 'ros.ament_cmake' and name 'dffw'
[0.676s] Level 1:colcon.colcon_core.package_identification:_identify(src/dffw_msgs) by extensions ['ignore', 'ignore_ament_install']
[0.676s] Level 1:colcon.colcon_core.package_identification:_identify(src/dffw_msgs) by extension 'ignore'
[0.676s] Level 1:colcon.colcon_core.package_identification:_identify(src/dffw_msgs) by extension 'ignore_ament_install'
[0.676s] Level 1:colcon.colcon_core.package_identification:_identify(src/dffw_msgs) by extensions ['colcon_pkg']
[0.676s] Level 1:colcon.colcon_core.package_identification:_identify(src/dffw_msgs) by extension 'colcon_pkg'
[0.676s] Level 1:colcon.colcon_core.package_identification:_identify(src/dffw_msgs) by extensions ['colcon_meta']
[0.676s] Level 1:colcon.colcon_core.package_identification:_identify(src/dffw_msgs) by extension 'colcon_meta'
[0.676s] Level 1:colcon.colcon_core.package_identification:_identify(src/dffw_msgs) by extensions ['ros']
[0.676s] Level 1:colcon.colcon_core.package_identification:_identify(src/dffw_msgs) by extension 'ros'
[0.677s] DEBUG:colcon.colcon_core.package_identification:Package 'src/dffw_msgs' with type 'ros.ament_cmake' and name 'dffw_msgs'
[0.677s] Level 1:colcon.colcon_core.package_discovery:discover_packages(recursive) using defaults
[0.677s] Level 1:colcon.colcon_core.package_discovery:discover_packages(ignore) discover
[0.677s] Level 1:colcon.colcon_core.package_discovery:discover_packages(ignore) using defaults
[0.677s] Level 1:colcon.colcon_core.package_discovery:discover_packages(path) discover
[0.677s] Level 1:colcon.colcon_core.package_discovery:discover_packages(path) using defaults
[0.723s] Level 1:colcon.colcon_core.package_discovery:discover_packages(prefix_path) check parameters
[0.723s] Level 1:colcon.colcon_core.package_discovery:discover_packages(prefix_path) discover
[0.736s] DEBUG:colcon.colcon_installed_package_information.package_discovery:Found 2 installed packages in /workspace/ros2_ws/install
[0.743s] DEBUG:colcon.colcon_installed_package_information.package_discovery:Found 270 installed packages in /opt/ros/humble
[0.757s] Level 1:colcon.colcon_core.package_discovery:discover_packages(prefix_path) using defaults
[0.830s] Level 5:colcon.colcon_core.verb:set package 'dffw_msgs' build argument 'cmake_args' from command line to 'None'
[0.830s] Level 5:colcon.colcon_core.verb:set package 'dffw_msgs' build argument 'cmake_target' from command line to 'None'
[0.830s] Level 5:colcon.colcon_core.verb:set package 'dffw_msgs' build argument 'cmake_target_skip_unavailable' from command line to 'False'
[0.830s] Level 5:colcon.colcon_core.verb:set package 'dffw_msgs' build argument 'cmake_clean_cache' from command line to 'False'
[0.830s] Level 5:colcon.colcon_core.verb:set package 'dffw_msgs' build argument 'cmake_clean_first' from command line to 'False'
[0.830s] Level 5:colcon.colcon_core.verb:set package 'dffw_msgs' build argument 'cmake_force_configure' from command line to 'False'
[0.830s] Level 5:colcon.colcon_core.verb:set package 'dffw_msgs' build argument 'ament_cmake_args' from command line to 'None'
[0.830s] Level 5:colcon.colcon_core.verb:set package 'dffw_msgs' build argument 'catkin_cmake_args' from command line to 'None'
[0.830s] Level 5:colcon.colcon_core.verb:set package 'dffw_msgs' build argument 'catkin_skip_building_tests' from command line to 'False'
[0.830s] DEBUG:colcon.colcon_core.verb:Building package 'dffw_msgs' with the following arguments: {'ament_cmake_args': None, 'build_base': '/workspace/ros2_ws/build/dffw_msgs', 'catkin_cmake_args': None, 'catkin_skip_building_tests': False, 'cmake_args': None, 'cmake_clean_cache': False, 'cmake_clean_first': False, 'cmake_force_configure': False, 'cmake_target': None, 'cmake_target_skip_unavailable': False, 'install_base': '/workspace/ros2_ws/install/dffw_msgs', 'merge_install': False, 'path': '/workspace/ros2_ws/src/dffw_msgs', 'symlink_install': False, 'test_result_base': None}
[0.843s] Level 5:colcon.colcon_core.verb:set package 'dffw' build argument 'cmake_args' from command line to 'None'
[0.843s] Level 5:colcon.colcon_core.verb:set package 'dffw' build argument 'cmake_target' from command line to 'None'
[0.843s] Level 5:colcon.colcon_core.verb:set package 'dffw' build argument 'cmake_target_skip_unavailable' from command line to 'False'
[0.843s] Level 5:colcon.colcon_core.verb:set package 'dffw' build argument 'cmake_clean_cache' from command line to 'False'
[0.843s] Level 5:colcon.colcon_core.verb:set package 'dffw' build argument 'cmake_clean_first' from command line to 'False'
[0.843s] Level 5:colcon.colcon_core.verb:set package 'dffw' build argument 'cmake_force_configure' from command line to 'False'
[0.843s] Level 5:colcon.colcon_core.verb:set package 'dffw' build argument 'ament_cmake_args' from command line to 'None'
[0.843s] Level 5:colcon.colcon_core.verb:set package 'dffw' build argument 'catkin_cmake_args' from command line to 'None'
[0.843s] Level 5:colcon.colcon_core.verb:set package 'dffw' build argument 'catkin_skip_building_tests' from command line to 'False'
[0.843s] DEBUG:colcon.colcon_core.verb:Building package 'dffw' with the following arguments: {'ament_cmake_args': None, 'build_base': '/workspace/ros2_ws/build/dffw', 'catkin_cmake_args': None, 'catkin_skip_building_tests': False, 'cmake_args': None, 'cmake_clean_cache': False, 'cmake_clean_first': False, 'cmake_force_configure': False, 'cmake_target': None, 'cmake_target_skip_unavailable': False, 'install_base': '/workspace/ros2_ws/install/dffw', 'merge_install': False, 'path': '/workspace/ros2_ws/src/dffw', 'symlink_install': False, 'test_result_base': None}
[0.846s] INFO:colcon.colcon_core.executor:Executing jobs using 'parallel' executor
[0.867s] DEBUG:colcon.colcon_parallel_executor.executor.parallel:run_until_complete
[0.867s] INFO:colcon.colcon_ros.task.ament_cmake.build:Building ROS package in '/workspace/ros2_ws/src/dffw_msgs' with build type 'ament_cmake'
[0.867s] INFO:colcon.colcon_cmake.task.cmake.build:Building CMake package in '/workspace/ros2_ws/src/dffw_msgs'
[0.878s] INFO:colcon.colcon_core.plugin_system:Skipping extension 'colcon_core.shell.bat': Not used on non-Windows systems
[0.879s] INFO:colcon.colcon_core.shell:Skip shell extension 'powershell' for command environment: Not usable outside of PowerShell
[0.879s] DEBUG:colcon.colcon_core.shell:Skip shell extension 'dsv' for command environment
[0.904s] DEBUG:colcon.colcon_core.event_handler.log_command:Invoking command in '/workspace/ros2_ws/build/dffw_msgs': CMAKE_PREFIX_PATH=${CMAKE_PREFIX_PATH}:/opt/ros/humble /usr/local/bin/cmake --build /workspace/ros2_ws/build/dffw_msgs -- -j4 -l4
[1.337s] DEBUG:colcon.colcon_core.event_handler.log_command:Invoked command in '/workspace/ros2_ws/build/dffw_msgs' returned '0': CMAKE_PREFIX_PATH=${CMAKE_PREFIX_PATH}:/opt/ros/humble /usr/local/bin/cmake --build /workspace/ros2_ws/build/dffw_msgs -- -j4 -l4
[1.515s] DEBUG:colcon.colcon_core.event_handler.log_command:Invoking command in '/workspace/ros2_ws/build/dffw_msgs': CMAKE_PREFIX_PATH=${CMAKE_PREFIX_PATH}:/opt/ros/humble /usr/local/bin/cmake --install /workspace/ros2_ws/build/dffw_msgs
[1.610s] Level 1:colcon.colcon_core.environment:create_environment_scripts_only(dffw_msgs)
[1.612s] DEBUG:colcon.colcon_core.event_handler.log_command:Invoked command in '/workspace/ros2_ws/build/dffw_msgs' returned '0': CMAKE_PREFIX_PATH=${CMAKE_PREFIX_PATH}:/opt/ros/humble /usr/local/bin/cmake --install /workspace/ros2_ws/build/dffw_msgs
[1.624s] Level 1:colcon.colcon_core.environment:checking '/workspace/ros2_ws/install/dffw_msgs' for CMake module files
[1.625s] Level 1:colcon.colcon_core.environment:checking '/workspace/ros2_ws/install/dffw_msgs' for CMake config files
[1.625s] Level 1:colcon.colcon_core.shell:create_environment_hook('dffw_msgs', 'cmake_prefix_path')
[1.634s] INFO:colcon.colcon_core.shell:Creating environment hook '/workspace/ros2_ws/install/dffw_msgs/share/dffw_msgs/hook/cmake_prefix_path.ps1'
[1.635s] INFO:colcon.colcon_core.shell:Creating environment descriptor '/workspace/ros2_ws/install/dffw_msgs/share/dffw_msgs/hook/cmake_prefix_path.dsv'
[1.635s] INFO:colcon.colcon_core.shell:Creating environment hook '/workspace/ros2_ws/install/dffw_msgs/share/dffw_msgs/hook/cmake_prefix_path.sh'
[1.636s] Level 1:colcon.colcon_core.environment:checking '/workspace/ros2_ws/install/dffw_msgs/lib'
[1.637s] Level 1:colcon.colcon_core.shell:create_environment_hook('dffw_msgs', 'ld_library_path_lib')
[1.645s] INFO:colcon.colcon_core.shell:Creating environment hook '/workspace/ros2_ws/install/dffw_msgs/share/dffw_msgs/hook/ld_library_path_lib.ps1'
[1.647s] INFO:colcon.colcon_core.shell:Creating environment descriptor '/workspace/ros2_ws/install/dffw_msgs/share/dffw_msgs/hook/ld_library_path_lib.dsv'
[1.647s] INFO:colcon.colcon_core.shell:Creating environment hook '/workspace/ros2_ws/install/dffw_msgs/share/dffw_msgs/hook/ld_library_path_lib.sh'
[1.648s] Level 1:colcon.colcon_core.environment:checking '/workspace/ros2_ws/install/dffw_msgs/bin'
[1.648s] Level 1:colcon.colcon_core.environment:checking '/workspace/ros2_ws/install/dffw_msgs/lib/pkgconfig/dffw_msgs.pc'
[1.648s] Level 1:colcon.colcon_core.environment:checking '/workspace/ros2_ws/install/dffw_msgs/lib/python3.10/site-packages'
[1.649s] Level 1:colcon.colcon_core.environment:checking '/workspace/ros2_ws/install/dffw_msgs/bin'
[1.657s] INFO:colcon.colcon_core.shell:Creating package script '/workspace/ros2_ws/install/dffw_msgs/share/dffw_msgs/package.ps1'
[1.658s] INFO:colcon.colcon_core.shell:Creating package descriptor '/workspace/ros2_ws/install/dffw_msgs/share/dffw_msgs/package.dsv'
[1.659s] INFO:colcon.colcon_core.shell:Creating package script '/workspace/ros2_ws/install/dffw_msgs/share/dffw_msgs/package.sh'
[1.660s] INFO:colcon.colcon_core.shell:Creating package script '/workspace/ros2_ws/install/dffw_msgs/share/dffw_msgs/package.bash'
[1.660s] INFO:colcon.colcon_core.shell:Creating package script '/workspace/ros2_ws/install/dffw_msgs/share/dffw_msgs/package.zsh'
[1.661s] Level 1:colcon.colcon_core.environment:create_file_with_runtime_dependencies(/workspace/ros2_ws/install/dffw_msgs/share/colcon-core/packages/dffw_msgs)
[1.789s] Level 1:colcon.colcon_core.environment:create_environment_scripts_only(dffw_msgs)
[1.799s] Level 1:colcon.colcon_core.environment:checking '/workspace/ros2_ws/install/dffw_msgs' for CMake module files
[1.801s] Level 1:colcon.colcon_core.environment:checking '/workspace/ros2_ws/install/dffw_msgs' for CMake config files
[1.801s] Level 1:colcon.colcon_core.shell:create_environment_hook('dffw_msgs', 'cmake_prefix_path')
[1.811s] INFO:colcon.colcon_core.shell:Creating environment hook '/workspace/ros2_ws/install/dffw_msgs/share/dffw_msgs/hook/cmake_prefix_path.ps1'
[1.812s] INFO:colcon.colcon_core.shell:Creating environment descriptor '/workspace/ros2_ws/install/dffw_msgs/share/dffw_msgs/hook/cmake_prefix_path.dsv'
[1.812s] INFO:colcon.colcon_core.shell:Creating environment hook '/workspace/ros2_ws/install/dffw_msgs/share/dffw_msgs/hook/cmake_prefix_path.sh'
[1.813s] Level 1:colcon.colcon_core.environment:checking '/workspace/ros2_ws/install/dffw_msgs/lib'
[1.813s] Level 1:colcon.colcon_core.shell:create_environment_hook('dffw_msgs', 'ld_library_path_lib')
[1.821s] INFO:colcon.colcon_core.shell:Creating environment hook '/workspace/ros2_ws/install/dffw_msgs/share/dffw_msgs/hook/ld_library_path_lib.ps1'
[1.822s] INFO:colcon.colcon_core.shell:Creating environment descriptor '/workspace/ros2_ws/install/dffw_msgs/share/dffw_msgs/hook/ld_library_path_lib.dsv'
[1.822s] INFO:colcon.colcon_core.shell:Creating environment hook '/workspace/ros2_ws/install/dffw_msgs/share/dffw_msgs/hook/ld_library_path_lib.sh'
[1.823s] Level 1:colcon.colcon_core.environment:checking '/workspace/ros2_ws/install/dffw_msgs/bin'
[1.823s] Level 1:colcon.colcon_core.environment:checking '/workspace/ros2_ws/install/dffw_msgs/lib/pkgconfig/dffw_msgs.pc'
[1.823s] Level 1:colcon.colcon_core.environment:checking '/workspace/ros2_ws/install/dffw_msgs/lib/python3.10/site-packages'
[1.824s] Level 1:colcon.colcon_core.environment:checking '/workspace/ros2_ws/install/dffw_msgs/bin'
[1.832s] INFO:colcon.colcon_core.shell:Creating package script '/workspace/ros2_ws/install/dffw_msgs/share/dffw_msgs/package.ps1'
[1.833s] INFO:colcon.colcon_core.shell:Creating package descriptor '/workspace/ros2_ws/install/dffw_msgs/share/dffw_msgs/package.dsv'
[1.834s] INFO:colcon.colcon_core.shell:Creating package script '/workspace/ros2_ws/install/dffw_msgs/share/dffw_msgs/package.sh'
[1.834s] INFO:colcon.colcon_core.shell:Creating package script '/workspace/ros2_ws/install/dffw_msgs/share/dffw_msgs/package.bash'
[1.835s] INFO:colcon.colcon_core.shell:Creating package script '/workspace/ros2_ws/install/dffw_msgs/share/dffw_msgs/package.zsh'
[1.835s] Level 1:colcon.colcon_core.environment:create_file_with_runtime_dependencies(/workspace/ros2_ws/install/dffw_msgs/share/colcon-core/packages/dffw_msgs)
[1.836s] INFO:colcon.colcon_ros.task.ament_cmake.build:Building ROS package in '/workspace/ros2_ws/src/dffw' with build type 'ament_cmake'
[1.836s] INFO:colcon.colcon_cmake.task.cmake.build:Building CMake package in '/workspace/ros2_ws/src/dffw'
[1.845s] INFO:colcon.colcon_core.shell:Skip shell extension 'powershell' for command environment: Not usable outside of PowerShell
[1.845s] DEBUG:colcon.colcon_core.shell:Skip shell extension 'dsv' for command environment
[1.872s] DEBUG:colcon.colcon_core.event_handler.log_command:Invoking command in '/workspace/ros2_ws/build/dffw': CMAKE_PREFIX_PATH=/workspace/ros2_ws/install/dffw_msgs:/workspace/ros2_ws/install/dffw:/opt/ros/humble /usr/local/bin/cmake --build /workspace/ros2_ws/build/dffw -- -j4 -l4
[2.262s] DEBUG:colcon.colcon_core.event_handler.log_command:Invoked command in '/workspace/ros2_ws/build/dffw' returned '0': CMAKE_PREFIX_PATH=/workspace/ros2_ws/install/dffw_msgs:/workspace/ros2_ws/install/dffw:/opt/ros/humble /usr/local/bin/cmake --build /workspace/ros2_ws/build/dffw -- -j4 -l4
[2.317s] DEBUG:colcon.colcon_core.event_handler.log_command:Invoking command in '/workspace/ros2_ws/build/dffw': CMAKE_PREFIX_PATH=/workspace/ros2_ws/install/dffw_msgs:/workspace/ros2_ws/install/dffw:/opt/ros/humble /usr/local/bin/cmake --install /workspace/ros2_ws/build/dffw
[2.405s] Level 1:colcon.colcon_core.environment:create_environment_scripts_only(dffw)
[2.411s] DEBUG:colcon.colcon_core.event_handler.log_command:Invoked command in '/workspace/ros2_ws/build/dffw' returned '0': CMAKE_PREFIX_PATH=/workspace/ros2_ws/install/dffw_msgs:/workspace/ros2_ws/install/dffw:/opt/ros/humble /usr/local/bin/cmake --install /workspace/ros2_ws/build/dffw
[2.416s] Level 1:colcon.colcon_core.environment:checking '/workspace/ros2_ws/install/dffw' for CMake module files
[2.417s] Level 1:colcon.colcon_core.environment:checking '/workspace/ros2_ws/install/dffw' for CMake config files
[2.418s] Level 1:colcon.colcon_core.shell:create_environment_hook('dffw', 'cmake_prefix_path')
[2.426s] INFO:colcon.colcon_core.shell:Creating environment hook '/workspace/ros2_ws/install/dffw/share/dffw/hook/cmake_prefix_path.ps1'
[2.427s] INFO:colcon.colcon_core.shell:Creating environment descriptor '/workspace/ros2_ws/install/dffw/share/dffw/hook/cmake_prefix_path.dsv'
[2.428s] INFO:colcon.colcon_core.shell:Creating environment hook '/workspace/ros2_ws/install/dffw/share/dffw/hook/cmake_prefix_path.sh'
[2.429s] Level 1:colcon.colcon_core.environment:checking '/workspace/ros2_ws/install/dffw/lib'
[2.429s] Level 1:colcon.colcon_core.environment:checking '/workspace/ros2_ws/install/dffw/bin'
[2.429s] Level 1:colcon.colcon_core.environment:checking '/workspace/ros2_ws/install/dffw/lib/pkgconfig/dffw.pc'
[2.429s] Level 1:colcon.colcon_core.environment:checking '/workspace/ros2_ws/install/dffw/lib/python3.10/site-packages'
[2.429s] Level 1:colcon.colcon_core.environment:checking '/workspace/ros2_ws/install/dffw/bin'
[2.439s] INFO:colcon.colcon_core.shell:Creating package script '/workspace/ros2_ws/install/dffw/share/dffw/package.ps1'
[2.440s] INFO:colcon.colcon_core.shell:Creating package descriptor '/workspace/ros2_ws/install/dffw/share/dffw/package.dsv'
[2.440s] INFO:colcon.colcon_core.shell:Creating package script '/workspace/ros2_ws/install/dffw/share/dffw/package.sh'
[2.441s] INFO:colcon.colcon_core.shell:Creating package script '/workspace/ros2_ws/install/dffw/share/dffw/package.bash'
[2.441s] INFO:colcon.colcon_core.shell:Creating package script '/workspace/ros2_ws/install/dffw/share/dffw/package.zsh'
[2.441s] Level 1:colcon.colcon_core.environment:create_file_with_runtime_dependencies(/workspace/ros2_ws/install/dffw/share/colcon-core/packages/dffw)
[2.502s] Level 1:colcon.colcon_core.environment:create_environment_scripts_only(dffw)
[2.512s] Level 1:colcon.colcon_core.environment:checking '/workspace/ros2_ws/install/dffw' for CMake module files
[2.513s] Level 1:colcon.colcon_core.environment:checking '/workspace/ros2_ws/install/dffw' for CMake config files
[2.513s] Level 1:colcon.colcon_core.shell:create_environment_hook('dffw', 'cmake_prefix_path')
[2.522s] INFO:colcon.colcon_core.shell:Creating environment hook '/workspace/ros2_ws/install/dffw/share/dffw/hook/cmake_prefix_path.ps1'
[2.523s] INFO:colcon.colcon_core.shell:Creating environment descriptor '/workspace/ros2_ws/install/dffw/share/dffw/hook/cmake_prefix_path.dsv'
[2.523s] INFO:colcon.colcon_core.shell:Creating environment hook '/workspace/ros2_ws/install/dffw/share/dffw/hook/cmake_prefix_path.sh'
[2.524s] Level 1:colcon.colcon_core.environment:checking '/workspace/ros2_ws/install/dffw/lib'
[2.524s] Level 1:colcon.colcon_core.environment:checking '/workspace/ros2_ws/install/dffw/bin'
[2.524s] Level 1:colcon.colcon_core.environment:checking '/workspace/ros2_ws/install/dffw/lib/pkgconfig/dffw.pc'
[2.524s] Level 1:colcon.colcon_core.environment:checking '/workspace/ros2_ws/install/dffw/lib/python3.10/site-packages'
[2.524s] Level 1:colcon.colcon_core.environment:checking '/workspace/ros2_ws/install/dffw/bin'
[2.533s] INFO:colcon.colcon_core.shell:Creating package script '/workspace/ros2_ws/install/dffw/share/dffw/package.ps1'
[2.534s] INFO:colcon.colcon_core.shell:Creating package descriptor '/workspace/ros2_ws/install/dffw/share/dffw/package.dsv'
[2.535s] INFO:colcon.colcon_core.shell:Creating package script '/workspace/ros2_ws/install/dffw/share/dffw/package.sh'
[2.535s] INFO:colcon.colcon_core.shell:Creating package script '/workspace/ros2_ws/install/dffw/share/dffw/package.bash'
[2.536s] INFO:colcon.colcon_core.shell:Creating package script '/workspace/ros2_ws/install/dffw/share/dffw/package.zsh'
[2.536s] Level 1:colcon.colcon_core.environment:create_file_with_runtime_dependencies(/workspace/ros2_ws/install/dffw/share/colcon-core/packages/dffw)
[2.537s] DEBUG:colcon.colcon_parallel_executor.executor.parallel:closing loop
[2.537s] DEBUG:colcon.colcon_parallel_executor.executor.parallel:loop closed
[2.537s] DEBUG:colcon.colcon_parallel_executor.executor.parallel:run_until_complete finished with '0'
[2.537s] DEBUG:colcon.colcon_core.event_reactor:joining thread
[2.549s] INFO:colcon.colcon_core.plugin_system:Skipping extension 'colcon_notification.desktop_notification.notify_send': Could not find 'notify-send'
[2.550s] INFO:colcon.colcon_core.plugin_system:Skipping extension 'colcon_notification.desktop_notification.terminal_notifier': Not used on non-Darwin systems
[2.550s] INFO:colcon.colcon_core.plugin_system:Skipping extension 'colcon_notification.desktop_notification.win32': Not used on non-Windows systems
[2.550s] INFO:colcon.colcon_notification.desktop_notification:Sending desktop notification using 'notify2'
[2.550s] DEBUG:colcon.colcon_notification.desktop_notification.notify2:Failed to initialize notify2: org.freedesktop.DBus.Error.NotSupported: Unable to autolaunch a dbus-daemon without a $DISPLAY for X11
[2.550s] DEBUG:colcon.colcon_core.event_reactor:joined thread
[2.559s] INFO:colcon.colcon_core.shell:Creating prefix script '/workspace/ros2_ws/install/local_setup.ps1'
[2.560s] INFO:colcon.colcon_core.shell:Creating prefix util module '/workspace/ros2_ws/install/_local_setup_util_ps1.py'
[2.562s] INFO:colcon.colcon_core.shell:Creating prefix chain script '/workspace/ros2_ws/install/setup.ps1'
[2.570s] INFO:colcon.colcon_core.shell:Creating prefix script '/workspace/ros2_ws/install/local_setup.sh'
[2.571s] INFO:colcon.colcon_core.shell:Creating prefix util module '/workspace/ros2_ws/install/_local_setup_util_sh.py'
[2.571s] INFO:colcon.colcon_core.shell:Creating prefix chain script '/workspace/ros2_ws/install/setup.sh'
[2.579s] INFO:colcon.colcon_core.shell:Creating prefix script '/workspace/ros2_ws/install/local_setup.bash'
[2.580s] INFO:colcon.colcon_core.shell:Creating prefix chain script '/workspace/ros2_ws/install/setup.bash'
[2.589s] INFO:colcon.colcon_core.shell:Creating prefix script '/workspace/ros2_ws/install/local_setup.zsh'
[2.590s] INFO:colcon.colcon_core.shell:Creating prefix chain script '/workspace/ros2_ws/install/setup.zsh'
