-- The C compiler identification is GNU 11.3.0
-- The CXX compiler identification is GNU 11.3.0
-- Detecting C compiler ABI info
-- Detecting C compiler ABI info - done
-- Check for working C compiler: /usr/bin/cc - skipped
-- Detecting C compile features
-- Detecting C compile features - done
-- Detecting CXX compiler ABI info
-- Detecting CXX compiler ABI info - done
-- Check for working CXX compiler: /usr/bin/c++ - skipped
-- Detecting CXX compile features
-- Detecting CXX compile features - done
-- Found ament_cmake: 1.3.3 (/opt/ros/humble/share/ament_cmake/cmake)
-- Found Python3: /usr/bin/python3.10 (found version "3.10.6") found components: Interpreter 
-- Found rosidl_default_generators: 1.2.0 (/opt/ros/humble/share/rosidl_default_generators/cmake)
-- Using all available rosidl_typesupport_c: rosidl_typesupport_fastrtps_c;rosidl_typesupport_introspection_c
-- Found rosidl_adapter: 3.1.4 (/opt/ros/humble/share/rosidl_adapter/cmake)
-- Using all available rosidl_typesupport_cpp: rosidl_typesupport_fastrtps_cpp;rosidl_typesupport_introspection_cpp
-- Found ament_cmake_ros: 0.10.0 (/opt/ros/humble/share/ament_cmake_ros/cmake)
-- Using all available rosidl_typesupport_c: rosidl_typesupport_fastrtps_c;rosidl_typesupport_introspection_c
-- Using all available rosidl_typesupport_cpp: rosidl_typesupport_fastrtps_cpp;rosidl_typesupport_introspection_cpp
-- Found PythonInterp: /usr/bin/python3 (found suitable version "3.10.6", minimum required is "3.6") 
-- Found python_cmake_module: 0.10.0 (/opt/ros/humble/share/python_cmake_module/cmake)
-- Found PythonLibs: /usr/lib/x86_64-linux-gnu/libpython3.10.so (found suitable version "3.10.6", minimum required is "3.5") 
-- Using PYTHON_EXECUTABLE: /usr/bin/python3
-- Using PYTHON_INCLUDE_DIRS: /usr/include/python3.10
-- Using PYTHON_LIBRARIES: /usr/lib/x86_64-linux-gnu/libpython3.10.so
-- Found PythonExtra: .so  
-- Found ament_lint_auto: 0.12.5 (/opt/ros/humble/share/ament_lint_auto/cmake)
-- Added test 'lint_cmake' to check CMake code style
-- Added test 'xmllint' to check XML markup files
-- Configuring done (2.0s)
-- Generating done (0.0s)
-- Build files have been written to: /workspace/ros2_ws/build/dffw_msgs
[  2%] [34m[1mGenerating C code for ROS interfaces[0m
[  4%] [34m[1mGenerating C++ code for ROS interfaces[0m
[  4%] Built target ament_cmake_python_copy_dffw_msgs
running egg_info
creating dffw_msgs.egg-info
writing dffw_msgs.egg-info/PKG-INFO
writing dependency_links to dffw_msgs.egg-info/dependency_links.txt
writing top-level names to dffw_msgs.egg-info/top_level.txt
writing manifest file 'dffw_msgs.egg-info/SOURCES.txt'
reading manifest file 'dffw_msgs.egg-info/SOURCES.txt'
writing manifest file 'dffw_msgs.egg-info/SOURCES.txt'
[  4%] Built target ament_cmake_python_build_dffw_msgs_egg
[  4%] Built target dffw_msgs__cpp
[  8%] [34m[1mGenerating C++ introspection for ROS interfaces[0m
[ 10%] [34m[1mGenerating C++ type support for eProsima Fast-RTPS[0m
[ 10%] [34m[1mGenerating C++ type support dispatch for ROS interfaces[0m
[ 12%] [32mBuilding C object CMakeFiles/dffw_msgs__rosidl_generator_c.dir/rosidl_generator_c/dffw_msgs/msg/detail/pytorch_tensor_float32__functions.c.o[0m
[ 14%] [32mBuilding C object CMakeFiles/dffw_msgs__rosidl_generator_c.dir/rosidl_generator_c/dffw_msgs/msg/detail/train_forward__functions.c.o[0m
[ 17%] [32mBuilding C object CMakeFiles/dffw_msgs__rosidl_generator_c.dir/rosidl_generator_c/dffw_msgs/msg/detail/inferance_forward__functions.c.o[0m
[ 19%] [32m[1mLinking C shared library libdffw_msgs__rosidl_generator_c.so[0m
[ 19%] Built target dffw_msgs__rosidl_generator_c
[ 21%] [34m[1mGenerating C type support for eProsima Fast-RTPS[0m
[ 23%] [32mBuilding CXX object CMakeFiles/dffw_msgs__rosidl_typesupport_cpp.dir/rosidl_typesupport_cpp/dffw_msgs/msg/pytorch_tensor_float32__type_support.cpp.o[0m
[ 25%] [32mBuilding CXX object CMakeFiles/dffw_msgs__rosidl_typesupport_introspection_cpp.dir/rosidl_typesupport_introspection_cpp/dffw_msgs/msg/detail/pytorch_tensor_float32__type_support.cpp.o[0m
[ 27%] [32mBuilding CXX object CMakeFiles/dffw_msgs__rosidl_typesupport_fastrtps_cpp.dir/rosidl_typesupport_fastrtps_cpp/dffw_msgs/msg/detail/dds_fastrtps/pytorch_tensor_float32__type_support.cpp.o[0m
[ 29%] [32mBuilding CXX object CMakeFiles/dffw_msgs__rosidl_typesupport_cpp.dir/rosidl_typesupport_cpp/dffw_msgs/msg/train_forward__type_support.cpp.o[0m
[ 31%] [32mBuilding CXX object CMakeFiles/dffw_msgs__rosidl_typesupport_fastrtps_c.dir/rosidl_typesupport_fastrtps_c/dffw_msgs/msg/detail/pytorch_tensor_float32__type_support_c.cpp.o[0m
[ 34%] [32mBuilding CXX object CMakeFiles/dffw_msgs__rosidl_typesupport_introspection_cpp.dir/rosidl_typesupport_introspection_cpp/dffw_msgs/msg/detail/train_forward__type_support.cpp.o[0m
[ 36%] [32mBuilding CXX object CMakeFiles/dffw_msgs__rosidl_typesupport_cpp.dir/rosidl_typesupport_cpp/dffw_msgs/msg/inferance_forward__type_support.cpp.o[0m
[ 38%] [32mBuilding CXX object CMakeFiles/dffw_msgs__rosidl_typesupport_fastrtps_cpp.dir/rosidl_typesupport_fastrtps_cpp/dffw_msgs/msg/detail/dds_fastrtps/train_forward__type_support.cpp.o[0m
[ 40%] [32mBuilding CXX object CMakeFiles/dffw_msgs__rosidl_typesupport_fastrtps_c.dir/rosidl_typesupport_fastrtps_c/dffw_msgs/msg/detail/train_forward__type_support_c.cpp.o[0m
[ 42%] [32m[1mLinking CXX shared library libdffw_msgs__rosidl_typesupport_cpp.so[0m
[ 42%] Built target dffw_msgs__rosidl_typesupport_cpp
[ 44%] [34m[1mGenerating C introspection for ROS interfaces[0m
[ 46%] [32mBuilding CXX object CMakeFiles/dffw_msgs__rosidl_typesupport_introspection_cpp.dir/rosidl_typesupport_introspection_cpp/dffw_msgs/msg/detail/inferance_forward__type_support.cpp.o[0m
[ 48%] [32mBuilding CXX object CMakeFiles/dffw_msgs__rosidl_typesupport_fastrtps_c.dir/rosidl_typesupport_fastrtps_c/dffw_msgs/msg/detail/inferance_forward__type_support_c.cpp.o[0m
[ 51%] [32mBuilding CXX object CMakeFiles/dffw_msgs__rosidl_typesupport_fastrtps_cpp.dir/rosidl_typesupport_fastrtps_cpp/dffw_msgs/msg/detail/dds_fastrtps/inferance_forward__type_support.cpp.o[0m
[ 53%] [32mBuilding C object CMakeFiles/dffw_msgs__rosidl_typesupport_introspection_c.dir/rosidl_typesupport_introspection_c/dffw_msgs/msg/detail/pytorch_tensor_float32__type_support.c.o[0m
[ 55%] [32mBuilding C object CMakeFiles/dffw_msgs__rosidl_typesupport_introspection_c.dir/rosidl_typesupport_introspection_c/dffw_msgs/msg/detail/train_forward__type_support.c.o[0m
[ 57%] [32mBuilding C object CMakeFiles/dffw_msgs__rosidl_typesupport_introspection_c.dir/rosidl_typesupport_introspection_c/dffw_msgs/msg/detail/inferance_forward__type_support.c.o[0m
[ 59%] [32m[1mLinking CXX shared library libdffw_msgs__rosidl_typesupport_fastrtps_c.so[0m
[ 61%] [32m[1mLinking C shared library libdffw_msgs__rosidl_typesupport_introspection_c.so[0m
[ 63%] [32m[1mLinking CXX shared library libdffw_msgs__rosidl_typesupport_introspection_cpp.so[0m
[ 63%] Built target dffw_msgs__rosidl_typesupport_introspection_c
[ 65%] [34m[1mGenerating C type support dispatch for ROS interfaces[0m
[ 65%] Built target dffw_msgs__rosidl_typesupport_fastrtps_c
[ 65%] Built target dffw_msgs__rosidl_typesupport_introspection_cpp
[ 68%] [32m[1mLinking CXX shared library libdffw_msgs__rosidl_typesupport_fastrtps_cpp.so[0m
[ 68%] Built target dffw_msgs__rosidl_typesupport_fastrtps_cpp
[ 72%] [32mBuilding CXX object CMakeFiles/dffw_msgs__rosidl_typesupport_c.dir/rosidl_typesupport_c/dffw_msgs/msg/train_forward__type_support.cpp.o[0m
[ 74%] [32mBuilding CXX object CMakeFiles/dffw_msgs__rosidl_typesupport_c.dir/rosidl_typesupport_c/dffw_msgs/msg/inferance_forward__type_support.cpp.o[0m
[ 74%] [32mBuilding CXX object CMakeFiles/dffw_msgs__rosidl_typesupport_c.dir/rosidl_typesupport_c/dffw_msgs/msg/pytorch_tensor_float32__type_support.cpp.o[0m
[ 76%] [32m[1mLinking CXX shared library libdffw_msgs__rosidl_typesupport_c.so[0m
[ 76%] Built target dffw_msgs__rosidl_typesupport_c
[ 76%] Built target dffw_msgs
[ 78%] [34m[1mGenerating Python code for ROS interfaces[0m
[ 78%] Built target dffw_msgs__py
[ 82%] [32mBuilding C object CMakeFiles/dffw_msgs__rosidl_generator_py.dir/rosidl_generator_py/dffw_msgs/msg/_pytorch_tensor_float32_s.c.o[0m
[ 82%] [32mBuilding C object CMakeFiles/dffw_msgs__rosidl_generator_py.dir/rosidl_generator_py/dffw_msgs/msg/_train_forward_s.c.o[0m
[ 85%] [32mBuilding C object CMakeFiles/dffw_msgs__rosidl_generator_py.dir/rosidl_generator_py/dffw_msgs/msg/_inferance_forward_s.c.o[0m
[ 87%] [32m[1mLinking C shared library rosidl_generator_py/dffw_msgs/libdffw_msgs__rosidl_generator_py.so[0m
[ 87%] Built target dffw_msgs__rosidl_generator_py
[ 93%] [32mBuilding C object CMakeFiles/dffw_msgs__rosidl_typesupport_c__pyext.dir/rosidl_generator_py/dffw_msgs/_dffw_msgs_s.ep.rosidl_typesupport_c.c.o[0m
[ 93%] [32mBuilding C object CMakeFiles/dffw_msgs__rosidl_typesupport_introspection_c__pyext.dir/rosidl_generator_py/dffw_msgs/_dffw_msgs_s.ep.rosidl_typesupport_introspection_c.c.o[0m
[ 93%] [32mBuilding C object CMakeFiles/dffw_msgs__rosidl_typesupport_fastrtps_c__pyext.dir/rosidl_generator_py/dffw_msgs/_dffw_msgs_s.ep.rosidl_typesupport_fastrtps_c.c.o[0m
[ 95%] [32m[1mLinking C shared library rosidl_generator_py/dffw_msgs/dffw_msgs_s__rosidl_typesupport_introspection_c.cpython-310-x86_64-linux-gnu.so[0m
[ 97%] [32m[1mLinking C shared library rosidl_generator_py/dffw_msgs/dffw_msgs_s__rosidl_typesupport_c.cpython-310-x86_64-linux-gnu.so[0m
[100%] [32m[1mLinking C shared library rosidl_generator_py/dffw_msgs/dffw_msgs_s__rosidl_typesupport_fastrtps_c.cpython-310-x86_64-linux-gnu.so[0m
[100%] Built target dffw_msgs__rosidl_typesupport_introspection_c__pyext
[100%] Built target dffw_msgs__rosidl_typesupport_c__pyext
[100%] Built target dffw_msgs__rosidl_typesupport_fastrtps_c__pyext
-- Install configuration: ""
-- Installing: /workspace/ros2_ws/install/dffw_msgs/share/ament_index/resource_index/rosidl_interfaces/dffw_msgs
-- Installing: /workspace/ros2_ws/install/dffw_msgs/include/dffw_msgs/dffw_msgs
-- Installing: /workspace/ros2_ws/install/dffw_msgs/include/dffw_msgs/dffw_msgs/msg
-- Installing: /workspace/ros2_ws/install/dffw_msgs/include/dffw_msgs/dffw_msgs/msg/rosidl_generator_c__visibility_control.h
-- Installing: /workspace/ros2_ws/install/dffw_msgs/include/dffw_msgs/dffw_msgs/msg/inferance_forward.h
-- Installing: /workspace/ros2_ws/install/dffw_msgs/include/dffw_msgs/dffw_msgs/msg/detail
-- Installing: /workspace/ros2_ws/install/dffw_msgs/include/dffw_msgs/dffw_msgs/msg/detail/pytorch_tensor_float32__functions.h
-- Installing: /workspace/ros2_ws/install/dffw_msgs/include/dffw_msgs/dffw_msgs/msg/detail/train_forward__functions.c
-- Installing: /workspace/ros2_ws/install/dffw_msgs/include/dffw_msgs/dffw_msgs/msg/detail/inferance_forward__type_support.h
-- Installing: /workspace/ros2_ws/install/dffw_msgs/include/dffw_msgs/dffw_msgs/msg/detail/inferance_forward__functions.c
-- Installing: /workspace/ros2_ws/install/dffw_msgs/include/dffw_msgs/dffw_msgs/msg/detail/train_forward__struct.h
-- Installing: /workspace/ros2_ws/install/dffw_msgs/include/dffw_msgs/dffw_msgs/msg/detail/train_forward__type_support.h
-- Installing: /workspace/ros2_ws/install/dffw_msgs/include/dffw_msgs/dffw_msgs/msg/detail/pytorch_tensor_float32__struct.h
-- Installing: /workspace/ros2_ws/install/dffw_msgs/include/dffw_msgs/dffw_msgs/msg/detail/pytorch_tensor_float32__type_support.h
-- Installing: /workspace/ros2_ws/install/dffw_msgs/include/dffw_msgs/dffw_msgs/msg/detail/inferance_forward__struct.h
-- Installing: /workspace/ros2_ws/install/dffw_msgs/include/dffw_msgs/dffw_msgs/msg/detail/train_forward__functions.h
-- Installing: /workspace/ros2_ws/install/dffw_msgs/include/dffw_msgs/dffw_msgs/msg/detail/inferance_forward__functions.h
-- Installing: /workspace/ros2_ws/install/dffw_msgs/include/dffw_msgs/dffw_msgs/msg/detail/pytorch_tensor_float32__functions.c
-- Installing: /workspace/ros2_ws/install/dffw_msgs/include/dffw_msgs/dffw_msgs/msg/train_forward.h
-- Installing: /workspace/ros2_ws/install/dffw_msgs/include/dffw_msgs/dffw_msgs/msg/pytorch_tensor_float32.h
-- Installing: /workspace/ros2_ws/install/dffw_msgs/share/dffw_msgs/environment/library_path.sh
-- Installing: /workspace/ros2_ws/install/dffw_msgs/share/dffw_msgs/environment/library_path.dsv
-- Installing: /workspace/ros2_ws/install/dffw_msgs/lib/libdffw_msgs__rosidl_generator_c.so
-- Set runtime path of "/workspace/ros2_ws/install/dffw_msgs/lib/libdffw_msgs__rosidl_generator_c.so" to ""
-- Up-to-date: /workspace/ros2_ws/install/dffw_msgs/include/dffw_msgs/dffw_msgs
-- Up-to-date: /workspace/ros2_ws/install/dffw_msgs/include/dffw_msgs/dffw_msgs/msg
-- Installing: /workspace/ros2_ws/install/dffw_msgs/include/dffw_msgs/dffw_msgs/msg/rosidl_typesupport_fastrtps_c__visibility_control.h
-- Up-to-date: /workspace/ros2_ws/install/dffw_msgs/include/dffw_msgs/dffw_msgs/msg/detail
-- Installing: /workspace/ros2_ws/install/dffw_msgs/include/dffw_msgs/dffw_msgs/msg/detail/pytorch_tensor_float32__rosidl_typesupport_fastrtps_c.h
-- Installing: /workspace/ros2_ws/install/dffw_msgs/include/dffw_msgs/dffw_msgs/msg/detail/inferance_forward__rosidl_typesupport_fastrtps_c.h
-- Installing: /workspace/ros2_ws/install/dffw_msgs/include/dffw_msgs/dffw_msgs/msg/detail/train_forward__rosidl_typesupport_fastrtps_c.h
-- Installing: /workspace/ros2_ws/install/dffw_msgs/lib/libdffw_msgs__rosidl_typesupport_fastrtps_c.so
-- Set runtime path of "/workspace/ros2_ws/install/dffw_msgs/lib/libdffw_msgs__rosidl_typesupport_fastrtps_c.so" to ""
-- Up-to-date: /workspace/ros2_ws/install/dffw_msgs/include/dffw_msgs/dffw_msgs
-- Up-to-date: /workspace/ros2_ws/install/dffw_msgs/include/dffw_msgs/dffw_msgs/msg
-- Installing: /workspace/ros2_ws/install/dffw_msgs/include/dffw_msgs/dffw_msgs/msg/rosidl_typesupport_introspection_c__visibility_control.h
-- Up-to-date: /workspace/ros2_ws/install/dffw_msgs/include/dffw_msgs/dffw_msgs/msg/detail
-- Installing: /workspace/ros2_ws/install/dffw_msgs/include/dffw_msgs/dffw_msgs/msg/detail/train_forward__type_support.c
-- Installing: /workspace/ros2_ws/install/dffw_msgs/include/dffw_msgs/dffw_msgs/msg/detail/pytorch_tensor_float32__rosidl_typesupport_introspection_c.h
-- Installing: /workspace/ros2_ws/install/dffw_msgs/include/dffw_msgs/dffw_msgs/msg/detail/inferance_forward__rosidl_typesupport_introspection_c.h
-- Installing: /workspace/ros2_ws/install/dffw_msgs/include/dffw_msgs/dffw_msgs/msg/detail/inferance_forward__type_support.c
-- Installing: /workspace/ros2_ws/install/dffw_msgs/include/dffw_msgs/dffw_msgs/msg/detail/pytorch_tensor_float32__type_support.c
-- Installing: /workspace/ros2_ws/install/dffw_msgs/include/dffw_msgs/dffw_msgs/msg/detail/train_forward__rosidl_typesupport_introspection_c.h
-- Installing: /workspace/ros2_ws/install/dffw_msgs/lib/libdffw_msgs__rosidl_typesupport_introspection_c.so
-- Set runtime path of "/workspace/ros2_ws/install/dffw_msgs/lib/libdffw_msgs__rosidl_typesupport_introspection_c.so" to ""
-- Installing: /workspace/ros2_ws/install/dffw_msgs/lib/libdffw_msgs__rosidl_typesupport_c.so
-- Set runtime path of "/workspace/ros2_ws/install/dffw_msgs/lib/libdffw_msgs__rosidl_typesupport_c.so" to ""
-- Up-to-date: /workspace/ros2_ws/install/dffw_msgs/include/dffw_msgs/dffw_msgs
-- Up-to-date: /workspace/ros2_ws/install/dffw_msgs/include/dffw_msgs/dffw_msgs/msg
-- Installing: /workspace/ros2_ws/install/dffw_msgs/include/dffw_msgs/dffw_msgs/msg/pytorch_tensor_float32.hpp
-- Installing: /workspace/ros2_ws/install/dffw_msgs/include/dffw_msgs/dffw_msgs/msg/inferance_forward.hpp
-- Installing: /workspace/ros2_ws/install/dffw_msgs/include/dffw_msgs/dffw_msgs/msg/train_forward.hpp
-- Up-to-date: /workspace/ros2_ws/install/dffw_msgs/include/dffw_msgs/dffw_msgs/msg/detail
-- Installing: /workspace/ros2_ws/install/dffw_msgs/include/dffw_msgs/dffw_msgs/msg/detail/inferance_forward__traits.hpp
-- Installing: /workspace/ros2_ws/install/dffw_msgs/include/dffw_msgs/dffw_msgs/msg/detail/inferance_forward__struct.hpp
-- Installing: /workspace/ros2_ws/install/dffw_msgs/include/dffw_msgs/dffw_msgs/msg/detail/train_forward__traits.hpp
-- Installing: /workspace/ros2_ws/install/dffw_msgs/include/dffw_msgs/dffw_msgs/msg/detail/pytorch_tensor_float32__builder.hpp
-- Installing: /workspace/ros2_ws/install/dffw_msgs/include/dffw_msgs/dffw_msgs/msg/detail/pytorch_tensor_float32__traits.hpp
-- Installing: /workspace/ros2_ws/install/dffw_msgs/include/dffw_msgs/dffw_msgs/msg/detail/train_forward__builder.hpp
-- Installing: /workspace/ros2_ws/install/dffw_msgs/include/dffw_msgs/dffw_msgs/msg/detail/pytorch_tensor_float32__struct.hpp
-- Installing: /workspace/ros2_ws/install/dffw_msgs/include/dffw_msgs/dffw_msgs/msg/detail/train_forward__struct.hpp
-- Installing: /workspace/ros2_ws/install/dffw_msgs/include/dffw_msgs/dffw_msgs/msg/detail/inferance_forward__builder.hpp
-- Up-to-date: /workspace/ros2_ws/install/dffw_msgs/include/dffw_msgs/dffw_msgs
-- Up-to-date: /workspace/ros2_ws/install/dffw_msgs/include/dffw_msgs/dffw_msgs/msg
-- Up-to-date: /workspace/ros2_ws/install/dffw_msgs/include/dffw_msgs/dffw_msgs/msg/detail
-- Installing: /workspace/ros2_ws/install/dffw_msgs/include/dffw_msgs/dffw_msgs/msg/detail/inferance_forward__rosidl_typesupport_fastrtps_cpp.hpp
-- Installing: /workspace/ros2_ws/install/dffw_msgs/include/dffw_msgs/dffw_msgs/msg/detail/train_forward__rosidl_typesupport_fastrtps_cpp.hpp
-- Installing: /workspace/ros2_ws/install/dffw_msgs/include/dffw_msgs/dffw_msgs/msg/detail/pytorch_tensor_float32__rosidl_typesupport_fastrtps_cpp.hpp
-- Installing: /workspace/ros2_ws/install/dffw_msgs/include/dffw_msgs/dffw_msgs/msg/detail/dds_fastrtps
-- Installing: /workspace/ros2_ws/install/dffw_msgs/include/dffw_msgs/dffw_msgs/msg/rosidl_typesupport_fastrtps_cpp__visibility_control.h
-- Installing: /workspace/ros2_ws/install/dffw_msgs/lib/libdffw_msgs__rosidl_typesupport_fastrtps_cpp.so
-- Set runtime path of "/workspace/ros2_ws/install/dffw_msgs/lib/libdffw_msgs__rosidl_typesupport_fastrtps_cpp.so" to ""
-- Up-to-date: /workspace/ros2_ws/install/dffw_msgs/include/dffw_msgs/dffw_msgs
-- Up-to-date: /workspace/ros2_ws/install/dffw_msgs/include/dffw_msgs/dffw_msgs/msg
-- Up-to-date: /workspace/ros2_ws/install/dffw_msgs/include/dffw_msgs/dffw_msgs/msg/detail
-- Installing: /workspace/ros2_ws/install/dffw_msgs/include/dffw_msgs/dffw_msgs/msg/detail/train_forward__type_support.cpp
-- Installing: /workspace/ros2_ws/install/dffw_msgs/include/dffw_msgs/dffw_msgs/msg/detail/inferance_forward__type_support.cpp
-- Installing: /workspace/ros2_ws/install/dffw_msgs/include/dffw_msgs/dffw_msgs/msg/detail/inferance_forward__rosidl_typesupport_introspection_cpp.hpp
-- Installing: /workspace/ros2_ws/install/dffw_msgs/include/dffw_msgs/dffw_msgs/msg/detail/pytorch_tensor_float32__rosidl_typesupport_introspection_cpp.hpp
-- Installing: /workspace/ros2_ws/install/dffw_msgs/include/dffw_msgs/dffw_msgs/msg/detail/pytorch_tensor_float32__type_support.cpp
-- Installing: /workspace/ros2_ws/install/dffw_msgs/include/dffw_msgs/dffw_msgs/msg/detail/train_forward__rosidl_typesupport_introspection_cpp.hpp
-- Installing: /workspace/ros2_ws/install/dffw_msgs/lib/libdffw_msgs__rosidl_typesupport_introspection_cpp.so
-- Set runtime path of "/workspace/ros2_ws/install/dffw_msgs/lib/libdffw_msgs__rosidl_typesupport_introspection_cpp.so" to ""
-- Installing: /workspace/ros2_ws/install/dffw_msgs/lib/libdffw_msgs__rosidl_typesupport_cpp.so
-- Set runtime path of "/workspace/ros2_ws/install/dffw_msgs/lib/libdffw_msgs__rosidl_typesupport_cpp.so" to ""
-- Installing: /workspace/ros2_ws/install/dffw_msgs/share/dffw_msgs/environment/pythonpath.sh
-- Installing: /workspace/ros2_ws/install/dffw_msgs/share/dffw_msgs/environment/pythonpath.dsv
-- Installing: /workspace/ros2_ws/install/dffw_msgs/local/lib/python3.10/dist-packages/dffw_msgs-0.0.0-py3.10.egg-info
-- Installing: /workspace/ros2_ws/install/dffw_msgs/local/lib/python3.10/dist-packages/dffw_msgs-0.0.0-py3.10.egg-info/dependency_links.txt
-- Installing: /workspace/ros2_ws/install/dffw_msgs/local/lib/python3.10/dist-packages/dffw_msgs-0.0.0-py3.10.egg-info/top_level.txt
-- Installing: /workspace/ros2_ws/install/dffw_msgs/local/lib/python3.10/dist-packages/dffw_msgs-0.0.0-py3.10.egg-info/SOURCES.txt
-- Installing: /workspace/ros2_ws/install/dffw_msgs/local/lib/python3.10/dist-packages/dffw_msgs-0.0.0-py3.10.egg-info/PKG-INFO
-- Installing: /workspace/ros2_ws/install/dffw_msgs/local/lib/python3.10/dist-packages/dffw_msgs
-- Installing: /workspace/ros2_ws/install/dffw_msgs/local/lib/python3.10/dist-packages/dffw_msgs/_dffw_msgs_s.ep.rosidl_typesupport_c.c
-- Installing: /workspace/ros2_ws/install/dffw_msgs/local/lib/python3.10/dist-packages/dffw_msgs/_dffw_msgs_s.ep.rosidl_typesupport_fastrtps_c.c
-- Installing: /workspace/ros2_ws/install/dffw_msgs/local/lib/python3.10/dist-packages/dffw_msgs/msg
-- Installing: /workspace/ros2_ws/install/dffw_msgs/local/lib/python3.10/dist-packages/dffw_msgs/msg/_train_forward_s.c
-- Installing: /workspace/ros2_ws/install/dffw_msgs/local/lib/python3.10/dist-packages/dffw_msgs/msg/_pytorch_tensor_float32.py
-- Installing: /workspace/ros2_ws/install/dffw_msgs/local/lib/python3.10/dist-packages/dffw_msgs/msg/_inferance_forward.py
-- Installing: /workspace/ros2_ws/install/dffw_msgs/local/lib/python3.10/dist-packages/dffw_msgs/msg/_train_forward.py
-- Installing: /workspace/ros2_ws/install/dffw_msgs/local/lib/python3.10/dist-packages/dffw_msgs/msg/__init__.py
-- Installing: /workspace/ros2_ws/install/dffw_msgs/local/lib/python3.10/dist-packages/dffw_msgs/msg/_pytorch_tensor_float32_s.c
-- Installing: /workspace/ros2_ws/install/dffw_msgs/local/lib/python3.10/dist-packages/dffw_msgs/msg/_inferance_forward_s.c
-- Installing: /workspace/ros2_ws/install/dffw_msgs/local/lib/python3.10/dist-packages/dffw_msgs/__init__.py
-- Installing: /workspace/ros2_ws/install/dffw_msgs/local/lib/python3.10/dist-packages/dffw_msgs/libdffw_msgs__rosidl_generator_py.so
-- Installing: /workspace/ros2_ws/install/dffw_msgs/local/lib/python3.10/dist-packages/dffw_msgs/_dffw_msgs_s.ep.rosidl_typesupport_introspection_c.c
-- Installing: /workspace/ros2_ws/install/dffw_msgs/local/lib/python3.10/dist-packages/dffw_msgs/dffw_msgs_s__rosidl_typesupport_fastrtps_c.cpython-310-x86_64-linux-gnu.so
-- Installing: /workspace/ros2_ws/install/dffw_msgs/local/lib/python3.10/dist-packages/dffw_msgs/dffw_msgs_s__rosidl_typesupport_introspection_c.cpython-310-x86_64-linux-gnu.so
-- Installing: /workspace/ros2_ws/install/dffw_msgs/local/lib/python3.10/dist-packages/dffw_msgs/dffw_msgs_s__rosidl_typesupport_c.cpython-310-x86_64-linux-gnu.so
Listing '/workspace/ros2_ws/install/dffw_msgs/local/lib/python3.10/dist-packages/dffw_msgs'...
Compiling '/workspace/ros2_ws/install/dffw_msgs/local/lib/python3.10/dist-packages/dffw_msgs/__init__.py'...
Listing '/workspace/ros2_ws/install/dffw_msgs/local/lib/python3.10/dist-packages/dffw_msgs/msg'...
Compiling '/workspace/ros2_ws/install/dffw_msgs/local/lib/python3.10/dist-packages/dffw_msgs/msg/__init__.py'...
Compiling '/workspace/ros2_ws/install/dffw_msgs/local/lib/python3.10/dist-packages/dffw_msgs/msg/_inferance_forward.py'...
Compiling '/workspace/ros2_ws/install/dffw_msgs/local/lib/python3.10/dist-packages/dffw_msgs/msg/_pytorch_tensor_float32.py'...
Compiling '/workspace/ros2_ws/install/dffw_msgs/local/lib/python3.10/dist-packages/dffw_msgs/msg/_train_forward.py'...
-- Installing: /workspace/ros2_ws/install/dffw_msgs/local/lib/python3.10/dist-packages/dffw_msgs/dffw_msgs_s__rosidl_typesupport_fastrtps_c.cpython-310-x86_64-linux-gnu.so
-- Set runtime path of "/workspace/ros2_ws/install/dffw_msgs/local/lib/python3.10/dist-packages/dffw_msgs/dffw_msgs_s__rosidl_typesupport_fastrtps_c.cpython-310-x86_64-linux-gnu.so" to ""
-- Installing: /workspace/ros2_ws/install/dffw_msgs/local/lib/python3.10/dist-packages/dffw_msgs/dffw_msgs_s__rosidl_typesupport_introspection_c.cpython-310-x86_64-linux-gnu.so
-- Set runtime path of "/workspace/ros2_ws/install/dffw_msgs/local/lib/python3.10/dist-packages/dffw_msgs/dffw_msgs_s__rosidl_typesupport_introspection_c.cpython-310-x86_64-linux-gnu.so" to ""
-- Installing: /workspace/ros2_ws/install/dffw_msgs/local/lib/python3.10/dist-packages/dffw_msgs/dffw_msgs_s__rosidl_typesupport_c.cpython-310-x86_64-linux-gnu.so
-- Set runtime path of "/workspace/ros2_ws/install/dffw_msgs/local/lib/python3.10/dist-packages/dffw_msgs/dffw_msgs_s__rosidl_typesupport_c.cpython-310-x86_64-linux-gnu.so" to ""
-- Installing: /workspace/ros2_ws/install/dffw_msgs/lib/libdffw_msgs__rosidl_generator_py.so
-- Set runtime path of "/workspace/ros2_ws/install/dffw_msgs/lib/libdffw_msgs__rosidl_generator_py.so" to ""
-- Installing: /workspace/ros2_ws/install/dffw_msgs/share/dffw_msgs/msg/PytorchTensorFloat32.idl
-- Installing: /workspace/ros2_ws/install/dffw_msgs/share/dffw_msgs/msg/TrainForward.idl
-- Installing: /workspace/ros2_ws/install/dffw_msgs/share/dffw_msgs/msg/InferanceForward.idl
-- Installing: /workspace/ros2_ws/install/dffw_msgs/share/dffw_msgs/msg/PytorchTensorFloat32.msg
-- Installing: /workspace/ros2_ws/install/dffw_msgs/share/dffw_msgs/msg/TrainForward.msg
-- Installing: /workspace/ros2_ws/install/dffw_msgs/share/dffw_msgs/msg/InferanceForward.msg
-- Installing: /workspace/ros2_ws/install/dffw_msgs/share/ament_index/resource_index/package_run_dependencies/dffw_msgs
-- Installing: /workspace/ros2_ws/install/dffw_msgs/share/ament_index/resource_index/parent_prefix_path/dffw_msgs
-- Installing: /workspace/ros2_ws/install/dffw_msgs/share/dffw_msgs/environment/ament_prefix_path.sh
-- Installing: /workspace/ros2_ws/install/dffw_msgs/share/dffw_msgs/environment/ament_prefix_path.dsv
-- Installing: /workspace/ros2_ws/install/dffw_msgs/share/dffw_msgs/environment/path.sh
-- Installing: /workspace/ros2_ws/install/dffw_msgs/share/dffw_msgs/environment/path.dsv
-- Installing: /workspace/ros2_ws/install/dffw_msgs/share/dffw_msgs/local_setup.bash
-- Installing: /workspace/ros2_ws/install/dffw_msgs/share/dffw_msgs/local_setup.sh
-- Installing: /workspace/ros2_ws/install/dffw_msgs/share/dffw_msgs/local_setup.zsh
-- Installing: /workspace/ros2_ws/install/dffw_msgs/share/dffw_msgs/local_setup.dsv
-- Installing: /workspace/ros2_ws/install/dffw_msgs/share/dffw_msgs/package.dsv
-- Installing: /workspace/ros2_ws/install/dffw_msgs/share/ament_index/resource_index/packages/dffw_msgs
-- Installing: /workspace/ros2_ws/install/dffw_msgs/share/dffw_msgs/cmake/export_dffw_msgs__rosidl_generator_cExport.cmake
-- Installing: /workspace/ros2_ws/install/dffw_msgs/share/dffw_msgs/cmake/export_dffw_msgs__rosidl_generator_cExport-noconfig.cmake
-- Installing: /workspace/ros2_ws/install/dffw_msgs/share/dffw_msgs/cmake/export_dffw_msgs__rosidl_typesupport_fastrtps_cExport.cmake
-- Installing: /workspace/ros2_ws/install/dffw_msgs/share/dffw_msgs/cmake/export_dffw_msgs__rosidl_typesupport_fastrtps_cExport-noconfig.cmake
-- Installing: /workspace/ros2_ws/install/dffw_msgs/share/dffw_msgs/cmake/dffw_msgs__rosidl_typesupport_introspection_cExport.cmake
-- Installing: /workspace/ros2_ws/install/dffw_msgs/share/dffw_msgs/cmake/dffw_msgs__rosidl_typesupport_introspection_cExport-noconfig.cmake
-- Installing: /workspace/ros2_ws/install/dffw_msgs/share/dffw_msgs/cmake/dffw_msgs__rosidl_typesupport_cExport.cmake
-- Installing: /workspace/ros2_ws/install/dffw_msgs/share/dffw_msgs/cmake/dffw_msgs__rosidl_typesupport_cExport-noconfig.cmake
-- Installing: /workspace/ros2_ws/install/dffw_msgs/share/dffw_msgs/cmake/export_dffw_msgs__rosidl_generator_cppExport.cmake
-- Installing: /workspace/ros2_ws/install/dffw_msgs/share/dffw_msgs/cmake/export_dffw_msgs__rosidl_typesupport_fastrtps_cppExport.cmake
-- Installing: /workspace/ros2_ws/install/dffw_msgs/share/dffw_msgs/cmake/export_dffw_msgs__rosidl_typesupport_fastrtps_cppExport-noconfig.cmake
-- Installing: /workspace/ros2_ws/install/dffw_msgs/share/dffw_msgs/cmake/dffw_msgs__rosidl_typesupport_introspection_cppExport.cmake
-- Installing: /workspace/ros2_ws/install/dffw_msgs/share/dffw_msgs/cmake/dffw_msgs__rosidl_typesupport_introspection_cppExport-noconfig.cmake
-- Installing: /workspace/ros2_ws/install/dffw_msgs/share/dffw_msgs/cmake/dffw_msgs__rosidl_typesupport_cppExport.cmake
-- Installing: /workspace/ros2_ws/install/dffw_msgs/share/dffw_msgs/cmake/dffw_msgs__rosidl_typesupport_cppExport-noconfig.cmake
-- Installing: /workspace/ros2_ws/install/dffw_msgs/share/dffw_msgs/cmake/export_dffw_msgs__rosidl_generator_pyExport.cmake
-- Installing: /workspace/ros2_ws/install/dffw_msgs/share/dffw_msgs/cmake/export_dffw_msgs__rosidl_generator_pyExport-noconfig.cmake
-- Installing: /workspace/ros2_ws/install/dffw_msgs/share/dffw_msgs/cmake/rosidl_cmake-extras.cmake
-- Installing: /workspace/ros2_ws/install/dffw_msgs/share/dffw_msgs/cmake/ament_cmake_export_include_directories-extras.cmake
-- Installing: /workspace/ros2_ws/install/dffw_msgs/share/dffw_msgs/cmake/ament_cmake_export_libraries-extras.cmake
-- Installing: /workspace/ros2_ws/install/dffw_msgs/share/dffw_msgs/cmake/ament_cmake_export_targets-extras.cmake
-- Installing: /workspace/ros2_ws/install/dffw_msgs/share/dffw_msgs/cmake/rosidl_cmake_export_typesupport_targets-extras.cmake
-- Installing: /workspace/ros2_ws/install/dffw_msgs/share/dffw_msgs/cmake/ament_cmake_export_dependencies-extras.cmake
-- Installing: /workspace/ros2_ws/install/dffw_msgs/share/dffw_msgs/cmake/rosidl_cmake_export_typesupport_libraries-extras.cmake
-- Installing: /workspace/ros2_ws/install/dffw_msgs/share/dffw_msgs/cmake/dffw_msgsConfig.cmake
-- Installing: /workspace/ros2_ws/install/dffw_msgs/share/dffw_msgs/cmake/dffw_msgsConfig-version.cmake
-- Installing: /workspace/ros2_ws/install/dffw_msgs/share/dffw_msgs/package.xml
