[0.036s] Invoking command in '/workspace/ros2_ws/build/dffw_msgs': CMAKE_PREFIX_PATH=${CMAKE_PREFIX_PATH}:/opt/ros/humble /usr/local/bin/cmake /workspace/ros2_ws/src/dffw_msgs -DCMAKE_INSTALL_PREFIX=/workspace/ros2_ws/install/dffw_msgs
[0.116s] -- The C compiler identification is GNU 11.3.0
[0.185s] -- The CXX compiler identification is GNU 11.3.0
[0.196s] -- Detecting C compiler ABI info
[0.259s] -- Detecting C compiler ABI info - done
[0.273s] -- Check for working C compiler: /usr/bin/cc - skipped
[0.273s] -- Detecting C compile features
[0.274s] -- Detecting C compile features - done
[0.278s] -- Detecting CXX compiler ABI info
[0.357s] -- Detecting CXX compiler ABI info - done
[0.373s] -- Check for working CXX compiler: /usr/bin/c++ - skipped
[0.373s] -- Detecting CXX compile features
[0.374s] -- Detecting CXX compile features - done
[0.377s] -- Found ament_cmake: 1.3.3 (/opt/ros/humble/share/ament_cmake/cmake)
[1.241s] -- Found Python3: /usr/bin/python3.10 (found version "3.10.6") found components: Interpreter 
[1.356s] -- Found rosidl_default_generators: 1.2.0 (/opt/ros/humble/share/rosidl_default_generators/cmake)
[1.360s] -- Using all available rosidl_typesupport_c: rosidl_typesupport_fastrtps_c;rosidl_typesupport_introspection_c
[1.369s] -- Found rosidl_adapter: 3.1.4 (/opt/ros/humble/share/rosidl_adapter/cmake)
[1.431s] -- Using all available rosidl_typesupport_cpp: rosidl_typesupport_fastrtps_cpp;rosidl_typesupport_introspection_cpp
[1.709s] -- Found ament_cmake_ros: 0.10.0 (/opt/ros/humble/share/ament_cmake_ros/cmake)
[1.818s] -- Using all available rosidl_typesupport_c: rosidl_typesupport_fastrtps_c;rosidl_typesupport_introspection_c
[1.958s] -- Using all available rosidl_typesupport_cpp: rosidl_typesupport_fastrtps_cpp;rosidl_typesupport_introspection_cpp
[1.985s] -- Found PythonInterp: /usr/bin/python3 (found suitable version "3.10.6", minimum required is "3.6") 
[1.986s] -- Found python_cmake_module: 0.10.0 (/opt/ros/humble/share/python_cmake_module/cmake)
[2.016s] -- Found PythonLibs: /usr/lib/x86_64-linux-gnu/libpython3.10.so (found suitable version "3.10.6", minimum required is "3.5") 
[2.016s] -- Using PYTHON_EXECUTABLE: /usr/bin/python3
[2.016s] -- Using PYTHON_INCLUDE_DIRS: /usr/include/python3.10
[2.016s] -- Using PYTHON_LIBRARIES: /usr/lib/x86_64-linux-gnu/libpython3.10.so
[2.041s] -- Found PythonExtra: .so  
[2.082s] -- Found ament_lint_auto: 0.12.5 (/opt/ros/humble/share/ament_lint_auto/cmake)
[2.104s] -- Added test 'lint_cmake' to check CMake code style
[2.106s] -- Added test 'xmllint' to check XML markup files
[2.110s] -- Configuring done (2.0s)
[2.150s] -- Generating done (0.0s)
[2.154s] -- Build files have been written to: /workspace/ros2_ws/build/dffw_msgs
[2.169s] Invoked command in '/workspace/ros2_ws/build/dffw_msgs' returned '0': CMAKE_PREFIX_PATH=${CMAKE_PREFIX_PATH}:/opt/ros/humble /usr/local/bin/cmake /workspace/ros2_ws/src/dffw_msgs -DCMAKE_INSTALL_PREFIX=/workspace/ros2_ws/install/dffw_msgs
[2.169s] Invoking command in '/workspace/ros2_ws/build/dffw_msgs': CMAKE_PREFIX_PATH=${CMAKE_PREFIX_PATH}:/opt/ros/humble /usr/local/bin/cmake --build /workspace/ros2_ws/build/dffw_msgs -- -j4 -l4
[2.224s] [  2%] [34m[1mGenerating C code for ROS interfaces[0m
[2.225s] [  4%] [34m[1mGenerating C++ code for ROS interfaces[0m
[2.228s] [  4%] Built target ament_cmake_python_copy_dffw_msgs
[2.469s] running egg_info
[2.470s] creating dffw_msgs.egg-info
[2.488s] writing dffw_msgs.egg-info/PKG-INFO
[2.489s] writing dependency_links to dffw_msgs.egg-info/dependency_links.txt
[2.489s] writing top-level names to dffw_msgs.egg-info/top_level.txt
[2.490s] writing manifest file 'dffw_msgs.egg-info/SOURCES.txt'
[2.545s] reading manifest file 'dffw_msgs.egg-info/SOURCES.txt'
[2.547s] writing manifest file 'dffw_msgs.egg-info/SOURCES.txt'
[2.577s] [  4%] Built target ament_cmake_python_build_dffw_msgs_egg
[2.637s] [  4%] Built target dffw_msgs__cpp
[2.643s] [  8%] [34m[1mGenerating C++ introspection for ROS interfaces[0m
[2.644s] [ 10%] [34m[1mGenerating C++ type support for eProsima Fast-RTPS[0m
[2.644s] [ 10%] [34m[1mGenerating C++ type support dispatch for ROS interfaces[0m
[2.714s] [ 12%] [32mBuilding C object CMakeFiles/dffw_msgs__rosidl_generator_c.dir/rosidl_generator_c/dffw_msgs/msg/detail/pytorch_tensor_float32__functions.c.o[0m
[2.766s] [ 14%] [32mBuilding C object CMakeFiles/dffw_msgs__rosidl_generator_c.dir/rosidl_generator_c/dffw_msgs/msg/detail/train_forward__functions.c.o[0m
[2.816s] [ 17%] [32mBuilding C object CMakeFiles/dffw_msgs__rosidl_generator_c.dir/rosidl_generator_c/dffw_msgs/msg/detail/inferance_forward__functions.c.o[0m
[2.867s] [ 19%] [32m[1mLinking C shared library libdffw_msgs__rosidl_generator_c.so[0m
[2.899s] [ 19%] Built target dffw_msgs__rosidl_generator_c
[2.904s] [ 21%] [34m[1mGenerating C type support for eProsima Fast-RTPS[0m
[2.994s] [ 23%] [32mBuilding CXX object CMakeFiles/dffw_msgs__rosidl_typesupport_cpp.dir/rosidl_typesupport_cpp/dffw_msgs/msg/pytorch_tensor_float32__type_support.cpp.o[0m
[3.037s] [ 25%] [32mBuilding CXX object CMakeFiles/dffw_msgs__rosidl_typesupport_introspection_cpp.dir/rosidl_typesupport_introspection_cpp/dffw_msgs/msg/detail/pytorch_tensor_float32__type_support.cpp.o[0m
[3.089s] [ 27%] [32mBuilding CXX object CMakeFiles/dffw_msgs__rosidl_typesupport_fastrtps_cpp.dir/rosidl_typesupport_fastrtps_cpp/dffw_msgs/msg/detail/dds_fastrtps/pytorch_tensor_float32__type_support.cpp.o[0m
[3.356s] [ 29%] [32mBuilding CXX object CMakeFiles/dffw_msgs__rosidl_typesupport_cpp.dir/rosidl_typesupport_cpp/dffw_msgs/msg/train_forward__type_support.cpp.o[0m
[3.372s] [ 31%] [32mBuilding CXX object CMakeFiles/dffw_msgs__rosidl_typesupport_fastrtps_c.dir/rosidl_typesupport_fastrtps_c/dffw_msgs/msg/detail/pytorch_tensor_float32__type_support_c.cpp.o[0m
[3.607s] [ 34%] [32mBuilding CXX object CMakeFiles/dffw_msgs__rosidl_typesupport_introspection_cpp.dir/rosidl_typesupport_introspection_cpp/dffw_msgs/msg/detail/train_forward__type_support.cpp.o[0m
[3.740s] [ 36%] [32mBuilding CXX object CMakeFiles/dffw_msgs__rosidl_typesupport_cpp.dir/rosidl_typesupport_cpp/dffw_msgs/msg/inferance_forward__type_support.cpp.o[0m
[3.765s] [ 38%] [32mBuilding CXX object CMakeFiles/dffw_msgs__rosidl_typesupport_fastrtps_cpp.dir/rosidl_typesupport_fastrtps_cpp/dffw_msgs/msg/detail/dds_fastrtps/train_forward__type_support.cpp.o[0m
[3.812s] [ 40%] [32mBuilding CXX object CMakeFiles/dffw_msgs__rosidl_typesupport_fastrtps_c.dir/rosidl_typesupport_fastrtps_c/dffw_msgs/msg/detail/train_forward__type_support_c.cpp.o[0m
[4.086s] [ 42%] [32m[1mLinking CXX shared library libdffw_msgs__rosidl_typesupport_cpp.so[0m
[4.122s] [ 42%] Built target dffw_msgs__rosidl_typesupport_cpp
[4.130s] [ 44%] [34m[1mGenerating C introspection for ROS interfaces[0m
[4.194s] [ 46%] [32mBuilding CXX object CMakeFiles/dffw_msgs__rosidl_typesupport_introspection_cpp.dir/rosidl_typesupport_introspection_cpp/dffw_msgs/msg/detail/inferance_forward__type_support.cpp.o[0m
[4.263s] [ 48%] [32mBuilding CXX object CMakeFiles/dffw_msgs__rosidl_typesupport_fastrtps_c.dir/rosidl_typesupport_fastrtps_c/dffw_msgs/msg/detail/inferance_forward__type_support_c.cpp.o[0m
[4.428s] [ 51%] [32mBuilding CXX object CMakeFiles/dffw_msgs__rosidl_typesupport_fastrtps_cpp.dir/rosidl_typesupport_fastrtps_cpp/dffw_msgs/msg/detail/dds_fastrtps/inferance_forward__type_support.cpp.o[0m
[4.606s] [ 53%] [32mBuilding C object CMakeFiles/dffw_msgs__rosidl_typesupport_introspection_c.dir/rosidl_typesupport_introspection_c/dffw_msgs/msg/detail/pytorch_tensor_float32__type_support.c.o[0m
[4.647s] [ 55%] [32mBuilding C object CMakeFiles/dffw_msgs__rosidl_typesupport_introspection_c.dir/rosidl_typesupport_introspection_c/dffw_msgs/msg/detail/train_forward__type_support.c.o[0m
[4.697s] [ 57%] [32mBuilding C object CMakeFiles/dffw_msgs__rosidl_typesupport_introspection_c.dir/rosidl_typesupport_introspection_c/dffw_msgs/msg/detail/inferance_forward__type_support.c.o[0m
[4.713s] [ 59%] [32m[1mLinking CXX shared library libdffw_msgs__rosidl_typesupport_fastrtps_c.so[0m
[4.757s] [ 61%] [32m[1mLinking C shared library libdffw_msgs__rosidl_typesupport_introspection_c.so[0m
[4.777s] [ 63%] [32m[1mLinking CXX shared library libdffw_msgs__rosidl_typesupport_introspection_cpp.so[0m
[4.788s] [ 63%] Built target dffw_msgs__rosidl_typesupport_introspection_c
[4.795s] [ 65%] [34m[1mGenerating C type support dispatch for ROS interfaces[0m
[4.848s] [ 65%] Built target dffw_msgs__rosidl_typesupport_fastrtps_c
[4.881s] [ 65%] Built target dffw_msgs__rosidl_typesupport_introspection_cpp
[5.047s] [ 68%] [32m[1mLinking CXX shared library libdffw_msgs__rosidl_typesupport_fastrtps_cpp.so[0m
[5.130s] [ 68%] Built target dffw_msgs__rosidl_typesupport_fastrtps_cpp
[5.137s] [ 72%] [32mBuilding CXX object CMakeFiles/dffw_msgs__rosidl_typesupport_c.dir/rosidl_typesupport_c/dffw_msgs/msg/train_forward__type_support.cpp.o[0m
[5.137s] [ 74%] [32mBuilding CXX object CMakeFiles/dffw_msgs__rosidl_typesupport_c.dir/rosidl_typesupport_c/dffw_msgs/msg/inferance_forward__type_support.cpp.o[0m
[5.137s] [ 74%] [32mBuilding CXX object CMakeFiles/dffw_msgs__rosidl_typesupport_c.dir/rosidl_typesupport_c/dffw_msgs/msg/pytorch_tensor_float32__type_support.cpp.o[0m
[5.163s] [ 76%] [32m[1mLinking CXX shared library libdffw_msgs__rosidl_typesupport_c.so[0m
[5.192s] [ 76%] Built target dffw_msgs__rosidl_typesupport_c
[5.201s] [ 76%] Built target dffw_msgs
[5.210s] [ 78%] [34m[1mGenerating Python code for ROS interfaces[0m
[5.798s] [ 78%] Built target dffw_msgs__py
[5.808s] [ 82%] [32mBuilding C object CMakeFiles/dffw_msgs__rosidl_generator_py.dir/rosidl_generator_py/dffw_msgs/msg/_pytorch_tensor_float32_s.c.o[0m
[5.808s] [ 82%] [32mBuilding C object CMakeFiles/dffw_msgs__rosidl_generator_py.dir/rosidl_generator_py/dffw_msgs/msg/_train_forward_s.c.o[0m
[5.808s] [ 85%] [32mBuilding C object CMakeFiles/dffw_msgs__rosidl_generator_py.dir/rosidl_generator_py/dffw_msgs/msg/_inferance_forward_s.c.o[0m
[5.944s] [ 87%] [32m[1mLinking C shared library rosidl_generator_py/dffw_msgs/libdffw_msgs__rosidl_generator_py.so[0m
[5.974s] [ 87%] Built target dffw_msgs__rosidl_generator_py
[5.985s] [ 93%] [32mBuilding C object CMakeFiles/dffw_msgs__rosidl_typesupport_c__pyext.dir/rosidl_generator_py/dffw_msgs/_dffw_msgs_s.ep.rosidl_typesupport_c.c.o[0m
[5.985s] [ 93%] [32mBuilding C object CMakeFiles/dffw_msgs__rosidl_typesupport_introspection_c__pyext.dir/rosidl_generator_py/dffw_msgs/_dffw_msgs_s.ep.rosidl_typesupport_introspection_c.c.o[0m
[5.985s] [ 93%] [32mBuilding C object CMakeFiles/dffw_msgs__rosidl_typesupport_fastrtps_c__pyext.dir/rosidl_generator_py/dffw_msgs/_dffw_msgs_s.ep.rosidl_typesupport_fastrtps_c.c.o[0m
[6.095s] [ 95%] [32m[1mLinking C shared library rosidl_generator_py/dffw_msgs/dffw_msgs_s__rosidl_typesupport_introspection_c.cpython-310-x86_64-linux-gnu.so[0m
[6.096s] [ 97%] [32m[1mLinking C shared library rosidl_generator_py/dffw_msgs/dffw_msgs_s__rosidl_typesupport_c.cpython-310-x86_64-linux-gnu.so[0m
[6.101s] [100%] [32m[1mLinking C shared library rosidl_generator_py/dffw_msgs/dffw_msgs_s__rosidl_typesupport_fastrtps_c.cpython-310-x86_64-linux-gnu.so[0m
[6.121s] [100%] Built target dffw_msgs__rosidl_typesupport_introspection_c__pyext
[6.122s] [100%] Built target dffw_msgs__rosidl_typesupport_c__pyext
[6.127s] [100%] Built target dffw_msgs__rosidl_typesupport_fastrtps_c__pyext
[6.136s] Invoked command in '/workspace/ros2_ws/build/dffw_msgs' returned '0': CMAKE_PREFIX_PATH=${CMAKE_PREFIX_PATH}:/opt/ros/humble /usr/local/bin/cmake --build /workspace/ros2_ws/build/dffw_msgs -- -j4 -l4
[6.289s] Invoking command in '/workspace/ros2_ws/build/dffw_msgs': CMAKE_PREFIX_PATH=${CMAKE_PREFIX_PATH}:/opt/ros/humble /usr/local/bin/cmake --install /workspace/ros2_ws/build/dffw_msgs
[6.321s] -- Install configuration: ""
[6.322s] -- Installing: /workspace/ros2_ws/install/dffw_msgs/share/ament_index/resource_index/rosidl_interfaces/dffw_msgs
[6.322s] -- Installing: /workspace/ros2_ws/install/dffw_msgs/include/dffw_msgs/dffw_msgs
[6.323s] -- Installing: /workspace/ros2_ws/install/dffw_msgs/include/dffw_msgs/dffw_msgs/msg
[6.323s] -- Installing: /workspace/ros2_ws/install/dffw_msgs/include/dffw_msgs/dffw_msgs/msg/rosidl_generator_c__visibility_control.h
[6.323s] -- Installing: /workspace/ros2_ws/install/dffw_msgs/include/dffw_msgs/dffw_msgs/msg/inferance_forward.h
[6.323s] -- Installing: /workspace/ros2_ws/install/dffw_msgs/include/dffw_msgs/dffw_msgs/msg/detail
[6.323s] -- Installing: /workspace/ros2_ws/install/dffw_msgs/include/dffw_msgs/dffw_msgs/msg/detail/pytorch_tensor_float32__functions.h
[6.324s] -- Installing: /workspace/ros2_ws/install/dffw_msgs/include/dffw_msgs/dffw_msgs/msg/detail/train_forward__functions.c
[6.324s] -- Installing: /workspace/ros2_ws/install/dffw_msgs/include/dffw_msgs/dffw_msgs/msg/detail/inferance_forward__type_support.h
[6.324s] -- Installing: /workspace/ros2_ws/install/dffw_msgs/include/dffw_msgs/dffw_msgs/msg/detail/inferance_forward__functions.c
[6.324s] -- Installing: /workspace/ros2_ws/install/dffw_msgs/include/dffw_msgs/dffw_msgs/msg/detail/train_forward__struct.h
[6.324s] -- Installing: /workspace/ros2_ws/install/dffw_msgs/include/dffw_msgs/dffw_msgs/msg/detail/train_forward__type_support.h
[6.325s] -- Installing: /workspace/ros2_ws/install/dffw_msgs/include/dffw_msgs/dffw_msgs/msg/detail/pytorch_tensor_float32__struct.h
[6.326s] -- Installing: /workspace/ros2_ws/install/dffw_msgs/include/dffw_msgs/dffw_msgs/msg/detail/pytorch_tensor_float32__type_support.h
[6.327s] -- Installing: /workspace/ros2_ws/install/dffw_msgs/include/dffw_msgs/dffw_msgs/msg/detail/inferance_forward__struct.h
[6.327s] -- Installing: /workspace/ros2_ws/install/dffw_msgs/include/dffw_msgs/dffw_msgs/msg/detail/train_forward__functions.h
[6.327s] -- Installing: /workspace/ros2_ws/install/dffw_msgs/include/dffw_msgs/dffw_msgs/msg/detail/inferance_forward__functions.h
[6.327s] -- Installing: /workspace/ros2_ws/install/dffw_msgs/include/dffw_msgs/dffw_msgs/msg/detail/pytorch_tensor_float32__functions.c
[6.327s] -- Installing: /workspace/ros2_ws/install/dffw_msgs/include/dffw_msgs/dffw_msgs/msg/train_forward.h
[6.327s] -- Installing: /workspace/ros2_ws/install/dffw_msgs/include/dffw_msgs/dffw_msgs/msg/pytorch_tensor_float32.h
[6.327s] -- Installing: /workspace/ros2_ws/install/dffw_msgs/share/dffw_msgs/environment/library_path.sh
[6.327s] -- Installing: /workspace/ros2_ws/install/dffw_msgs/share/dffw_msgs/environment/library_path.dsv
[6.328s] -- Installing: /workspace/ros2_ws/install/dffw_msgs/lib/libdffw_msgs__rosidl_generator_c.so
[6.328s] -- Set runtime path of "/workspace/ros2_ws/install/dffw_msgs/lib/libdffw_msgs__rosidl_generator_c.so" to ""
[6.328s] -- Up-to-date: /workspace/ros2_ws/install/dffw_msgs/include/dffw_msgs/dffw_msgs
[6.328s] -- Up-to-date: /workspace/ros2_ws/install/dffw_msgs/include/dffw_msgs/dffw_msgs/msg
[6.328s] -- Installing: /workspace/ros2_ws/install/dffw_msgs/include/dffw_msgs/dffw_msgs/msg/rosidl_typesupport_fastrtps_c__visibility_control.h
[6.328s] -- Up-to-date: /workspace/ros2_ws/install/dffw_msgs/include/dffw_msgs/dffw_msgs/msg/detail
[6.328s] -- Installing: /workspace/ros2_ws/install/dffw_msgs/include/dffw_msgs/dffw_msgs/msg/detail/pytorch_tensor_float32__rosidl_typesupport_fastrtps_c.h
[6.329s] -- Installing: /workspace/ros2_ws/install/dffw_msgs/include/dffw_msgs/dffw_msgs/msg/detail/inferance_forward__rosidl_typesupport_fastrtps_c.h
[6.329s] -- Installing: /workspace/ros2_ws/install/dffw_msgs/include/dffw_msgs/dffw_msgs/msg/detail/train_forward__rosidl_typesupport_fastrtps_c.h
[6.329s] -- Installing: /workspace/ros2_ws/install/dffw_msgs/lib/libdffw_msgs__rosidl_typesupport_fastrtps_c.so
[6.329s] -- Set runtime path of "/workspace/ros2_ws/install/dffw_msgs/lib/libdffw_msgs__rosidl_typesupport_fastrtps_c.so" to ""
[6.329s] -- Up-to-date: /workspace/ros2_ws/install/dffw_msgs/include/dffw_msgs/dffw_msgs
[6.329s] -- Up-to-date: /workspace/ros2_ws/install/dffw_msgs/include/dffw_msgs/dffw_msgs/msg
[6.329s] -- Installing: /workspace/ros2_ws/install/dffw_msgs/include/dffw_msgs/dffw_msgs/msg/rosidl_typesupport_introspection_c__visibility_control.h
[6.329s] -- Up-to-date: /workspace/ros2_ws/install/dffw_msgs/include/dffw_msgs/dffw_msgs/msg/detail
[6.329s] -- Installing: /workspace/ros2_ws/install/dffw_msgs/include/dffw_msgs/dffw_msgs/msg/detail/train_forward__type_support.c
[6.330s] -- Installing: /workspace/ros2_ws/install/dffw_msgs/include/dffw_msgs/dffw_msgs/msg/detail/pytorch_tensor_float32__rosidl_typesupport_introspection_c.h
[6.330s] -- Installing: /workspace/ros2_ws/install/dffw_msgs/include/dffw_msgs/dffw_msgs/msg/detail/inferance_forward__rosidl_typesupport_introspection_c.h
[6.330s] -- Installing: /workspace/ros2_ws/install/dffw_msgs/include/dffw_msgs/dffw_msgs/msg/detail/inferance_forward__type_support.c
[6.330s] -- Installing: /workspace/ros2_ws/install/dffw_msgs/include/dffw_msgs/dffw_msgs/msg/detail/pytorch_tensor_float32__type_support.c
[6.330s] -- Installing: /workspace/ros2_ws/install/dffw_msgs/include/dffw_msgs/dffw_msgs/msg/detail/train_forward__rosidl_typesupport_introspection_c.h
[6.330s] -- Installing: /workspace/ros2_ws/install/dffw_msgs/lib/libdffw_msgs__rosidl_typesupport_introspection_c.so
[6.330s] -- Set runtime path of "/workspace/ros2_ws/install/dffw_msgs/lib/libdffw_msgs__rosidl_typesupport_introspection_c.so" to ""
[6.330s] -- Installing: /workspace/ros2_ws/install/dffw_msgs/lib/libdffw_msgs__rosidl_typesupport_c.so
[6.331s] -- Set runtime path of "/workspace/ros2_ws/install/dffw_msgs/lib/libdffw_msgs__rosidl_typesupport_c.so" to ""
[6.331s] -- Up-to-date: /workspace/ros2_ws/install/dffw_msgs/include/dffw_msgs/dffw_msgs
[6.331s] -- Up-to-date: /workspace/ros2_ws/install/dffw_msgs/include/dffw_msgs/dffw_msgs/msg
[6.331s] -- Installing: /workspace/ros2_ws/install/dffw_msgs/include/dffw_msgs/dffw_msgs/msg/pytorch_tensor_float32.hpp
[6.331s] -- Installing: /workspace/ros2_ws/install/dffw_msgs/include/dffw_msgs/dffw_msgs/msg/inferance_forward.hpp
[6.331s] -- Installing: /workspace/ros2_ws/install/dffw_msgs/include/dffw_msgs/dffw_msgs/msg/train_forward.hpp
[6.331s] -- Up-to-date: /workspace/ros2_ws/install/dffw_msgs/include/dffw_msgs/dffw_msgs/msg/detail
[6.331s] -- Installing: /workspace/ros2_ws/install/dffw_msgs/include/dffw_msgs/dffw_msgs/msg/detail/inferance_forward__traits.hpp
[6.331s] -- Installing: /workspace/ros2_ws/install/dffw_msgs/include/dffw_msgs/dffw_msgs/msg/detail/inferance_forward__struct.hpp
[6.331s] -- Installing: /workspace/ros2_ws/install/dffw_msgs/include/dffw_msgs/dffw_msgs/msg/detail/train_forward__traits.hpp
[6.332s] -- Installing: /workspace/ros2_ws/install/dffw_msgs/include/dffw_msgs/dffw_msgs/msg/detail/pytorch_tensor_float32__builder.hpp
[6.332s] -- Installing: /workspace/ros2_ws/install/dffw_msgs/include/dffw_msgs/dffw_msgs/msg/detail/pytorch_tensor_float32__traits.hpp
[6.332s] -- Installing: /workspace/ros2_ws/install/dffw_msgs/include/dffw_msgs/dffw_msgs/msg/detail/train_forward__builder.hpp
[6.332s] -- Installing: /workspace/ros2_ws/install/dffw_msgs/include/dffw_msgs/dffw_msgs/msg/detail/pytorch_tensor_float32__struct.hpp
[6.332s] -- Installing: /workspace/ros2_ws/install/dffw_msgs/include/dffw_msgs/dffw_msgs/msg/detail/train_forward__struct.hpp
[6.332s] -- Installing: /workspace/ros2_ws/install/dffw_msgs/include/dffw_msgs/dffw_msgs/msg/detail/inferance_forward__builder.hpp
[6.332s] -- Up-to-date: /workspace/ros2_ws/install/dffw_msgs/include/dffw_msgs/dffw_msgs
[6.332s] -- Up-to-date: /workspace/ros2_ws/install/dffw_msgs/include/dffw_msgs/dffw_msgs/msg
[6.333s] -- Up-to-date: /workspace/ros2_ws/install/dffw_msgs/include/dffw_msgs/dffw_msgs/msg/detail
[6.333s] -- Installing: /workspace/ros2_ws/install/dffw_msgs/include/dffw_msgs/dffw_msgs/msg/detail/inferance_forward__rosidl_typesupport_fastrtps_cpp.hpp
[6.333s] -- Installing: /workspace/ros2_ws/install/dffw_msgs/include/dffw_msgs/dffw_msgs/msg/detail/train_forward__rosidl_typesupport_fastrtps_cpp.hpp
[6.333s] -- Installing: /workspace/ros2_ws/install/dffw_msgs/include/dffw_msgs/dffw_msgs/msg/detail/pytorch_tensor_float32__rosidl_typesupport_fastrtps_cpp.hpp
[6.333s] -- Installing: /workspace/ros2_ws/install/dffw_msgs/include/dffw_msgs/dffw_msgs/msg/detail/dds_fastrtps
[6.333s] -- Installing: /workspace/ros2_ws/install/dffw_msgs/include/dffw_msgs/dffw_msgs/msg/rosidl_typesupport_fastrtps_cpp__visibility_control.h
[6.333s] -- Installing: /workspace/ros2_ws/install/dffw_msgs/lib/libdffw_msgs__rosidl_typesupport_fastrtps_cpp.so
[6.334s] -- Set runtime path of "/workspace/ros2_ws/install/dffw_msgs/lib/libdffw_msgs__rosidl_typesupport_fastrtps_cpp.so" to ""
[6.334s] -- Up-to-date: /workspace/ros2_ws/install/dffw_msgs/include/dffw_msgs/dffw_msgs
[6.334s] -- Up-to-date: /workspace/ros2_ws/install/dffw_msgs/include/dffw_msgs/dffw_msgs/msg
[6.334s] -- Up-to-date: /workspace/ros2_ws/install/dffw_msgs/include/dffw_msgs/dffw_msgs/msg/detail
[6.334s] -- Installing: /workspace/ros2_ws/install/dffw_msgs/include/dffw_msgs/dffw_msgs/msg/detail/train_forward__type_support.cpp
[6.334s] -- Installing: /workspace/ros2_ws/install/dffw_msgs/include/dffw_msgs/dffw_msgs/msg/detail/inferance_forward__type_support.cpp
[6.335s] -- Installing: /workspace/ros2_ws/install/dffw_msgs/include/dffw_msgs/dffw_msgs/msg/detail/inferance_forward__rosidl_typesupport_introspection_cpp.hpp
[6.335s] -- Installing: /workspace/ros2_ws/install/dffw_msgs/include/dffw_msgs/dffw_msgs/msg/detail/pytorch_tensor_float32__rosidl_typesupport_introspection_cpp.hpp
[6.335s] -- Installing: /workspace/ros2_ws/install/dffw_msgs/include/dffw_msgs/dffw_msgs/msg/detail/pytorch_tensor_float32__type_support.cpp
[6.335s] -- Installing: /workspace/ros2_ws/install/dffw_msgs/include/dffw_msgs/dffw_msgs/msg/detail/train_forward__rosidl_typesupport_introspection_cpp.hpp
[6.335s] -- Installing: /workspace/ros2_ws/install/dffw_msgs/lib/libdffw_msgs__rosidl_typesupport_introspection_cpp.so
[6.336s] -- Set runtime path of "/workspace/ros2_ws/install/dffw_msgs/lib/libdffw_msgs__rosidl_typesupport_introspection_cpp.so" to ""
[6.336s] -- Installing: /workspace/ros2_ws/install/dffw_msgs/lib/libdffw_msgs__rosidl_typesupport_cpp.so
[6.337s] -- Set runtime path of "/workspace/ros2_ws/install/dffw_msgs/lib/libdffw_msgs__rosidl_typesupport_cpp.so" to ""
[6.337s] -- Installing: /workspace/ros2_ws/install/dffw_msgs/share/dffw_msgs/environment/pythonpath.sh
[6.337s] -- Installing: /workspace/ros2_ws/install/dffw_msgs/share/dffw_msgs/environment/pythonpath.dsv
[6.337s] -- Installing: /workspace/ros2_ws/install/dffw_msgs/local/lib/python3.10/dist-packages/dffw_msgs-0.0.0-py3.10.egg-info
[6.337s] -- Installing: /workspace/ros2_ws/install/dffw_msgs/local/lib/python3.10/dist-packages/dffw_msgs-0.0.0-py3.10.egg-info/dependency_links.txt
[6.338s] -- Installing: /workspace/ros2_ws/install/dffw_msgs/local/lib/python3.10/dist-packages/dffw_msgs-0.0.0-py3.10.egg-info/top_level.txt
[6.338s] -- Installing: /workspace/ros2_ws/install/dffw_msgs/local/lib/python3.10/dist-packages/dffw_msgs-0.0.0-py3.10.egg-info/SOURCES.txt
[6.338s] -- Installing: /workspace/ros2_ws/install/dffw_msgs/local/lib/python3.10/dist-packages/dffw_msgs-0.0.0-py3.10.egg-info/PKG-INFO
[6.338s] -- Installing: /workspace/ros2_ws/install/dffw_msgs/local/lib/python3.10/dist-packages/dffw_msgs
[6.338s] -- Installing: /workspace/ros2_ws/install/dffw_msgs/local/lib/python3.10/dist-packages/dffw_msgs/_dffw_msgs_s.ep.rosidl_typesupport_c.c
[6.338s] -- Installing: /workspace/ros2_ws/install/dffw_msgs/local/lib/python3.10/dist-packages/dffw_msgs/_dffw_msgs_s.ep.rosidl_typesupport_fastrtps_c.c
[6.338s] -- Installing: /workspace/ros2_ws/install/dffw_msgs/local/lib/python3.10/dist-packages/dffw_msgs/msg
[6.338s] -- Installing: /workspace/ros2_ws/install/dffw_msgs/local/lib/python3.10/dist-packages/dffw_msgs/msg/_train_forward_s.c
[6.338s] -- Installing: /workspace/ros2_ws/install/dffw_msgs/local/lib/python3.10/dist-packages/dffw_msgs/msg/_pytorch_tensor_float32.py
[6.338s] -- Installing: /workspace/ros2_ws/install/dffw_msgs/local/lib/python3.10/dist-packages/dffw_msgs/msg/_inferance_forward.py
[6.339s] -- Installing: /workspace/ros2_ws/install/dffw_msgs/local/lib/python3.10/dist-packages/dffw_msgs/msg/_train_forward.py
[6.339s] -- Installing: /workspace/ros2_ws/install/dffw_msgs/local/lib/python3.10/dist-packages/dffw_msgs/msg/__init__.py
[6.339s] -- Installing: /workspace/ros2_ws/install/dffw_msgs/local/lib/python3.10/dist-packages/dffw_msgs/msg/_pytorch_tensor_float32_s.c
[6.339s] -- Installing: /workspace/ros2_ws/install/dffw_msgs/local/lib/python3.10/dist-packages/dffw_msgs/msg/_inferance_forward_s.c
[6.339s] -- Installing: /workspace/ros2_ws/install/dffw_msgs/local/lib/python3.10/dist-packages/dffw_msgs/__init__.py
[6.339s] -- Installing: /workspace/ros2_ws/install/dffw_msgs/local/lib/python3.10/dist-packages/dffw_msgs/libdffw_msgs__rosidl_generator_py.so
[6.339s] -- Installing: /workspace/ros2_ws/install/dffw_msgs/local/lib/python3.10/dist-packages/dffw_msgs/_dffw_msgs_s.ep.rosidl_typesupport_introspection_c.c
[6.339s] -- Installing: /workspace/ros2_ws/install/dffw_msgs/local/lib/python3.10/dist-packages/dffw_msgs/dffw_msgs_s__rosidl_typesupport_fastrtps_c.cpython-310-x86_64-linux-gnu.so
[6.339s] -- Installing: /workspace/ros2_ws/install/dffw_msgs/local/lib/python3.10/dist-packages/dffw_msgs/dffw_msgs_s__rosidl_typesupport_introspection_c.cpython-310-x86_64-linux-gnu.so
[6.340s] -- Installing: /workspace/ros2_ws/install/dffw_msgs/local/lib/python3.10/dist-packages/dffw_msgs/dffw_msgs_s__rosidl_typesupport_c.cpython-310-x86_64-linux-gnu.so
[6.387s] Listing '/workspace/ros2_ws/install/dffw_msgs/local/lib/python3.10/dist-packages/dffw_msgs'...
[6.387s] Compiling '/workspace/ros2_ws/install/dffw_msgs/local/lib/python3.10/dist-packages/dffw_msgs/__init__.py'...
[6.387s] Listing '/workspace/ros2_ws/install/dffw_msgs/local/lib/python3.10/dist-packages/dffw_msgs/msg'...
[6.387s] Compiling '/workspace/ros2_ws/install/dffw_msgs/local/lib/python3.10/dist-packages/dffw_msgs/msg/__init__.py'...
[6.387s] Compiling '/workspace/ros2_ws/install/dffw_msgs/local/lib/python3.10/dist-packages/dffw_msgs/msg/_inferance_forward.py'...
[6.387s] Compiling '/workspace/ros2_ws/install/dffw_msgs/local/lib/python3.10/dist-packages/dffw_msgs/msg/_pytorch_tensor_float32.py'...
[6.387s] Compiling '/workspace/ros2_ws/install/dffw_msgs/local/lib/python3.10/dist-packages/dffw_msgs/msg/_train_forward.py'...
[6.394s] -- Installing: /workspace/ros2_ws/install/dffw_msgs/local/lib/python3.10/dist-packages/dffw_msgs/dffw_msgs_s__rosidl_typesupport_fastrtps_c.cpython-310-x86_64-linux-gnu.so
[6.394s] -- Set runtime path of "/workspace/ros2_ws/install/dffw_msgs/local/lib/python3.10/dist-packages/dffw_msgs/dffw_msgs_s__rosidl_typesupport_fastrtps_c.cpython-310-x86_64-linux-gnu.so" to ""
[6.395s] -- Installing: /workspace/ros2_ws/install/dffw_msgs/local/lib/python3.10/dist-packages/dffw_msgs/dffw_msgs_s__rosidl_typesupport_introspection_c.cpython-310-x86_64-linux-gnu.so
[6.395s] -- Set runtime path of "/workspace/ros2_ws/install/dffw_msgs/local/lib/python3.10/dist-packages/dffw_msgs/dffw_msgs_s__rosidl_typesupport_introspection_c.cpython-310-x86_64-linux-gnu.so" to ""
[6.395s] -- Installing: /workspace/ros2_ws/install/dffw_msgs/local/lib/python3.10/dist-packages/dffw_msgs/dffw_msgs_s__rosidl_typesupport_c.cpython-310-x86_64-linux-gnu.so
[6.396s] -- Set runtime path of "/workspace/ros2_ws/install/dffw_msgs/local/lib/python3.10/dist-packages/dffw_msgs/dffw_msgs_s__rosidl_typesupport_c.cpython-310-x86_64-linux-gnu.so" to ""
[6.396s] -- Installing: /workspace/ros2_ws/install/dffw_msgs/lib/libdffw_msgs__rosidl_generator_py.so
[6.396s] -- Set runtime path of "/workspace/ros2_ws/install/dffw_msgs/lib/libdffw_msgs__rosidl_generator_py.so" to ""
[6.396s] -- Installing: /workspace/ros2_ws/install/dffw_msgs/share/dffw_msgs/msg/PytorchTensorFloat32.idl
[6.396s] -- Installing: /workspace/ros2_ws/install/dffw_msgs/share/dffw_msgs/msg/TrainForward.idl
[6.397s] -- Installing: /workspace/ros2_ws/install/dffw_msgs/share/dffw_msgs/msg/InferanceForward.idl
[6.397s] -- Installing: /workspace/ros2_ws/install/dffw_msgs/share/dffw_msgs/msg/PytorchTensorFloat32.msg
[6.397s] -- Installing: /workspace/ros2_ws/install/dffw_msgs/share/dffw_msgs/msg/TrainForward.msg
[6.397s] -- Installing: /workspace/ros2_ws/install/dffw_msgs/share/dffw_msgs/msg/InferanceForward.msg
[6.397s] -- Installing: /workspace/ros2_ws/install/dffw_msgs/share/ament_index/resource_index/package_run_dependencies/dffw_msgs
[6.398s] -- Installing: /workspace/ros2_ws/install/dffw_msgs/share/ament_index/resource_index/parent_prefix_path/dffw_msgs
[6.398s] -- Installing: /workspace/ros2_ws/install/dffw_msgs/share/dffw_msgs/environment/ament_prefix_path.sh
[6.398s] -- Installing: /workspace/ros2_ws/install/dffw_msgs/share/dffw_msgs/environment/ament_prefix_path.dsv
[6.398s] -- Installing: /workspace/ros2_ws/install/dffw_msgs/share/dffw_msgs/environment/path.sh
[6.398s] -- Installing: /workspace/ros2_ws/install/dffw_msgs/share/dffw_msgs/environment/path.dsv
[6.398s] -- Installing: /workspace/ros2_ws/install/dffw_msgs/share/dffw_msgs/local_setup.bash
[6.398s] -- Installing: /workspace/ros2_ws/install/dffw_msgs/share/dffw_msgs/local_setup.sh
[6.399s] -- Installing: /workspace/ros2_ws/install/dffw_msgs/share/dffw_msgs/local_setup.zsh
[6.399s] -- Installing: /workspace/ros2_ws/install/dffw_msgs/share/dffw_msgs/local_setup.dsv
[6.399s] -- Installing: /workspace/ros2_ws/install/dffw_msgs/share/dffw_msgs/package.dsv
[6.399s] -- Installing: /workspace/ros2_ws/install/dffw_msgs/share/ament_index/resource_index/packages/dffw_msgs
[6.399s] -- Installing: /workspace/ros2_ws/install/dffw_msgs/share/dffw_msgs/cmake/export_dffw_msgs__rosidl_generator_cExport.cmake
[6.400s] -- Installing: /workspace/ros2_ws/install/dffw_msgs/share/dffw_msgs/cmake/export_dffw_msgs__rosidl_generator_cExport-noconfig.cmake
[6.400s] -- Installing: /workspace/ros2_ws/install/dffw_msgs/share/dffw_msgs/cmake/export_dffw_msgs__rosidl_typesupport_fastrtps_cExport.cmake
[6.400s] -- Installing: /workspace/ros2_ws/install/dffw_msgs/share/dffw_msgs/cmake/export_dffw_msgs__rosidl_typesupport_fastrtps_cExport-noconfig.cmake
[6.400s] -- Installing: /workspace/ros2_ws/install/dffw_msgs/share/dffw_msgs/cmake/dffw_msgs__rosidl_typesupport_introspection_cExport.cmake
[6.400s] -- Installing: /workspace/ros2_ws/install/dffw_msgs/share/dffw_msgs/cmake/dffw_msgs__rosidl_typesupport_introspection_cExport-noconfig.cmake
[6.400s] -- Installing: /workspace/ros2_ws/install/dffw_msgs/share/dffw_msgs/cmake/dffw_msgs__rosidl_typesupport_cExport.cmake
[6.401s] -- Installing: /workspace/ros2_ws/install/dffw_msgs/share/dffw_msgs/cmake/dffw_msgs__rosidl_typesupport_cExport-noconfig.cmake
[6.401s] -- Installing: /workspace/ros2_ws/install/dffw_msgs/share/dffw_msgs/cmake/export_dffw_msgs__rosidl_generator_cppExport.cmake
[6.401s] -- Installing: /workspace/ros2_ws/install/dffw_msgs/share/dffw_msgs/cmake/export_dffw_msgs__rosidl_typesupport_fastrtps_cppExport.cmake
[6.401s] -- Installing: /workspace/ros2_ws/install/dffw_msgs/share/dffw_msgs/cmake/export_dffw_msgs__rosidl_typesupport_fastrtps_cppExport-noconfig.cmake
[6.401s] -- Installing: /workspace/ros2_ws/install/dffw_msgs/share/dffw_msgs/cmake/dffw_msgs__rosidl_typesupport_introspection_cppExport.cmake
[6.401s] -- Installing: /workspace/ros2_ws/install/dffw_msgs/share/dffw_msgs/cmake/dffw_msgs__rosidl_typesupport_introspection_cppExport-noconfig.cmake
[6.402s] -- Installing: /workspace/ros2_ws/install/dffw_msgs/share/dffw_msgs/cmake/dffw_msgs__rosidl_typesupport_cppExport.cmake
[6.402s] -- Installing: /workspace/ros2_ws/install/dffw_msgs/share/dffw_msgs/cmake/dffw_msgs__rosidl_typesupport_cppExport-noconfig.cmake
[6.402s] -- Installing: /workspace/ros2_ws/install/dffw_msgs/share/dffw_msgs/cmake/export_dffw_msgs__rosidl_generator_pyExport.cmake
[6.402s] -- Installing: /workspace/ros2_ws/install/dffw_msgs/share/dffw_msgs/cmake/export_dffw_msgs__rosidl_generator_pyExport-noconfig.cmake
[6.402s] -- Installing: /workspace/ros2_ws/install/dffw_msgs/share/dffw_msgs/cmake/rosidl_cmake-extras.cmake
[6.403s] -- Installing: /workspace/ros2_ws/install/dffw_msgs/share/dffw_msgs/cmake/ament_cmake_export_include_directories-extras.cmake
[6.403s] -- Installing: /workspace/ros2_ws/install/dffw_msgs/share/dffw_msgs/cmake/ament_cmake_export_libraries-extras.cmake
[6.403s] -- Installing: /workspace/ros2_ws/install/dffw_msgs/share/dffw_msgs/cmake/ament_cmake_export_targets-extras.cmake
[6.403s] -- Installing: /workspace/ros2_ws/install/dffw_msgs/share/dffw_msgs/cmake/rosidl_cmake_export_typesupport_targets-extras.cmake
[6.403s] -- Installing: /workspace/ros2_ws/install/dffw_msgs/share/dffw_msgs/cmake/ament_cmake_export_dependencies-extras.cmake
[6.403s] -- Installing: /workspace/ros2_ws/install/dffw_msgs/share/dffw_msgs/cmake/rosidl_cmake_export_typesupport_libraries-extras.cmake
[6.403s] -- Installing: /workspace/ros2_ws/install/dffw_msgs/share/dffw_msgs/cmake/dffw_msgsConfig.cmake
[6.404s] -- Installing: /workspace/ros2_ws/install/dffw_msgs/share/dffw_msgs/cmake/dffw_msgsConfig-version.cmake
[6.404s] -- Installing: /workspace/ros2_ws/install/dffw_msgs/share/dffw_msgs/package.xml
[6.410s] Invoked command in '/workspace/ros2_ws/build/dffw_msgs' returned '0': CMAKE_PREFIX_PATH=${CMAKE_PREFIX_PATH}:/opt/ros/humble /usr/local/bin/cmake --install /workspace/ros2_ws/build/dffw_msgs
