[0.025s] Invoking command in '/workspace/ros2_ws/build/dffw': CMAKE_PREFIX_PATH=/workspace/ros2_ws/install/dffw_msgs:/workspace/ros2_ws/install/dffw:/opt/ros/humble /usr/local/bin/cmake --build /workspace/ros2_ws/build/dffw -- -j4 -l4
[0.086s] Built target ament_cmake_python_copy_dffw
[0.310s] running egg_info
[0.328s] writing dffw.egg-info/PKG-INFO
[0.329s] writing dependency_links to dffw.egg-info/dependency_links.txt
[0.329s] writing top-level names to dffw.egg-info/top_level.txt
[0.383s] reading manifest file 'dffw.egg-info/SOURCES.txt'
[0.384s] writing manifest file 'dffw.egg-info/SOURCES.txt'
[0.408s] Built target ament_cmake_python_build_dffw_egg
[0.419s] Invoked command in '/workspace/ros2_ws/build/dffw' returned '0': CMAKE_PREFIX_PATH=/workspace/ros2_ws/install/dffw_msgs:/workspace/ros2_ws/install/dffw:/opt/ros/humble /usr/local/bin/cmake --build /workspace/ros2_ws/build/dffw -- -j4 -l4
[0.474s] Invoking command in '/workspace/ros2_ws/build/dffw': CMAKE_PREFIX_PATH=/workspace/ros2_ws/install/dffw_msgs:/workspace/ros2_ws/install/dffw:/opt/ros/humble /usr/local/bin/cmake --install /workspace/ros2_ws/build/dffw
[0.505s] -- Install configuration: ""
[0.506s] -- Up-to-date: /workspace/ros2_ws/install/dffw/share/dffw/environment/pythonpath.sh
[0.506s] -- Up-to-date: /workspace/ros2_ws/install/dffw/share/dffw/environment/pythonpath.dsv
[0.506s] -- Up-to-date: /workspace/ros2_ws/install/dffw/local/lib/python3.10/dist-packages/dffw-0.0.0-py3.10.egg-info
[0.507s] -- Installing: /workspace/ros2_ws/install/dffw/local/lib/python3.10/dist-packages/dffw-0.0.0-py3.10.egg-info/dependency_links.txt
[0.507s] -- Installing: /workspace/ros2_ws/install/dffw/local/lib/python3.10/dist-packages/dffw-0.0.0-py3.10.egg-info/top_level.txt
[0.507s] -- Installing: /workspace/ros2_ws/install/dffw/local/lib/python3.10/dist-packages/dffw-0.0.0-py3.10.egg-info/SOURCES.txt
[0.507s] -- Installing: /workspace/ros2_ws/install/dffw/local/lib/python3.10/dist-packages/dffw-0.0.0-py3.10.egg-info/PKG-INFO
[0.507s] -- Up-to-date: /workspace/ros2_ws/install/dffw/local/lib/python3.10/dist-packages/dffw
[0.507s] -- Up-to-date: /workspace/ros2_ws/install/dffw/local/lib/python3.10/dist-packages/dffw/ff.py
[0.507s] -- Up-to-date: /workspace/ros2_ws/install/dffw/local/lib/python3.10/dist-packages/dffw/__init__.py
[0.507s] -- Up-to-date: /workspace/ros2_ws/install/dffw/local/lib/python3.10/dist-packages/dffw/dataconvert.py
[0.508s] -- Up-to-date: /workspace/ros2_ws/install/dffw/local/lib/python3.10/dist-packages/dffw/common.py
[0.543s] Listing '/workspace/ros2_ws/install/dffw/local/lib/python3.10/dist-packages/dffw'...
[0.548s] -- Up-to-date: /workspace/ros2_ws/install/dffw/lib/dffw/service_node0.py
[0.548s] -- Installing: /workspace/ros2_ws/install/dffw/lib/dffw/service_node1.py
[0.548s] -- Up-to-date: /workspace/ros2_ws/install/dffw/lib/dffw/master_node.py
[0.549s] -- Up-to-date: /workspace/ros2_ws/install/dffw/share/ament_index/resource_index/package_run_dependencies/dffw
[0.549s] -- Up-to-date: /workspace/ros2_ws/install/dffw/share/ament_index/resource_index/parent_prefix_path/dffw
[0.549s] -- Up-to-date: /workspace/ros2_ws/install/dffw/share/dffw/environment/ament_prefix_path.sh
[0.549s] -- Up-to-date: /workspace/ros2_ws/install/dffw/share/dffw/environment/ament_prefix_path.dsv
[0.549s] -- Up-to-date: /workspace/ros2_ws/install/dffw/share/dffw/environment/path.sh
[0.549s] -- Up-to-date: /workspace/ros2_ws/install/dffw/share/dffw/environment/path.dsv
[0.549s] -- Up-to-date: /workspace/ros2_ws/install/dffw/share/dffw/local_setup.bash
[0.549s] -- Up-to-date: /workspace/ros2_ws/install/dffw/share/dffw/local_setup.sh
[0.549s] -- Up-to-date: /workspace/ros2_ws/install/dffw/share/dffw/local_setup.zsh
[0.550s] -- Up-to-date: /workspace/ros2_ws/install/dffw/share/dffw/local_setup.dsv
[0.550s] -- Installing: /workspace/ros2_ws/install/dffw/share/dffw/package.dsv
[0.550s] -- Up-to-date: /workspace/ros2_ws/install/dffw/share/ament_index/resource_index/packages/dffw
[0.550s] -- Up-to-date: /workspace/ros2_ws/install/dffw/share/dffw/cmake/dffwConfig.cmake
[0.550s] -- Up-to-date: /workspace/ros2_ws/install/dffw/share/dffw/cmake/dffwConfig-version.cmake
[0.550s] -- Up-to-date: /workspace/ros2_ws/install/dffw/share/dffw/package.xml
[0.562s] Invoked command in '/workspace/ros2_ws/build/dffw' returned '0': CMAKE_PREFIX_PATH=/workspace/ros2_ws/install/dffw_msgs:/workspace/ros2_ws/install/dffw:/opt/ros/humble /usr/local/bin/cmake --install /workspace/ros2_ws/build/dffw
