-- The C compiler identification is GNU 11.3.0
-- The CXX compiler identification is GNU 11.3.0
-- Detecting C compiler ABI info
-- Detecting C compiler ABI info - done
-- Check for working C compiler: /usr/bin/cc - skipped
-- Detecting C compile features
-- Detecting C compile features - done
-- Detecting CXX compiler ABI info
-- Detecting CXX compiler ABI info - done
-- Check for working CXX compiler: /usr/bin/c++ - skipped
-- Detecting CXX compile features
-- Detecting CXX compile features - done
-- Found ament_cmake: 1.3.3 (/opt/ros/humble/share/ament_cmake/cmake)
-- Found Python3: /usr/bin/python3.10 (found version "3.10.6") found components: Interpreter 
-- Found rclcpp: 16.0.3 (/opt/ros/humble/share/rclcpp/cmake)
-- Found rosidl_generator_c: 3.1.4 (/opt/ros/humble/share/rosidl_generator_c/cmake)
-- Found rosidl_adapter: 3.1.4 (/opt/ros/humble/share/rosidl_adapter/cmake)
-- Found rosidl_generator_cpp: 3.1.4 (/opt/ros/humble/share/rosidl_generator_cpp/cmake)
-- Using all available rosidl_typesupport_c: rosidl_typesupport_fastrtps_c;rosidl_typesupport_introspection_c
-- Using all available rosidl_typesupport_cpp: rosidl_typesupport_fastrtps_cpp;rosidl_typesupport_introspection_cpp
-- Found rmw_implementation_cmake: 6.1.1 (/opt/ros/humble/share/rmw_implementation_cmake/cmake)
-- Found rmw_fastrtps_cpp: 6.2.2 (/opt/ros/humble/share/rmw_fastrtps_cpp/cmake)
-- Found OpenSSL: /usr/lib/x86_64-linux-gnu/libcrypto.so (found version "3.0.2")  
-- Found FastRTPS: /opt/ros/humble/include  
-- Using RMW implementation 'rmw_fastrtps_cpp' as default
-- Performing Test CMAKE_HAVE_LIBC_PTHREAD
-- Performing Test CMAKE_HAVE_LIBC_PTHREAD - Success
-- Found Threads: TRUE  
-- Found rclpy: 3.3.7 (/opt/ros/humble/share/rclpy/cmake)
-- Configuring done (2.2s)
-- Generating done (0.0s)
-- Build files have been written to: /workspace/ros2_ws/build/dffw
Built target ament_cmake_python_copy_dffw
running egg_info
creating dffw.egg-info
writing dffw.egg-info/PKG-INFO
writing dependency_links to dffw.egg-info/dependency_links.txt
writing top-level names to dffw.egg-info/top_level.txt
writing manifest file 'dffw.egg-info/SOURCES.txt'
reading manifest file 'dffw.egg-info/SOURCES.txt'
writing manifest file 'dffw.egg-info/SOURCES.txt'
Built target ament_cmake_python_build_dffw_egg
-- Install configuration: ""
-- Installing: /workspace/ros2_ws/install/dffw/share/dffw/environment/pythonpath.sh
-- Installing: /workspace/ros2_ws/install/dffw/share/dffw/environment/pythonpath.dsv
-- Installing: /workspace/ros2_ws/install/dffw/local/lib/python3.10/dist-packages/dffw-0.0.0-py3.10.egg-info
-- Installing: /workspace/ros2_ws/install/dffw/local/lib/python3.10/dist-packages/dffw-0.0.0-py3.10.egg-info/dependency_links.txt
-- Installing: /workspace/ros2_ws/install/dffw/local/lib/python3.10/dist-packages/dffw-0.0.0-py3.10.egg-info/top_level.txt
-- Installing: /workspace/ros2_ws/install/dffw/local/lib/python3.10/dist-packages/dffw-0.0.0-py3.10.egg-info/SOURCES.txt
-- Installing: /workspace/ros2_ws/install/dffw/local/lib/python3.10/dist-packages/dffw-0.0.0-py3.10.egg-info/PKG-INFO
-- Installing: /workspace/ros2_ws/install/dffw/local/lib/python3.10/dist-packages/dffw
-- Installing: /workspace/ros2_ws/install/dffw/local/lib/python3.10/dist-packages/dffw/ff.py
-- Installing: /workspace/ros2_ws/install/dffw/local/lib/python3.10/dist-packages/dffw/__init__.py
-- Installing: /workspace/ros2_ws/install/dffw/local/lib/python3.10/dist-packages/dffw/dataconvert.py
-- Installing: /workspace/ros2_ws/install/dffw/local/lib/python3.10/dist-packages/dffw/common.py
Listing '/workspace/ros2_ws/install/dffw/local/lib/python3.10/dist-packages/dffw'...
Compiling '/workspace/ros2_ws/install/dffw/local/lib/python3.10/dist-packages/dffw/__init__.py'...
Compiling '/workspace/ros2_ws/install/dffw/local/lib/python3.10/dist-packages/dffw/common.py'...
Compiling '/workspace/ros2_ws/install/dffw/local/lib/python3.10/dist-packages/dffw/dataconvert.py'...
Compiling '/workspace/ros2_ws/install/dffw/local/lib/python3.10/dist-packages/dffw/ff.py'...
-- Installing: /workspace/ros2_ws/install/dffw/lib/dffw/service_node0.py
-- Installing: /workspace/ros2_ws/install/dffw/lib/dffw/service_node1.py
-- Installing: /workspace/ros2_ws/install/dffw/lib/dffw/master_node.py
-- Installing: /workspace/ros2_ws/install/dffw/share/ament_index/resource_index/package_run_dependencies/dffw
-- Installing: /workspace/ros2_ws/install/dffw/share/ament_index/resource_index/parent_prefix_path/dffw
-- Installing: /workspace/ros2_ws/install/dffw/share/dffw/environment/ament_prefix_path.sh
-- Installing: /workspace/ros2_ws/install/dffw/share/dffw/environment/ament_prefix_path.dsv
-- Installing: /workspace/ros2_ws/install/dffw/share/dffw/environment/path.sh
-- Installing: /workspace/ros2_ws/install/dffw/share/dffw/environment/path.dsv
-- Installing: /workspace/ros2_ws/install/dffw/share/dffw/local_setup.bash
-- Installing: /workspace/ros2_ws/install/dffw/share/dffw/local_setup.sh
-- Installing: /workspace/ros2_ws/install/dffw/share/dffw/local_setup.zsh
-- Installing: /workspace/ros2_ws/install/dffw/share/dffw/local_setup.dsv
-- Installing: /workspace/ros2_ws/install/dffw/share/dffw/package.dsv
-- Installing: /workspace/ros2_ws/install/dffw/share/ament_index/resource_index/packages/dffw
-- Installing: /workspace/ros2_ws/install/dffw/share/dffw/cmake/dffwConfig.cmake
-- Installing: /workspace/ros2_ws/install/dffw/share/dffw/cmake/dffwConfig-version.cmake
-- Installing: /workspace/ros2_ws/install/dffw/share/dffw/package.xml
