[0.904s] DEBUG:colcon:Command line arguments: ['/usr/local/bin/colcon', 'build']
[0.904s] DEBUG:colcon:Parsed command line arguments: Namespace(log_base=None, log_level=None, verb_name='build', build_base='build', install_base='install', merge_install=False, symlink_install=False, test_result_base=None, continue_on_error=False, executor='parallel', parallel_workers=4, event_handlers=None, ignore_user_meta=False, metas=['./colcon.meta'], base_paths=['.'], packages_ignore=None, packages_ignore_regex=None, paths=None, packages_up_to=None, packages_up_to_regex=None, packages_above=None, packages_above_and_dependencies=None, packages_above_depth=None, packages_select_by_dep=None, packages_skip_by_dep=None, packages_skip_up_to=None, packages_select_build_failed=False, packages_skip_build_finished=False, packages_select_test_failures=False, packages_skip_test_passed=False, packages_select=None, packages_skip=None, packages_select_regex=None, packages_skip_regex=None, packages_start=None, packages_end=None, allow_overriding=[], cmake_args=None, cmake_target=None, cmake_target_skip_unavailable=False, cmake_clean_cache=False, cmake_clean_first=False, cmake_force_configure=False, ament_cmake_args=None, catkin_cmake_args=None, catkin_skip_building_tests=False, verb_parser=<colcon_defaults.argument_parser.defaults.DefaultArgumentsDecorator object at 0x7f2209f3a980>, verb_extension=<colcon_core.verb.build.BuildVerb object at 0x7f220a336d70>, main=<bound method BuildVerb.main of <colcon_core.verb.build.BuildVerb object at 0x7f220a336d70>>)
[1.005s] Level 1:colcon.colcon_core.package_discovery:discover_packages(colcon_meta) check parameters
[1.005s] Level 1:colcon.colcon_core.package_discovery:discover_packages(recursive) check parameters
[1.005s] Level 1:colcon.colcon_core.package_discovery:discover_packages(ignore) check parameters
[1.005s] Level 1:colcon.colcon_core.package_discovery:discover_packages(path) check parameters
[1.005s] Level 1:colcon.colcon_core.package_discovery:discover_packages(colcon_meta) discover
[1.005s] Level 1:colcon.colcon_core.package_discovery:discover_packages(recursive) discover
[1.005s] INFO:colcon.colcon_core.package_discovery:Crawling recursively for packages in '/workspace/ros2_ws'
[1.005s] Level 1:colcon.colcon_core.package_identification:_identify(.) by extensions ['ignore', 'ignore_ament_install']
[1.005s] Level 1:colcon.colcon_core.package_identification:_identify(.) by extension 'ignore'
[1.005s] Level 1:colcon.colcon_core.package_identification:_identify(.) by extension 'ignore_ament_install'
[1.006s] Level 1:colcon.colcon_core.package_identification:_identify(.) by extensions ['colcon_pkg']
[1.006s] Level 1:colcon.colcon_core.package_identification:_identify(.) by extension 'colcon_pkg'
[1.006s] Level 1:colcon.colcon_core.package_identification:_identify(.) by extensions ['colcon_meta']
[1.006s] Level 1:colcon.colcon_core.package_identification:_identify(.) by extension 'colcon_meta'
[1.006s] Level 1:colcon.colcon_core.package_identification:_identify(.) by extensions ['ros']
[1.006s] Level 1:colcon.colcon_core.package_identification:_identify(.) by extension 'ros'
[1.028s] Level 1:colcon.colcon_core.package_identification:_identify(.) by extensions ['cmake', 'python']
[1.028s] Level 1:colcon.colcon_core.package_identification:_identify(.) by extension 'cmake'
[1.028s] Level 1:colcon.colcon_core.package_identification:_identify(.) by extension 'python'
[1.029s] Level 1:colcon.colcon_core.package_identification:_identify(.) by extensions ['python_setup_py']
[1.029s] Level 1:colcon.colcon_core.package_identification:_identify(.) by extension 'python_setup_py'
[1.029s] Level 1:colcon.colcon_core.package_identification:_identify(build) by extensions ['ignore', 'ignore_ament_install']
[1.029s] Level 1:colcon.colcon_core.package_identification:_identify(build) by extension 'ignore'
[1.029s] Level 1:colcon.colcon_core.package_identification:_identify(build) ignored
[1.029s] Level 1:colcon.colcon_core.package_identification:_identify(install) by extensions ['ignore', 'ignore_ament_install']
[1.029s] Level 1:colcon.colcon_core.package_identification:_identify(install) by extension 'ignore'
[1.029s] Level 1:colcon.colcon_core.package_identification:_identify(install) ignored
[1.029s] Level 1:colcon.colcon_core.package_identification:_identify(log) by extensions ['ignore', 'ignore_ament_install']
[1.029s] Level 1:colcon.colcon_core.package_identification:_identify(log) by extension 'ignore'
[1.029s] Level 1:colcon.colcon_core.package_identification:_identify(log) ignored
[1.030s] Level 1:colcon.colcon_core.package_identification:_identify(src) by extensions ['ignore', 'ignore_ament_install']
[1.030s] Level 1:colcon.colcon_core.package_identification:_identify(src) by extension 'ignore'
[1.030s] Level 1:colcon.colcon_core.package_identification:_identify(src) by extension 'ignore_ament_install'
[1.030s] Level 1:colcon.colcon_core.package_identification:_identify(src) by extensions ['colcon_pkg']
[1.030s] Level 1:colcon.colcon_core.package_identification:_identify(src) by extension 'colcon_pkg'
[1.030s] Level 1:colcon.colcon_core.package_identification:_identify(src) by extensions ['colcon_meta']
[1.030s] Level 1:colcon.colcon_core.package_identification:_identify(src) by extension 'colcon_meta'
[1.030s] Level 1:colcon.colcon_core.package_identification:_identify(src) by extensions ['ros']
[1.030s] Level 1:colcon.colcon_core.package_identification:_identify(src) by extension 'ros'
[1.030s] Level 1:colcon.colcon_core.package_identification:_identify(src) by extensions ['cmake', 'python']
[1.030s] Level 1:colcon.colcon_core.package_identification:_identify(src) by extension 'cmake'
[1.030s] Level 1:colcon.colcon_core.package_identification:_identify(src) by extension 'python'
[1.030s] Level 1:colcon.colcon_core.package_identification:_identify(src) by extensions ['python_setup_py']
[1.030s] Level 1:colcon.colcon_core.package_identification:_identify(src) by extension 'python_setup_py'
[1.030s] Level 1:colcon.colcon_core.package_identification:_identify(src/dffw) by extensions ['ignore', 'ignore_ament_install']
[1.031s] Level 1:colcon.colcon_core.package_identification:_identify(src/dffw) by extension 'ignore'
[1.031s] Level 1:colcon.colcon_core.package_identification:_identify(src/dffw) by extension 'ignore_ament_install'
[1.031s] Level 1:colcon.colcon_core.package_identification:_identify(src/dffw) by extensions ['colcon_pkg']
[1.031s] Level 1:colcon.colcon_core.package_identification:_identify(src/dffw) by extension 'colcon_pkg'
[1.031s] Level 1:colcon.colcon_core.package_identification:_identify(src/dffw) by extensions ['colcon_meta']
[1.031s] Level 1:colcon.colcon_core.package_identification:_identify(src/dffw) by extension 'colcon_meta'
[1.031s] Level 1:colcon.colcon_core.package_identification:_identify(src/dffw) by extensions ['ros']
[1.031s] Level 1:colcon.colcon_core.package_identification:_identify(src/dffw) by extension 'ros'
[1.046s] DEBUG:colcon.colcon_core.package_identification:Package 'src/dffw' with type 'ros.ament_cmake' and name 'dffw'
[1.046s] Level 1:colcon.colcon_core.package_identification:_identify(src/dffw_msgs) by extensions ['ignore', 'ignore_ament_install']
[1.046s] Level 1:colcon.colcon_core.package_identification:_identify(src/dffw_msgs) by extension 'ignore'
[1.046s] Level 1:colcon.colcon_core.package_identification:_identify(src/dffw_msgs) by extension 'ignore_ament_install'
[1.046s] Level 1:colcon.colcon_core.package_identification:_identify(src/dffw_msgs) by extensions ['colcon_pkg']
[1.046s] Level 1:colcon.colcon_core.package_identification:_identify(src/dffw_msgs) by extension 'colcon_pkg'
[1.046s] Level 1:colcon.colcon_core.package_identification:_identify(src/dffw_msgs) by extensions ['colcon_meta']
[1.046s] Level 1:colcon.colcon_core.package_identification:_identify(src/dffw_msgs) by extension 'colcon_meta'
[1.046s] Level 1:colcon.colcon_core.package_identification:_identify(src/dffw_msgs) by extensions ['ros']
[1.046s] Level 1:colcon.colcon_core.package_identification:_identify(src/dffw_msgs) by extension 'ros'
[1.054s] DEBUG:colcon.colcon_core.package_identification:Package 'src/dffw_msgs' with type 'ros.ament_cmake' and name 'dffw_msgs'
[1.054s] Level 1:colcon.colcon_core.package_discovery:discover_packages(recursive) using defaults
[1.054s] Level 1:colcon.colcon_core.package_discovery:discover_packages(ignore) discover
[1.054s] Level 1:colcon.colcon_core.package_discovery:discover_packages(ignore) using defaults
[1.054s] Level 1:colcon.colcon_core.package_discovery:discover_packages(path) discover
[1.054s] Level 1:colcon.colcon_core.package_discovery:discover_packages(path) using defaults
[1.113s] Level 1:colcon.colcon_core.package_discovery:discover_packages(prefix_path) check parameters
[1.113s] Level 1:colcon.colcon_core.package_discovery:discover_packages(prefix_path) discover
[1.129s] DEBUG:colcon.colcon_installed_package_information.package_discovery:Found 2 installed packages in /workspace/ros2_ws/install
[1.138s] DEBUG:colcon.colcon_installed_package_information.package_discovery:Found 270 installed packages in /opt/ros/humble
[1.156s] Level 1:colcon.colcon_core.package_discovery:discover_packages(prefix_path) using defaults
[1.260s] Level 5:colcon.colcon_core.verb:set package 'dffw_msgs' build argument 'cmake_args' from command line to 'None'
[1.260s] Level 5:colcon.colcon_core.verb:set package 'dffw_msgs' build argument 'cmake_target' from command line to 'None'
[1.260s] Level 5:colcon.colcon_core.verb:set package 'dffw_msgs' build argument 'cmake_target_skip_unavailable' from command line to 'False'
[1.260s] Level 5:colcon.colcon_core.verb:set package 'dffw_msgs' build argument 'cmake_clean_cache' from command line to 'False'
[1.260s] Level 5:colcon.colcon_core.verb:set package 'dffw_msgs' build argument 'cmake_clean_first' from command line to 'False'
[1.260s] Level 5:colcon.colcon_core.verb:set package 'dffw_msgs' build argument 'cmake_force_configure' from command line to 'False'
[1.260s] Level 5:colcon.colcon_core.verb:set package 'dffw_msgs' build argument 'ament_cmake_args' from command line to 'None'
[1.260s] Level 5:colcon.colcon_core.verb:set package 'dffw_msgs' build argument 'catkin_cmake_args' from command line to 'None'
[1.260s] Level 5:colcon.colcon_core.verb:set package 'dffw_msgs' build argument 'catkin_skip_building_tests' from command line to 'False'
[1.260s] DEBUG:colcon.colcon_core.verb:Building package 'dffw_msgs' with the following arguments: {'ament_cmake_args': None, 'build_base': '/workspace/ros2_ws/build/dffw_msgs', 'catkin_cmake_args': None, 'catkin_skip_building_tests': False, 'cmake_args': None, 'cmake_clean_cache': False, 'cmake_clean_first': False, 'cmake_force_configure': False, 'cmake_target': None, 'cmake_target_skip_unavailable': False, 'install_base': '/workspace/ros2_ws/install/dffw_msgs', 'merge_install': False, 'path': '/workspace/ros2_ws/src/dffw_msgs', 'symlink_install': False, 'test_result_base': None}
[1.272s] Level 5:colcon.colcon_core.verb:set package 'dffw' build argument 'cmake_args' from command line to 'None'
[1.272s] Level 5:colcon.colcon_core.verb:set package 'dffw' build argument 'cmake_target' from command line to 'None'
[1.272s] Level 5:colcon.colcon_core.verb:set package 'dffw' build argument 'cmake_target_skip_unavailable' from command line to 'False'
[1.273s] Level 5:colcon.colcon_core.verb:set package 'dffw' build argument 'cmake_clean_cache' from command line to 'False'
[1.273s] Level 5:colcon.colcon_core.verb:set package 'dffw' build argument 'cmake_clean_first' from command line to 'False'
[1.273s] Level 5:colcon.colcon_core.verb:set package 'dffw' build argument 'cmake_force_configure' from command line to 'False'
[1.273s] Level 5:colcon.colcon_core.verb:set package 'dffw' build argument 'ament_cmake_args' from command line to 'None'
[1.273s] Level 5:colcon.colcon_core.verb:set package 'dffw' build argument 'catkin_cmake_args' from command line to 'None'
[1.273s] Level 5:colcon.colcon_core.verb:set package 'dffw' build argument 'catkin_skip_building_tests' from command line to 'False'
[1.273s] DEBUG:colcon.colcon_core.verb:Building package 'dffw' with the following arguments: {'ament_cmake_args': None, 'build_base': '/workspace/ros2_ws/build/dffw', 'catkin_cmake_args': None, 'catkin_skip_building_tests': False, 'cmake_args': None, 'cmake_clean_cache': False, 'cmake_clean_first': False, 'cmake_force_configure': False, 'cmake_target': None, 'cmake_target_skip_unavailable': False, 'install_base': '/workspace/ros2_ws/install/dffw', 'merge_install': False, 'path': '/workspace/ros2_ws/src/dffw', 'symlink_install': False, 'test_result_base': None}
[1.276s] INFO:colcon.colcon_core.executor:Executing jobs using 'parallel' executor
[1.295s] DEBUG:colcon.colcon_parallel_executor.executor.parallel:run_until_complete
[1.295s] INFO:colcon.colcon_ros.task.ament_cmake.build:Building ROS package in '/workspace/ros2_ws/src/dffw_msgs' with build type 'ament_cmake'
[1.296s] INFO:colcon.colcon_cmake.task.cmake.build:Building CMake package in '/workspace/ros2_ws/src/dffw_msgs'
[1.313s] INFO:colcon.colcon_core.plugin_system:Skipping extension 'colcon_core.shell.bat': Not used on non-Windows systems
[1.314s] INFO:colcon.colcon_core.shell:Skip shell extension 'powershell' for command environment: Not usable outside of PowerShell
[1.314s] DEBUG:colcon.colcon_core.shell:Skip shell extension 'dsv' for command environment
[1.342s] DEBUG:colcon.colcon_core.event_handler.log_command:Invoking command in '/workspace/ros2_ws/build/dffw_msgs': CMAKE_PREFIX_PATH=${CMAKE_PREFIX_PATH}:/opt/ros/humble /usr/local/bin/cmake --build /workspace/ros2_ws/build/dffw_msgs -- -j4 -l4
[1.957s] DEBUG:colcon.colcon_core.event_handler.log_command:Invoked command in '/workspace/ros2_ws/build/dffw_msgs' returned '0': CMAKE_PREFIX_PATH=${CMAKE_PREFIX_PATH}:/opt/ros/humble /usr/local/bin/cmake --build /workspace/ros2_ws/build/dffw_msgs -- -j4 -l4
[2.123s] DEBUG:colcon.colcon_core.event_handler.log_command:Invoking command in '/workspace/ros2_ws/build/dffw_msgs': CMAKE_PREFIX_PATH=${CMAKE_PREFIX_PATH}:/opt/ros/humble /usr/local/bin/cmake --install /workspace/ros2_ws/build/dffw_msgs
[2.226s] Level 1:colcon.colcon_core.environment:create_environment_scripts_only(dffw_msgs)
[2.229s] DEBUG:colcon.colcon_core.event_handler.log_command:Invoked command in '/workspace/ros2_ws/build/dffw_msgs' returned '0': CMAKE_PREFIX_PATH=${CMAKE_PREFIX_PATH}:/opt/ros/humble /usr/local/bin/cmake --install /workspace/ros2_ws/build/dffw_msgs
[2.243s] Level 1:colcon.colcon_core.environment:checking '/workspace/ros2_ws/install/dffw_msgs' for CMake module files
[2.244s] Level 1:colcon.colcon_core.environment:checking '/workspace/ros2_ws/install/dffw_msgs' for CMake config files
[2.245s] Level 1:colcon.colcon_core.shell:create_environment_hook('dffw_msgs', 'cmake_prefix_path')
[2.254s] INFO:colcon.colcon_core.shell:Creating environment hook '/workspace/ros2_ws/install/dffw_msgs/share/dffw_msgs/hook/cmake_prefix_path.ps1'
[2.255s] INFO:colcon.colcon_core.shell:Creating environment descriptor '/workspace/ros2_ws/install/dffw_msgs/share/dffw_msgs/hook/cmake_prefix_path.dsv'
[2.256s] INFO:colcon.colcon_core.shell:Creating environment hook '/workspace/ros2_ws/install/dffw_msgs/share/dffw_msgs/hook/cmake_prefix_path.sh'
[2.257s] Level 1:colcon.colcon_core.environment:checking '/workspace/ros2_ws/install/dffw_msgs/lib'
[2.257s] Level 1:colcon.colcon_core.shell:create_environment_hook('dffw_msgs', 'ld_library_path_lib')
[2.267s] INFO:colcon.colcon_core.shell:Creating environment hook '/workspace/ros2_ws/install/dffw_msgs/share/dffw_msgs/hook/ld_library_path_lib.ps1'
[2.268s] INFO:colcon.colcon_core.shell:Creating environment descriptor '/workspace/ros2_ws/install/dffw_msgs/share/dffw_msgs/hook/ld_library_path_lib.dsv'
[2.268s] INFO:colcon.colcon_core.shell:Creating environment hook '/workspace/ros2_ws/install/dffw_msgs/share/dffw_msgs/hook/ld_library_path_lib.sh'
[2.269s] Level 1:colcon.colcon_core.environment:checking '/workspace/ros2_ws/install/dffw_msgs/bin'
[2.269s] Level 1:colcon.colcon_core.environment:checking '/workspace/ros2_ws/install/dffw_msgs/lib/pkgconfig/dffw_msgs.pc'
[2.269s] Level 1:colcon.colcon_core.environment:checking '/workspace/ros2_ws/install/dffw_msgs/lib/python3.10/site-packages'
[2.269s] Level 1:colcon.colcon_core.environment:checking '/workspace/ros2_ws/install/dffw_msgs/bin'
[2.278s] INFO:colcon.colcon_core.shell:Creating package script '/workspace/ros2_ws/install/dffw_msgs/share/dffw_msgs/package.ps1'
[2.279s] INFO:colcon.colcon_core.shell:Creating package descriptor '/workspace/ros2_ws/install/dffw_msgs/share/dffw_msgs/package.dsv'
[2.280s] INFO:colcon.colcon_core.shell:Creating package script '/workspace/ros2_ws/install/dffw_msgs/share/dffw_msgs/package.sh'
[2.280s] INFO:colcon.colcon_core.shell:Creating package script '/workspace/ros2_ws/install/dffw_msgs/share/dffw_msgs/package.bash'
[2.282s] INFO:colcon.colcon_core.shell:Creating package script '/workspace/ros2_ws/install/dffw_msgs/share/dffw_msgs/package.zsh'
[2.283s] Level 1:colcon.colcon_core.environment:create_file_with_runtime_dependencies(/workspace/ros2_ws/install/dffw_msgs/share/colcon-core/packages/dffw_msgs)
[2.414s] Level 1:colcon.colcon_core.environment:create_environment_scripts_only(dffw_msgs)
[2.424s] Level 1:colcon.colcon_core.environment:checking '/workspace/ros2_ws/install/dffw_msgs' for CMake module files
[2.425s] Level 1:colcon.colcon_core.environment:checking '/workspace/ros2_ws/install/dffw_msgs' for CMake config files
[2.426s] Level 1:colcon.colcon_core.shell:create_environment_hook('dffw_msgs', 'cmake_prefix_path')
[2.434s] INFO:colcon.colcon_core.shell:Creating environment hook '/workspace/ros2_ws/install/dffw_msgs/share/dffw_msgs/hook/cmake_prefix_path.ps1'
[2.435s] INFO:colcon.colcon_core.shell:Creating environment descriptor '/workspace/ros2_ws/install/dffw_msgs/share/dffw_msgs/hook/cmake_prefix_path.dsv'
[2.435s] INFO:colcon.colcon_core.shell:Creating environment hook '/workspace/ros2_ws/install/dffw_msgs/share/dffw_msgs/hook/cmake_prefix_path.sh'
[2.436s] Level 1:colcon.colcon_core.environment:checking '/workspace/ros2_ws/install/dffw_msgs/lib'
[2.436s] Level 1:colcon.colcon_core.shell:create_environment_hook('dffw_msgs', 'ld_library_path_lib')
[2.445s] INFO:colcon.colcon_core.shell:Creating environment hook '/workspace/ros2_ws/install/dffw_msgs/share/dffw_msgs/hook/ld_library_path_lib.ps1'
[2.445s] INFO:colcon.colcon_core.shell:Creating environment descriptor '/workspace/ros2_ws/install/dffw_msgs/share/dffw_msgs/hook/ld_library_path_lib.dsv'
[2.446s] INFO:colcon.colcon_core.shell:Creating environment hook '/workspace/ros2_ws/install/dffw_msgs/share/dffw_msgs/hook/ld_library_path_lib.sh'
[2.446s] Level 1:colcon.colcon_core.environment:checking '/workspace/ros2_ws/install/dffw_msgs/bin'
[2.446s] Level 1:colcon.colcon_core.environment:checking '/workspace/ros2_ws/install/dffw_msgs/lib/pkgconfig/dffw_msgs.pc'
[2.446s] Level 1:colcon.colcon_core.environment:checking '/workspace/ros2_ws/install/dffw_msgs/lib/python3.10/site-packages'
[2.447s] Level 1:colcon.colcon_core.environment:checking '/workspace/ros2_ws/install/dffw_msgs/bin'
[2.455s] INFO:colcon.colcon_core.shell:Creating package script '/workspace/ros2_ws/install/dffw_msgs/share/dffw_msgs/package.ps1'
[2.456s] INFO:colcon.colcon_core.shell:Creating package descriptor '/workspace/ros2_ws/install/dffw_msgs/share/dffw_msgs/package.dsv'
[2.457s] INFO:colcon.colcon_core.shell:Creating package script '/workspace/ros2_ws/install/dffw_msgs/share/dffw_msgs/package.sh'
[2.457s] INFO:colcon.colcon_core.shell:Creating package script '/workspace/ros2_ws/install/dffw_msgs/share/dffw_msgs/package.bash'
[2.457s] INFO:colcon.colcon_core.shell:Creating package script '/workspace/ros2_ws/install/dffw_msgs/share/dffw_msgs/package.zsh'
[2.458s] Level 1:colcon.colcon_core.environment:create_file_with_runtime_dependencies(/workspace/ros2_ws/install/dffw_msgs/share/colcon-core/packages/dffw_msgs)
[2.459s] INFO:colcon.colcon_ros.task.ament_cmake.build:Building ROS package in '/workspace/ros2_ws/src/dffw' with build type 'ament_cmake'
[2.459s] INFO:colcon.colcon_cmake.task.cmake.build:Building CMake package in '/workspace/ros2_ws/src/dffw'
[2.468s] INFO:colcon.colcon_core.shell:Skip shell extension 'powershell' for command environment: Not usable outside of PowerShell
[2.468s] DEBUG:colcon.colcon_core.shell:Skip shell extension 'dsv' for command environment
[2.513s] DEBUG:colcon.colcon_core.event_handler.log_command:Invoking command in '/workspace/ros2_ws/build/dffw': CMAKE_PREFIX_PATH=/workspace/ros2_ws/install/dffw_msgs:/workspace/ros2_ws/install/dffw:/opt/ros/humble /usr/local/bin/cmake --build /workspace/ros2_ws/build/dffw -- -j4 -l4
[2.942s] DEBUG:colcon.colcon_core.event_handler.log_command:Invoked command in '/workspace/ros2_ws/build/dffw' returned '0': CMAKE_PREFIX_PATH=/workspace/ros2_ws/install/dffw_msgs:/workspace/ros2_ws/install/dffw:/opt/ros/humble /usr/local/bin/cmake --build /workspace/ros2_ws/build/dffw -- -j4 -l4
[2.996s] DEBUG:colcon.colcon_core.event_handler.log_command:Invoking command in '/workspace/ros2_ws/build/dffw': CMAKE_PREFIX_PATH=/workspace/ros2_ws/install/dffw_msgs:/workspace/ros2_ws/install/dffw:/opt/ros/humble /usr/local/bin/cmake --install /workspace/ros2_ws/build/dffw
[3.086s] Level 1:colcon.colcon_core.environment:create_environment_scripts_only(dffw)
[3.096s] Level 1:colcon.colcon_core.environment:checking '/workspace/ros2_ws/install/dffw' for CMake module files
[3.096s] DEBUG:colcon.colcon_core.event_handler.log_command:Invoked command in '/workspace/ros2_ws/build/dffw' returned '0': CMAKE_PREFIX_PATH=/workspace/ros2_ws/install/dffw_msgs:/workspace/ros2_ws/install/dffw:/opt/ros/humble /usr/local/bin/cmake --install /workspace/ros2_ws/build/dffw
[3.097s] Level 1:colcon.colcon_core.environment:checking '/workspace/ros2_ws/install/dffw' for CMake config files
[3.098s] Level 1:colcon.colcon_core.shell:create_environment_hook('dffw', 'cmake_prefix_path')
[3.106s] INFO:colcon.colcon_core.shell:Creating environment hook '/workspace/ros2_ws/install/dffw/share/dffw/hook/cmake_prefix_path.ps1'
[3.106s] INFO:colcon.colcon_core.shell:Creating environment descriptor '/workspace/ros2_ws/install/dffw/share/dffw/hook/cmake_prefix_path.dsv'
[3.107s] INFO:colcon.colcon_core.shell:Creating environment hook '/workspace/ros2_ws/install/dffw/share/dffw/hook/cmake_prefix_path.sh'
[3.107s] Level 1:colcon.colcon_core.environment:checking '/workspace/ros2_ws/install/dffw/lib'
[3.107s] Level 1:colcon.colcon_core.environment:checking '/workspace/ros2_ws/install/dffw/bin'
[3.108s] Level 1:colcon.colcon_core.environment:checking '/workspace/ros2_ws/install/dffw/lib/pkgconfig/dffw.pc'
[3.108s] Level 1:colcon.colcon_core.environment:checking '/workspace/ros2_ws/install/dffw/lib/python3.10/site-packages'
[3.108s] Level 1:colcon.colcon_core.environment:checking '/workspace/ros2_ws/install/dffw/bin'
[3.116s] INFO:colcon.colcon_core.shell:Creating package script '/workspace/ros2_ws/install/dffw/share/dffw/package.ps1'
[3.117s] INFO:colcon.colcon_core.shell:Creating package descriptor '/workspace/ros2_ws/install/dffw/share/dffw/package.dsv'
[3.117s] INFO:colcon.colcon_core.shell:Creating package script '/workspace/ros2_ws/install/dffw/share/dffw/package.sh'
[3.118s] INFO:colcon.colcon_core.shell:Creating package script '/workspace/ros2_ws/install/dffw/share/dffw/package.bash'
[3.118s] INFO:colcon.colcon_core.shell:Creating package script '/workspace/ros2_ws/install/dffw/share/dffw/package.zsh'
[3.118s] Level 1:colcon.colcon_core.environment:create_file_with_runtime_dependencies(/workspace/ros2_ws/install/dffw/share/colcon-core/packages/dffw)
[3.178s] Level 1:colcon.colcon_core.environment:create_environment_scripts_only(dffw)
[3.188s] Level 1:colcon.colcon_core.environment:checking '/workspace/ros2_ws/install/dffw' for CMake module files
[3.189s] Level 1:colcon.colcon_core.environment:checking '/workspace/ros2_ws/install/dffw' for CMake config files
[3.189s] Level 1:colcon.colcon_core.shell:create_environment_hook('dffw', 'cmake_prefix_path')
[3.198s] INFO:colcon.colcon_core.shell:Creating environment hook '/workspace/ros2_ws/install/dffw/share/dffw/hook/cmake_prefix_path.ps1'
[3.199s] INFO:colcon.colcon_core.shell:Creating environment descriptor '/workspace/ros2_ws/install/dffw/share/dffw/hook/cmake_prefix_path.dsv'
[3.199s] INFO:colcon.colcon_core.shell:Creating environment hook '/workspace/ros2_ws/install/dffw/share/dffw/hook/cmake_prefix_path.sh'
[3.200s] Level 1:colcon.colcon_core.environment:checking '/workspace/ros2_ws/install/dffw/lib'
[3.200s] Level 1:colcon.colcon_core.environment:checking '/workspace/ros2_ws/install/dffw/bin'
[3.200s] Level 1:colcon.colcon_core.environment:checking '/workspace/ros2_ws/install/dffw/lib/pkgconfig/dffw.pc'
[3.200s] Level 1:colcon.colcon_core.environment:checking '/workspace/ros2_ws/install/dffw/lib/python3.10/site-packages'
[3.200s] Level 1:colcon.colcon_core.environment:checking '/workspace/ros2_ws/install/dffw/bin'
[3.209s] INFO:colcon.colcon_core.shell:Creating package script '/workspace/ros2_ws/install/dffw/share/dffw/package.ps1'
[3.210s] INFO:colcon.colcon_core.shell:Creating package descriptor '/workspace/ros2_ws/install/dffw/share/dffw/package.dsv'
[3.210s] INFO:colcon.colcon_core.shell:Creating package script '/workspace/ros2_ws/install/dffw/share/dffw/package.sh'
[3.211s] INFO:colcon.colcon_core.shell:Creating package script '/workspace/ros2_ws/install/dffw/share/dffw/package.bash'
[3.211s] INFO:colcon.colcon_core.shell:Creating package script '/workspace/ros2_ws/install/dffw/share/dffw/package.zsh'
[3.211s] Level 1:colcon.colcon_core.environment:create_file_with_runtime_dependencies(/workspace/ros2_ws/install/dffw/share/colcon-core/packages/dffw)
[3.212s] DEBUG:colcon.colcon_parallel_executor.executor.parallel:closing loop
[3.212s] DEBUG:colcon.colcon_parallel_executor.executor.parallel:loop closed
[3.212s] DEBUG:colcon.colcon_parallel_executor.executor.parallel:run_until_complete finished with '0'
[3.212s] DEBUG:colcon.colcon_core.event_reactor:joining thread
[3.236s] INFO:colcon.colcon_core.plugin_system:Skipping extension 'colcon_notification.desktop_notification.notify_send': Could not find 'notify-send'
[3.236s] INFO:colcon.colcon_core.plugin_system:Skipping extension 'colcon_notification.desktop_notification.terminal_notifier': Not used on non-Darwin systems
[3.236s] INFO:colcon.colcon_core.plugin_system:Skipping extension 'colcon_notification.desktop_notification.win32': Not used on non-Windows systems
[3.236s] INFO:colcon.colcon_notification.desktop_notification:Sending desktop notification using 'notify2'
[3.236s] DEBUG:colcon.colcon_notification.desktop_notification.notify2:Failed to initialize notify2: org.freedesktop.DBus.Error.NotSupported: Unable to autolaunch a dbus-daemon without a $DISPLAY for X11
[3.237s] DEBUG:colcon.colcon_core.event_reactor:joined thread
[3.245s] INFO:colcon.colcon_core.shell:Creating prefix script '/workspace/ros2_ws/install/local_setup.ps1'
[3.247s] INFO:colcon.colcon_core.shell:Creating prefix util module '/workspace/ros2_ws/install/_local_setup_util_ps1.py'
[3.248s] INFO:colcon.colcon_core.shell:Creating prefix chain script '/workspace/ros2_ws/install/setup.ps1'
[3.258s] INFO:colcon.colcon_core.shell:Creating prefix script '/workspace/ros2_ws/install/local_setup.sh'
[3.259s] INFO:colcon.colcon_core.shell:Creating prefix util module '/workspace/ros2_ws/install/_local_setup_util_sh.py'
[3.259s] INFO:colcon.colcon_core.shell:Creating prefix chain script '/workspace/ros2_ws/install/setup.sh'
[3.268s] INFO:colcon.colcon_core.shell:Creating prefix script '/workspace/ros2_ws/install/local_setup.bash'
[3.269s] INFO:colcon.colcon_core.shell:Creating prefix chain script '/workspace/ros2_ws/install/setup.bash'
[3.276s] INFO:colcon.colcon_core.shell:Creating prefix script '/workspace/ros2_ws/install/local_setup.zsh'
[3.277s] INFO:colcon.colcon_core.shell:Creating prefix chain script '/workspace/ros2_ws/install/setup.zsh'
