[0.055s] Invoking command in '/workspace/ros2_ws/build/dffw_msgs': CMAKE_PREFIX_PATH=${CMAKE_PREFIX_PATH}:/opt/ros/humble /usr/local/bin/cmake --build /workspace/ros2_ws/build/dffw_msgs -- -j4 -l4
[0.159s] [  2%] Built target dffw_msgs__cpp
[0.161s] [ 12%] Built target dffw_msgs__rosidl_generator_c
[0.164s] [ 12%] Built target ament_cmake_python_copy_dffw_msgs
[0.176s] [ 23%] Built target dffw_msgs__rosidl_typesupport_introspection_cpp
[0.178s] [ 34%] Built target dffw_msgs__rosidl_typesupport_cpp
[0.182s] [ 46%] Built target dffw_msgs__rosidl_typesupport_fastrtps_c
[0.182s] [ 55%] Built target dffw_msgs__rosidl_typesupport_fastrtps_cpp
[0.187s] [ 65%] Built target dffw_msgs__rosidl_typesupport_introspection_c
[0.190s] [ 76%] Built target dffw_msgs__rosidl_typesupport_c
[0.214s] [ 76%] Built target dffw_msgs
[0.222s] [ 78%] Built target dffw_msgs__py
[0.241s] [ 87%] Built target dffw_msgs__rosidl_generator_py
[0.275s] [ 91%] Built target dffw_msgs__rosidl_typesupport_fastrtps_c__pyext
[0.281s] [ 95%] Built target dffw_msgs__rosidl_typesupport_introspection_c__pyext
[0.286s] [100%] Built target dffw_msgs__rosidl_typesupport_c__pyext
[0.447s] running egg_info
[0.465s] writing dffw_msgs.egg-info/PKG-INFO
[0.465s] writing dependency_links to dffw_msgs.egg-info/dependency_links.txt
[0.466s] writing top-level names to dffw_msgs.egg-info/top_level.txt
[0.523s] reading manifest file 'dffw_msgs.egg-info/SOURCES.txt'
[0.524s] writing manifest file 'dffw_msgs.egg-info/SOURCES.txt'
[0.556s] [100%] Built target ament_cmake_python_build_dffw_msgs_egg
[0.566s] Invoked command in '/workspace/ros2_ws/build/dffw_msgs' returned '0': CMAKE_PREFIX_PATH=${CMAKE_PREFIX_PATH}:/opt/ros/humble /usr/local/bin/cmake --build /workspace/ros2_ws/build/dffw_msgs -- -j4 -l4
[0.729s] Invoking command in '/workspace/ros2_ws/build/dffw_msgs': CMAKE_PREFIX_PATH=${CMAKE_PREFIX_PATH}:/opt/ros/humble /usr/local/bin/cmake --install /workspace/ros2_ws/build/dffw_msgs
[0.761s] -- Install configuration: ""
[0.762s] -- Up-to-date: /workspace/ros2_ws/install/dffw_msgs/share/ament_index/resource_index/rosidl_interfaces/dffw_msgs
[0.762s] -- Up-to-date: /workspace/ros2_ws/install/dffw_msgs/include/dffw_msgs/dffw_msgs
[0.762s] -- Up-to-date: /workspace/ros2_ws/install/dffw_msgs/include/dffw_msgs/dffw_msgs/msg
[0.762s] -- Up-to-date: /workspace/ros2_ws/install/dffw_msgs/include/dffw_msgs/dffw_msgs/msg/rosidl_generator_c__visibility_control.h
[0.762s] -- Up-to-date: /workspace/ros2_ws/install/dffw_msgs/include/dffw_msgs/dffw_msgs/msg/inferance_forward.h
[0.762s] -- Up-to-date: /workspace/ros2_ws/install/dffw_msgs/include/dffw_msgs/dffw_msgs/msg/detail
[0.762s] -- Up-to-date: /workspace/ros2_ws/install/dffw_msgs/include/dffw_msgs/dffw_msgs/msg/detail/pytorch_tensor_float32__functions.h
[0.763s] -- Up-to-date: /workspace/ros2_ws/install/dffw_msgs/include/dffw_msgs/dffw_msgs/msg/detail/train_forward__functions.c
[0.763s] -- Up-to-date: /workspace/ros2_ws/install/dffw_msgs/include/dffw_msgs/dffw_msgs/msg/detail/inferance_forward__type_support.h
[0.763s] -- Up-to-date: /workspace/ros2_ws/install/dffw_msgs/include/dffw_msgs/dffw_msgs/msg/detail/inferance_forward__functions.c
[0.763s] -- Up-to-date: /workspace/ros2_ws/install/dffw_msgs/include/dffw_msgs/dffw_msgs/msg/detail/train_forward__struct.h
[0.763s] -- Up-to-date: /workspace/ros2_ws/install/dffw_msgs/include/dffw_msgs/dffw_msgs/msg/detail/train_forward__type_support.h
[0.763s] -- Up-to-date: /workspace/ros2_ws/install/dffw_msgs/include/dffw_msgs/dffw_msgs/msg/detail/pytorch_tensor_float32__struct.h
[0.763s] -- Up-to-date: /workspace/ros2_ws/install/dffw_msgs/include/dffw_msgs/dffw_msgs/msg/detail/pytorch_tensor_float32__type_support.h
[0.763s] -- Up-to-date: /workspace/ros2_ws/install/dffw_msgs/include/dffw_msgs/dffw_msgs/msg/detail/inferance_forward__struct.h
[0.763s] -- Up-to-date: /workspace/ros2_ws/install/dffw_msgs/include/dffw_msgs/dffw_msgs/msg/detail/train_forward__functions.h
[0.764s] -- Up-to-date: /workspace/ros2_ws/install/dffw_msgs/include/dffw_msgs/dffw_msgs/msg/detail/inferance_forward__functions.h
[0.764s] -- Up-to-date: /workspace/ros2_ws/install/dffw_msgs/include/dffw_msgs/dffw_msgs/msg/detail/pytorch_tensor_float32__functions.c
[0.764s] -- Up-to-date: /workspace/ros2_ws/install/dffw_msgs/include/dffw_msgs/dffw_msgs/msg/train_forward.h
[0.764s] -- Up-to-date: /workspace/ros2_ws/install/dffw_msgs/include/dffw_msgs/dffw_msgs/msg/pytorch_tensor_float32.h
[0.764s] -- Up-to-date: /workspace/ros2_ws/install/dffw_msgs/share/dffw_msgs/environment/library_path.sh
[0.764s] -- Up-to-date: /workspace/ros2_ws/install/dffw_msgs/share/dffw_msgs/environment/library_path.dsv
[0.764s] -- Up-to-date: /workspace/ros2_ws/install/dffw_msgs/lib/libdffw_msgs__rosidl_generator_c.so
[0.764s] -- Up-to-date: /workspace/ros2_ws/install/dffw_msgs/include/dffw_msgs/dffw_msgs
[0.764s] -- Up-to-date: /workspace/ros2_ws/install/dffw_msgs/include/dffw_msgs/dffw_msgs/msg
[0.765s] -- Up-to-date: /workspace/ros2_ws/install/dffw_msgs/include/dffw_msgs/dffw_msgs/msg/rosidl_typesupport_fastrtps_c__visibility_control.h
[0.765s] -- Up-to-date: /workspace/ros2_ws/install/dffw_msgs/include/dffw_msgs/dffw_msgs/msg/detail
[0.765s] -- Up-to-date: /workspace/ros2_ws/install/dffw_msgs/include/dffw_msgs/dffw_msgs/msg/detail/pytorch_tensor_float32__rosidl_typesupport_fastrtps_c.h
[0.765s] -- Up-to-date: /workspace/ros2_ws/install/dffw_msgs/include/dffw_msgs/dffw_msgs/msg/detail/inferance_forward__rosidl_typesupport_fastrtps_c.h
[0.765s] -- Up-to-date: /workspace/ros2_ws/install/dffw_msgs/include/dffw_msgs/dffw_msgs/msg/detail/train_forward__rosidl_typesupport_fastrtps_c.h
[0.765s] -- Up-to-date: /workspace/ros2_ws/install/dffw_msgs/lib/libdffw_msgs__rosidl_typesupport_fastrtps_c.so
[0.765s] -- Up-to-date: /workspace/ros2_ws/install/dffw_msgs/include/dffw_msgs/dffw_msgs
[0.765s] -- Up-to-date: /workspace/ros2_ws/install/dffw_msgs/include/dffw_msgs/dffw_msgs/msg
[0.766s] -- Up-to-date: /workspace/ros2_ws/install/dffw_msgs/include/dffw_msgs/dffw_msgs/msg/rosidl_typesupport_introspection_c__visibility_control.h
[0.766s] -- Up-to-date: /workspace/ros2_ws/install/dffw_msgs/include/dffw_msgs/dffw_msgs/msg/detail
[0.766s] -- Up-to-date: /workspace/ros2_ws/install/dffw_msgs/include/dffw_msgs/dffw_msgs/msg/detail/train_forward__type_support.c
[0.766s] -- Up-to-date: /workspace/ros2_ws/install/dffw_msgs/include/dffw_msgs/dffw_msgs/msg/detail/pytorch_tensor_float32__rosidl_typesupport_introspection_c.h
[0.766s] -- Up-to-date: /workspace/ros2_ws/install/dffw_msgs/include/dffw_msgs/dffw_msgs/msg/detail/inferance_forward__rosidl_typesupport_introspection_c.h
[0.766s] -- Up-to-date: /workspace/ros2_ws/install/dffw_msgs/include/dffw_msgs/dffw_msgs/msg/detail/inferance_forward__type_support.c
[0.766s] -- Up-to-date: /workspace/ros2_ws/install/dffw_msgs/include/dffw_msgs/dffw_msgs/msg/detail/pytorch_tensor_float32__type_support.c
[0.767s] -- Up-to-date: /workspace/ros2_ws/install/dffw_msgs/include/dffw_msgs/dffw_msgs/msg/detail/train_forward__rosidl_typesupport_introspection_c.h
[0.767s] -- Up-to-date: /workspace/ros2_ws/install/dffw_msgs/lib/libdffw_msgs__rosidl_typesupport_introspection_c.so
[0.767s] -- Up-to-date: /workspace/ros2_ws/install/dffw_msgs/lib/libdffw_msgs__rosidl_typesupport_c.so
[0.767s] -- Up-to-date: /workspace/ros2_ws/install/dffw_msgs/include/dffw_msgs/dffw_msgs
[0.767s] -- Up-to-date: /workspace/ros2_ws/install/dffw_msgs/include/dffw_msgs/dffw_msgs/msg
[0.767s] -- Up-to-date: /workspace/ros2_ws/install/dffw_msgs/include/dffw_msgs/dffw_msgs/msg/pytorch_tensor_float32.hpp
[0.767s] -- Up-to-date: /workspace/ros2_ws/install/dffw_msgs/include/dffw_msgs/dffw_msgs/msg/inferance_forward.hpp
[0.767s] -- Up-to-date: /workspace/ros2_ws/install/dffw_msgs/include/dffw_msgs/dffw_msgs/msg/train_forward.hpp
[0.767s] -- Up-to-date: /workspace/ros2_ws/install/dffw_msgs/include/dffw_msgs/dffw_msgs/msg/detail
[0.768s] -- Up-to-date: /workspace/ros2_ws/install/dffw_msgs/include/dffw_msgs/dffw_msgs/msg/detail/inferance_forward__traits.hpp
[0.768s] -- Up-to-date: /workspace/ros2_ws/install/dffw_msgs/include/dffw_msgs/dffw_msgs/msg/detail/inferance_forward__struct.hpp
[0.768s] -- Up-to-date: /workspace/ros2_ws/install/dffw_msgs/include/dffw_msgs/dffw_msgs/msg/detail/train_forward__traits.hpp
[0.768s] -- Up-to-date: /workspace/ros2_ws/install/dffw_msgs/include/dffw_msgs/dffw_msgs/msg/detail/pytorch_tensor_float32__builder.hpp
[0.768s] -- Up-to-date: /workspace/ros2_ws/install/dffw_msgs/include/dffw_msgs/dffw_msgs/msg/detail/pytorch_tensor_float32__traits.hpp
[0.768s] -- Up-to-date: /workspace/ros2_ws/install/dffw_msgs/include/dffw_msgs/dffw_msgs/msg/detail/train_forward__builder.hpp
[0.768s] -- Up-to-date: /workspace/ros2_ws/install/dffw_msgs/include/dffw_msgs/dffw_msgs/msg/detail/pytorch_tensor_float32__struct.hpp
[0.768s] -- Up-to-date: /workspace/ros2_ws/install/dffw_msgs/include/dffw_msgs/dffw_msgs/msg/detail/train_forward__struct.hpp
[0.768s] -- Up-to-date: /workspace/ros2_ws/install/dffw_msgs/include/dffw_msgs/dffw_msgs/msg/detail/inferance_forward__builder.hpp
[0.769s] -- Up-to-date: /workspace/ros2_ws/install/dffw_msgs/include/dffw_msgs/dffw_msgs
[0.769s] -- Up-to-date: /workspace/ros2_ws/install/dffw_msgs/include/dffw_msgs/dffw_msgs/msg
[0.769s] -- Up-to-date: /workspace/ros2_ws/install/dffw_msgs/include/dffw_msgs/dffw_msgs/msg/detail
[0.769s] -- Up-to-date: /workspace/ros2_ws/install/dffw_msgs/include/dffw_msgs/dffw_msgs/msg/detail/inferance_forward__rosidl_typesupport_fastrtps_cpp.hpp
[0.769s] -- Up-to-date: /workspace/ros2_ws/install/dffw_msgs/include/dffw_msgs/dffw_msgs/msg/detail/train_forward__rosidl_typesupport_fastrtps_cpp.hpp
[0.769s] -- Up-to-date: /workspace/ros2_ws/install/dffw_msgs/include/dffw_msgs/dffw_msgs/msg/detail/pytorch_tensor_float32__rosidl_typesupport_fastrtps_cpp.hpp
[0.769s] -- Up-to-date: /workspace/ros2_ws/install/dffw_msgs/include/dffw_msgs/dffw_msgs/msg/detail/dds_fastrtps
[0.769s] -- Up-to-date: /workspace/ros2_ws/install/dffw_msgs/include/dffw_msgs/dffw_msgs/msg/rosidl_typesupport_fastrtps_cpp__visibility_control.h
[0.769s] -- Up-to-date: /workspace/ros2_ws/install/dffw_msgs/lib/libdffw_msgs__rosidl_typesupport_fastrtps_cpp.so
[0.770s] -- Up-to-date: /workspace/ros2_ws/install/dffw_msgs/include/dffw_msgs/dffw_msgs
[0.770s] -- Up-to-date: /workspace/ros2_ws/install/dffw_msgs/include/dffw_msgs/dffw_msgs/msg
[0.770s] -- Up-to-date: /workspace/ros2_ws/install/dffw_msgs/include/dffw_msgs/dffw_msgs/msg/detail
[0.770s] -- Up-to-date: /workspace/ros2_ws/install/dffw_msgs/include/dffw_msgs/dffw_msgs/msg/detail/train_forward__type_support.cpp
[0.770s] -- Up-to-date: /workspace/ros2_ws/install/dffw_msgs/include/dffw_msgs/dffw_msgs/msg/detail/inferance_forward__type_support.cpp
[0.770s] -- Up-to-date: /workspace/ros2_ws/install/dffw_msgs/include/dffw_msgs/dffw_msgs/msg/detail/inferance_forward__rosidl_typesupport_introspection_cpp.hpp
[0.770s] -- Up-to-date: /workspace/ros2_ws/install/dffw_msgs/include/dffw_msgs/dffw_msgs/msg/detail/pytorch_tensor_float32__rosidl_typesupport_introspection_cpp.hpp
[0.770s] -- Up-to-date: /workspace/ros2_ws/install/dffw_msgs/include/dffw_msgs/dffw_msgs/msg/detail/pytorch_tensor_float32__type_support.cpp
[0.770s] -- Up-to-date: /workspace/ros2_ws/install/dffw_msgs/include/dffw_msgs/dffw_msgs/msg/detail/train_forward__rosidl_typesupport_introspection_cpp.hpp
[0.770s] -- Up-to-date: /workspace/ros2_ws/install/dffw_msgs/lib/libdffw_msgs__rosidl_typesupport_introspection_cpp.so
[0.771s] -- Up-to-date: /workspace/ros2_ws/install/dffw_msgs/lib/libdffw_msgs__rosidl_typesupport_cpp.so
[0.771s] -- Up-to-date: /workspace/ros2_ws/install/dffw_msgs/share/dffw_msgs/environment/pythonpath.sh
[0.771s] -- Up-to-date: /workspace/ros2_ws/install/dffw_msgs/share/dffw_msgs/environment/pythonpath.dsv
[0.771s] -- Up-to-date: /workspace/ros2_ws/install/dffw_msgs/local/lib/python3.10/dist-packages/dffw_msgs-0.0.0-py3.10.egg-info
[0.771s] -- Installing: /workspace/ros2_ws/install/dffw_msgs/local/lib/python3.10/dist-packages/dffw_msgs-0.0.0-py3.10.egg-info/dependency_links.txt
[0.771s] -- Installing: /workspace/ros2_ws/install/dffw_msgs/local/lib/python3.10/dist-packages/dffw_msgs-0.0.0-py3.10.egg-info/top_level.txt
[0.771s] -- Installing: /workspace/ros2_ws/install/dffw_msgs/local/lib/python3.10/dist-packages/dffw_msgs-0.0.0-py3.10.egg-info/SOURCES.txt
[0.771s] -- Installing: /workspace/ros2_ws/install/dffw_msgs/local/lib/python3.10/dist-packages/dffw_msgs-0.0.0-py3.10.egg-info/PKG-INFO
[0.774s] -- Up-to-date: /workspace/ros2_ws/install/dffw_msgs/local/lib/python3.10/dist-packages/dffw_msgs
[0.774s] -- Up-to-date: /workspace/ros2_ws/install/dffw_msgs/local/lib/python3.10/dist-packages/dffw_msgs/_dffw_msgs_s.ep.rosidl_typesupport_c.c
[0.774s] -- Up-to-date: /workspace/ros2_ws/install/dffw_msgs/local/lib/python3.10/dist-packages/dffw_msgs/_dffw_msgs_s.ep.rosidl_typesupport_fastrtps_c.c
[0.774s] -- Up-to-date: /workspace/ros2_ws/install/dffw_msgs/local/lib/python3.10/dist-packages/dffw_msgs/msg
[0.774s] -- Up-to-date: /workspace/ros2_ws/install/dffw_msgs/local/lib/python3.10/dist-packages/dffw_msgs/msg/_train_forward_s.c
[0.774s] -- Up-to-date: /workspace/ros2_ws/install/dffw_msgs/local/lib/python3.10/dist-packages/dffw_msgs/msg/_pytorch_tensor_float32.py
[0.774s] -- Up-to-date: /workspace/ros2_ws/install/dffw_msgs/local/lib/python3.10/dist-packages/dffw_msgs/msg/_inferance_forward.py
[0.774s] -- Up-to-date: /workspace/ros2_ws/install/dffw_msgs/local/lib/python3.10/dist-packages/dffw_msgs/msg/_train_forward.py
[0.774s] -- Up-to-date: /workspace/ros2_ws/install/dffw_msgs/local/lib/python3.10/dist-packages/dffw_msgs/msg/__init__.py
[0.775s] -- Up-to-date: /workspace/ros2_ws/install/dffw_msgs/local/lib/python3.10/dist-packages/dffw_msgs/msg/_pytorch_tensor_float32_s.c
[0.775s] -- Up-to-date: /workspace/ros2_ws/install/dffw_msgs/local/lib/python3.10/dist-packages/dffw_msgs/msg/_inferance_forward_s.c
[0.775s] -- Up-to-date: /workspace/ros2_ws/install/dffw_msgs/local/lib/python3.10/dist-packages/dffw_msgs/__init__.py
[0.775s] -- Up-to-date: /workspace/ros2_ws/install/dffw_msgs/local/lib/python3.10/dist-packages/dffw_msgs/libdffw_msgs__rosidl_generator_py.so
[0.775s] -- Up-to-date: /workspace/ros2_ws/install/dffw_msgs/local/lib/python3.10/dist-packages/dffw_msgs/_dffw_msgs_s.ep.rosidl_typesupport_introspection_c.c
[0.775s] -- Up-to-date: /workspace/ros2_ws/install/dffw_msgs/local/lib/python3.10/dist-packages/dffw_msgs/dffw_msgs_s__rosidl_typesupport_fastrtps_c.cpython-310-x86_64-linux-gnu.so
[0.775s] -- Up-to-date: /workspace/ros2_ws/install/dffw_msgs/local/lib/python3.10/dist-packages/dffw_msgs/dffw_msgs_s__rosidl_typesupport_introspection_c.cpython-310-x86_64-linux-gnu.so
[0.775s] -- Up-to-date: /workspace/ros2_ws/install/dffw_msgs/local/lib/python3.10/dist-packages/dffw_msgs/dffw_msgs_s__rosidl_typesupport_c.cpython-310-x86_64-linux-gnu.so
[0.812s] Listing '/workspace/ros2_ws/install/dffw_msgs/local/lib/python3.10/dist-packages/dffw_msgs'...
[0.813s] Listing '/workspace/ros2_ws/install/dffw_msgs/local/lib/python3.10/dist-packages/dffw_msgs/msg'...
[0.817s] -- Up-to-date: /workspace/ros2_ws/install/dffw_msgs/local/lib/python3.10/dist-packages/dffw_msgs/dffw_msgs_s__rosidl_typesupport_fastrtps_c.cpython-310-x86_64-linux-gnu.so
[0.818s] -- Up-to-date: /workspace/ros2_ws/install/dffw_msgs/local/lib/python3.10/dist-packages/dffw_msgs/dffw_msgs_s__rosidl_typesupport_introspection_c.cpython-310-x86_64-linux-gnu.so
[0.818s] -- Up-to-date: /workspace/ros2_ws/install/dffw_msgs/local/lib/python3.10/dist-packages/dffw_msgs/dffw_msgs_s__rosidl_typesupport_c.cpython-310-x86_64-linux-gnu.so
[0.818s] -- Up-to-date: /workspace/ros2_ws/install/dffw_msgs/lib/libdffw_msgs__rosidl_generator_py.so
[0.819s] -- Up-to-date: /workspace/ros2_ws/install/dffw_msgs/share/dffw_msgs/msg/PytorchTensorFloat32.idl
[0.819s] -- Up-to-date: /workspace/ros2_ws/install/dffw_msgs/share/dffw_msgs/msg/TrainForward.idl
[0.819s] -- Up-to-date: /workspace/ros2_ws/install/dffw_msgs/share/dffw_msgs/msg/InferanceForward.idl
[0.819s] -- Up-to-date: /workspace/ros2_ws/install/dffw_msgs/share/dffw_msgs/msg/PytorchTensorFloat32.msg
[0.819s] -- Up-to-date: /workspace/ros2_ws/install/dffw_msgs/share/dffw_msgs/msg/TrainForward.msg
[0.819s] -- Up-to-date: /workspace/ros2_ws/install/dffw_msgs/share/dffw_msgs/msg/InferanceForward.msg
[0.820s] -- Up-to-date: /workspace/ros2_ws/install/dffw_msgs/share/ament_index/resource_index/package_run_dependencies/dffw_msgs
[0.820s] -- Up-to-date: /workspace/ros2_ws/install/dffw_msgs/share/ament_index/resource_index/parent_prefix_path/dffw_msgs
[0.820s] -- Up-to-date: /workspace/ros2_ws/install/dffw_msgs/share/dffw_msgs/environment/ament_prefix_path.sh
[0.820s] -- Up-to-date: /workspace/ros2_ws/install/dffw_msgs/share/dffw_msgs/environment/ament_prefix_path.dsv
[0.820s] -- Up-to-date: /workspace/ros2_ws/install/dffw_msgs/share/dffw_msgs/environment/path.sh
[0.820s] -- Up-to-date: /workspace/ros2_ws/install/dffw_msgs/share/dffw_msgs/environment/path.dsv
[0.820s] -- Up-to-date: /workspace/ros2_ws/install/dffw_msgs/share/dffw_msgs/local_setup.bash
[0.820s] -- Up-to-date: /workspace/ros2_ws/install/dffw_msgs/share/dffw_msgs/local_setup.sh
[0.821s] -- Up-to-date: /workspace/ros2_ws/install/dffw_msgs/share/dffw_msgs/local_setup.zsh
[0.821s] -- Up-to-date: /workspace/ros2_ws/install/dffw_msgs/share/dffw_msgs/local_setup.dsv
[0.821s] -- Installing: /workspace/ros2_ws/install/dffw_msgs/share/dffw_msgs/package.dsv
[0.821s] -- Up-to-date: /workspace/ros2_ws/install/dffw_msgs/share/ament_index/resource_index/packages/dffw_msgs
[0.821s] -- Up-to-date: /workspace/ros2_ws/install/dffw_msgs/share/dffw_msgs/cmake/export_dffw_msgs__rosidl_generator_cExport.cmake
[0.821s] -- Up-to-date: /workspace/ros2_ws/install/dffw_msgs/share/dffw_msgs/cmake/export_dffw_msgs__rosidl_generator_cExport-noconfig.cmake
[0.821s] -- Up-to-date: /workspace/ros2_ws/install/dffw_msgs/share/dffw_msgs/cmake/export_dffw_msgs__rosidl_typesupport_fastrtps_cExport.cmake
[0.821s] -- Up-to-date: /workspace/ros2_ws/install/dffw_msgs/share/dffw_msgs/cmake/export_dffw_msgs__rosidl_typesupport_fastrtps_cExport-noconfig.cmake
[0.822s] -- Up-to-date: /workspace/ros2_ws/install/dffw_msgs/share/dffw_msgs/cmake/dffw_msgs__rosidl_typesupport_introspection_cExport.cmake
[0.822s] -- Up-to-date: /workspace/ros2_ws/install/dffw_msgs/share/dffw_msgs/cmake/dffw_msgs__rosidl_typesupport_introspection_cExport-noconfig.cmake
[0.822s] -- Up-to-date: /workspace/ros2_ws/install/dffw_msgs/share/dffw_msgs/cmake/dffw_msgs__rosidl_typesupport_cExport.cmake
[0.822s] -- Up-to-date: /workspace/ros2_ws/install/dffw_msgs/share/dffw_msgs/cmake/dffw_msgs__rosidl_typesupport_cExport-noconfig.cmake
[0.822s] -- Up-to-date: /workspace/ros2_ws/install/dffw_msgs/share/dffw_msgs/cmake/export_dffw_msgs__rosidl_generator_cppExport.cmake
[0.822s] -- Up-to-date: /workspace/ros2_ws/install/dffw_msgs/share/dffw_msgs/cmake/export_dffw_msgs__rosidl_typesupport_fastrtps_cppExport.cmake
[0.822s] -- Up-to-date: /workspace/ros2_ws/install/dffw_msgs/share/dffw_msgs/cmake/export_dffw_msgs__rosidl_typesupport_fastrtps_cppExport-noconfig.cmake
[0.822s] -- Up-to-date: /workspace/ros2_ws/install/dffw_msgs/share/dffw_msgs/cmake/dffw_msgs__rosidl_typesupport_introspection_cppExport.cmake
[0.823s] -- Up-to-date: /workspace/ros2_ws/install/dffw_msgs/share/dffw_msgs/cmake/dffw_msgs__rosidl_typesupport_introspection_cppExport-noconfig.cmake
[0.823s] -- Up-to-date: /workspace/ros2_ws/install/dffw_msgs/share/dffw_msgs/cmake/dffw_msgs__rosidl_typesupport_cppExport.cmake
[0.823s] -- Up-to-date: /workspace/ros2_ws/install/dffw_msgs/share/dffw_msgs/cmake/dffw_msgs__rosidl_typesupport_cppExport-noconfig.cmake
[0.823s] -- Up-to-date: /workspace/ros2_ws/install/dffw_msgs/share/dffw_msgs/cmake/export_dffw_msgs__rosidl_generator_pyExport.cmake
[0.823s] -- Up-to-date: /workspace/ros2_ws/install/dffw_msgs/share/dffw_msgs/cmake/export_dffw_msgs__rosidl_generator_pyExport-noconfig.cmake
[0.823s] -- Up-to-date: /workspace/ros2_ws/install/dffw_msgs/share/dffw_msgs/cmake/rosidl_cmake-extras.cmake
[0.823s] -- Up-to-date: /workspace/ros2_ws/install/dffw_msgs/share/dffw_msgs/cmake/ament_cmake_export_include_directories-extras.cmake
[0.823s] -- Up-to-date: /workspace/ros2_ws/install/dffw_msgs/share/dffw_msgs/cmake/ament_cmake_export_libraries-extras.cmake
[0.823s] -- Up-to-date: /workspace/ros2_ws/install/dffw_msgs/share/dffw_msgs/cmake/ament_cmake_export_targets-extras.cmake
[0.823s] -- Up-to-date: /workspace/ros2_ws/install/dffw_msgs/share/dffw_msgs/cmake/rosidl_cmake_export_typesupport_targets-extras.cmake
[0.823s] -- Up-to-date: /workspace/ros2_ws/install/dffw_msgs/share/dffw_msgs/cmake/ament_cmake_export_dependencies-extras.cmake
[0.824s] -- Up-to-date: /workspace/ros2_ws/install/dffw_msgs/share/dffw_msgs/cmake/rosidl_cmake_export_typesupport_libraries-extras.cmake
[0.824s] -- Up-to-date: /workspace/ros2_ws/install/dffw_msgs/share/dffw_msgs/cmake/dffw_msgsConfig.cmake
[0.824s] -- Up-to-date: /workspace/ros2_ws/install/dffw_msgs/share/dffw_msgs/cmake/dffw_msgsConfig-version.cmake
[0.824s] -- Up-to-date: /workspace/ros2_ws/install/dffw_msgs/share/dffw_msgs/package.xml
[0.831s] Invoked command in '/workspace/ros2_ws/build/dffw_msgs' returned '0': CMAKE_PREFIX_PATH=${CMAKE_PREFIX_PATH}:/opt/ros/humble /usr/local/bin/cmake --install /workspace/ros2_ws/build/dffw_msgs
